<?xml version="1.0" encoding="utf-8"?>
<TestRun id="3c2987fd-6ce6-477b-9c10-57bbc8b5bdee" name="ivans@IVAN 2026-01-31 13:15:09" runUser="IVAN\ivans" xmlns="http://microsoft.com/schemas/VisualStudio/TeamTest/2010">
  <Times creation="2026-01-31T13:15:09.9931535+02:00" queuing="2026-01-31T13:15:09.9931539+02:00" start="2026-01-31T13:15:08.5385786+02:00" finish="2026-01-31T13:15:13.0507226+02:00" />
  <TestSettings name="default" id="1e469f47-8603-433e-b1bf-3ee1b79a71d1">
    <Deployment runDeploymentRoot="ivans_IVAN_2026-01-31_13_15_09" />
  </TestSettings>
  <Results>
    <UnitTestResult executionId="61f84e69-f36f-41e0-873b-46fb987f838f" testId="145cf710-e8c4-8c69-8401-c0e829138e75" testName="GetProductsByCategoryAsync_ReturnsProducts" computerName="IVAN" duration="00:00:00.0044550" startTime="2026-01-31T13:15:10.8058347+02:00" endTime="2026-01-31T13:15:10.8103708+02:00" testType="13cdc9d9-ddb5-4fa4-a97d-d965ccfc6d4b" outcome="Passed" testListId="8c84fa94-04c1-424b-9868-57a2d4851a1d" relativeResultsDirectory="61f84e69-f36f-41e0-873b-46fb987f838f" />
    <UnitTestResult executionId="dcaf2b50-45b7-4076-9157-7e6f6f500bac" testId="11caa347-17ae-8967-8f5d-3135bb136f60" testName="GetAllAsync_WithSearchFilter_ReturnsMatching" computerName="IVAN" duration="00:00:00.0154994" startTime="2026-01-31T13:15:10.8293822+02:00" endTime="2026-01-31T13:15:10.8450139+02:00" testType="13cdc9d9-ddb5-4fa4-a97d-d965ccfc6d4b" outcome="Passed" testListId="8c84fa94-04c1-424b-9868-57a2d4851a1d" relativeResultsDirectory="dcaf2b50-45b7-4076-9157-7e6f6f500bac" />
    <UnitTestResult executionId="aa7421c3-5a89-4458-b6a8-46baaaaf86cb" testId="103818f2-eaef-8481-a04e-926a9b7e0199" testName="UpdateCartItemAsync_ValidQuantity_UpdatesItem" computerName="IVAN" duration="00:00:00.0059136" startTime="2026-01-31T13:15:10.5864851+02:00" endTime="2026-01-31T13:15:10.5924741+02:00" testType="13cdc9d9-ddb5-4fa4-a97d-d965ccfc6d4b" outcome="Passed" testListId="8c84fa94-04c1-424b-9868-57a2d4851a1d" relativeResultsDirectory="aa7421c3-5a89-4458-b6a8-46baaaaf86cb" />
    <UnitTestResult executionId="eaa0bf5f-2d21-479d-b8e0-c5f22f9cf3a7" testId="1800ea40-4d9b-8c82-a61a-7b380433cdde" testName="AddToWishlistAsync_Duplicate_ThrowsDuplicateWishlistItemException" computerName="IVAN" duration="00:00:00.5443108" startTime="2026-01-31T13:15:11.4551217+02:00" endTime="2026-01-31T13:15:11.9996371+02:00" testType="13cdc9d9-ddb5-4fa4-a97d-d965ccfc6d4b" outcome="Passed" testListId="8c84fa94-04c1-424b-9868-57a2d4851a1d" relativeResultsDirectory="eaa0bf5f-2d21-479d-b8e0-c5f22f9cf3a7" />
    <UnitTestResult executionId="5292552c-e7cf-493f-9167-6e7db2aa2ff8" testId="17cd880b-ac0f-8b77-89c8-9794709c6500" testName="AddToWishlistAsync_Valid_AddsAndReturnsWishlist" computerName="IVAN" duration="00:00:00.5935561" startTime="2026-01-31T13:15:11.3531254+02:00" endTime="2026-01-31T13:15:11.9467781+02:00" testType="13cdc9d9-ddb5-4fa4-a97d-d965ccfc6d4b" outcome="Passed" testListId="8c84fa94-04c1-424b-9868-57a2d4851a1d" relativeResultsDirectory="5292552c-e7cf-493f-9167-6e7db2aa2ff8" />
    <UnitTestResult executionId="208583e8-22da-4b5a-ba24-790c25046d88" testId="17ea1d85-d7a0-8f5e-a0ad-a0e27b97fb16" testName="GetOrderByNumberAsync_OrderNotFound_ReturnsNull" computerName="IVAN" duration="00:00:00.0011434" startTime="2026-01-31T13:15:10.6900807+02:00" endTime="2026-01-31T13:15:10.6912980+02:00" testType="13cdc9d9-ddb5-4fa4-a97d-d965ccfc6d4b" outcome="Passed" testListId="8c84fa94-04c1-424b-9868-57a2d4851a1d" relativeResultsDirectory="208583e8-22da-4b5a-ba24-790c25046d88" />
    <UnitTestResult executionId="52e45909-f50f-49a0-8c9d-d2a1494430ff" testId="188d1b4e-60e8-8743-80fb-efdd473519c6" testName="UpdateCategoryAsync_ValidData_ReturnsUpdatedCategory" computerName="IVAN" duration="00:00:00.0082779" startTime="2026-01-31T13:15:10.6394178+02:00" endTime="2026-01-31T13:15:10.6477806+02:00" testType="13cdc9d9-ddb5-4fa4-a97d-d965ccfc6d4b" outcome="Passed" testListId="8c84fa94-04c1-424b-9868-57a2d4851a1d" relativeResultsDirectory="52e45909-f50f-49a0-8c9d-d2a1494430ff" />
    <UnitTestResult executionId="ec334d34-81bc-495f-965c-25aa694a34f9" testId="1a849b75-8d82-8833-a558-e4a607521c87" testName="GetCartAsync_CartNotFound_ThrowsCartNotFoundException" computerName="IVAN" duration="00:00:00.0040776" startTime="2026-01-31T13:15:10.5715025+02:00" endTime="2026-01-31T13:15:10.5756968+02:00" testType="13cdc9d9-ddb5-4fa4-a97d-d965ccfc6d4b" outcome="Passed" testListId="8c84fa94-04c1-424b-9868-57a2d4851a1d" relativeResultsDirectory="ec334d34-81bc-495f-965c-25aa694a34f9" />
    <UnitTestResult executionId="156488cb-a3d5-44c5-ab83-392f9d4705a0" testId="1fa9fde6-1426-8b0c-85b1-cdf2fd83cb4a" testName="UpdateOrderStatusAsync_InvalidStatus_ThrowsInvalidOrderStatusException" computerName="IVAN" duration="00:00:00.0033951" startTime="2026-01-31T13:15:10.7021571+02:00" endTime="2026-01-31T13:15:10.7056544+02:00" testType="13cdc9d9-ddb5-4fa4-a97d-d965ccfc6d4b" outcome="Passed" testListId="8c84fa94-04c1-424b-9868-57a2d4851a1d" relativeResultsDirectory="156488cb-a3d5-44c5-ab83-392f9d4705a0" />
    <UnitTestResult executionId="0c5c7f04-064d-44c6-9afe-d1e7671c855d" testId="14d89a0a-7c8d-88f7-a747-aa058c5a42f6" testName="ValidatePromoCodeAsync_InactiveCode_ReturnsInvalid" computerName="IVAN" duration="00:00:00.0033738" startTime="2026-01-31T13:15:10.8735410+02:00" endTime="2026-01-31T13:15:10.8770216+02:00" testType="13cdc9d9-ddb5-4fa4-a97d-d965ccfc6d4b" outcome="Passed" testListId="8c84fa94-04c1-424b-9868-57a2d4851a1d" relativeResultsDirectory="0c5c7f04-064d-44c6-9afe-d1e7671c855d" />
    <UnitTestResult executionId="bf4d11f8-a858-49ea-9821-583e24f49d17" testId="1e94d781-2f70-8216-ad8f-553ccce3f9ec" testName="UpdateCartItemAsync_InsufficientStock_ThrowsInsufficientStockException" computerName="IVAN" duration="00:00:00.0048162" startTime="2026-01-31T13:15:10.5892045+02:00" endTime="2026-01-31T13:15:10.5940850+02:00" testType="13cdc9d9-ddb5-4fa4-a97d-d965ccfc6d4b" outcome="Passed" testListId="8c84fa94-04c1-424b-9868-57a2d4851a1d" relativeResultsDirectory="bf4d11f8-a858-49ea-9821-583e24f49d17" />
    <UnitTestResult executionId="caba2762-452e-4a7e-8c19-7ccd44c85faa" testId="17e1a237-94e5-82a6-94c2-dd3c935518ef" testName="CreateOrderAsync_UserNotFound_ThrowsUserNotFoundException" computerName="IVAN" duration="00:00:00.0306476" startTime="2026-01-31T13:15:10.6478227+02:00" endTime="2026-01-31T13:15:10.6785547+02:00" testType="13cdc9d9-ddb5-4fa4-a97d-d965ccfc6d4b" outcome="Passed" testListId="8c84fa94-04c1-424b-9868-57a2d4851a1d" relativeResultsDirectory="caba2762-452e-4a7e-8c19-7ccd44c85faa" />
    <UnitTestResult executionId="a2afc735-d520-4e90-853a-2d0f875575db" testId="1fd54f48-e509-81d0-98bf-ad03bc5e8afe" testName="ChangePasswordAsync_ValidOldPassword_ChangesPassword" computerName="IVAN" duration="00:00:02.9947950" startTime="2026-01-31T13:15:09.9854473+02:00" endTime="2026-01-31T13:15:12.9809887+02:00" testType="13cdc9d9-ddb5-4fa4-a97d-d965ccfc6d4b" outcome="Passed" testListId="8c84fa94-04c1-424b-9868-57a2d4851a1d" relativeResultsDirectory="a2afc735-d520-4e90-853a-2d0f875575db" />
    <UnitTestResult executionId="f0147111-1c2f-4a4d-9e40-14e19fb6ff35" testId="194dbfe4-6368-8de6-b181-349775d73dae" testName="GetProductReviewsAsync_NonExistentProduct_ThrowsProductNotFoundException" computerName="IVAN" duration="00:00:00.0058027" startTime="2026-01-31T13:15:10.9033461+02:00" endTime="2026-01-31T13:15:10.9092477+02:00" testType="13cdc9d9-ddb5-4fa4-a97d-d965ccfc6d4b" outcome="Passed" testListId="8c84fa94-04c1-424b-9868-57a2d4851a1d" relativeResultsDirectory="f0147111-1c2f-4a4d-9e40-14e19fb6ff35" />
    <UnitTestResult executionId="5d7398ba-d938-4634-8d30-4c691b5c27f8" testId="10cd1121-c2e7-879e-b289-f7feaa707681" testName="UpdateOrderStatusAsync_ValidStatus_UpdatesOrder" computerName="IVAN" duration="00:00:00.0069595" startTime="2026-01-31T13:15:10.6913587+02:00" endTime="2026-01-31T13:15:10.6984082+02:00" testType="13cdc9d9-ddb5-4fa4-a97d-d965ccfc6d4b" outcome="Passed" testListId="8c84fa94-04c1-424b-9868-57a2d4851a1d" relativeResultsDirectory="5d7398ba-d938-4634-8d30-4c691b5c27f8" />
    <UnitTestResult executionId="d0c0721a-a291-433a-af4a-f7e415a6d46c" testId="12897d70-6b6f-883a-b8cd-3fb7fc9f70b1" testName="LoginAsync_ValidCredentials_ReturnsAuthResponse" computerName="IVAN" duration="00:00:01.9968219" startTime="2026-01-31T13:15:09.6853773+02:00" endTime="2026-01-31T13:15:11.7020616+02:00" testType="13cdc9d9-ddb5-4fa4-a97d-d965ccfc6d4b" outcome="Passed" testListId="8c84fa94-04c1-424b-9868-57a2d4851a1d" relativeResultsDirectory="d0c0721a-a291-433a-af4a-f7e415a6d46c" />
    <UnitTestResult executionId="3cd325c9-a731-48d0-a6b1-cb9765483941" testId="18a61589-c5a6-809d-a9af-d59e266d818d" testName="AddToCartAsync_NewItem_AddsToCart" computerName="IVAN" duration="00:00:00.0142108" startTime="2026-01-31T13:15:10.5721353+02:00" endTime="2026-01-31T13:15:10.5864278+02:00" testType="13cdc9d9-ddb5-4fa4-a97d-d965ccfc6d4b" outcome="Passed" testListId="8c84fa94-04c1-424b-9868-57a2d4851a1d" relativeResultsDirectory="3cd325c9-a731-48d0-a6b1-cb9765483941" />
    <UnitTestResult executionId="56f51957-c34c-461d-88cf-56ed1e4cee08" testId="1b32c2df-39d7-83cc-9e8a-55221a6bbdbd" testName="CreateCategory_ReturnsValidCategory" computerName="IVAN" duration="00:00:00.0004009" startTime="2026-01-31T13:15:11.7775027+02:00" endTime="2026-01-31T13:15:11.7779650+02:00" testType="13cdc9d9-ddb5-4fa4-a97d-d965ccfc6d4b" outcome="Passed" testListId="8c84fa94-04c1-424b-9868-57a2d4851a1d" relativeResultsDirectory="56f51957-c34c-461d-88cf-56ed1e4cee08" />
    <UnitTestResult executionId="793434ba-c968-40df-80d6-6e2a11dfac54" testId="1f281234-d09b-8feb-8e20-079ae6b6a065" testName="GetAllCategoriesAsync_ReturnsAllCategories" computerName="IVAN" duration="00:00:00.0143474" startTime="2026-01-31T13:15:10.6226365+02:00" endTime="2026-01-31T13:15:10.6371129+02:00" testType="13cdc9d9-ddb5-4fa4-a97d-d965ccfc6d4b" outcome="Passed" testListId="8c84fa94-04c1-424b-9868-57a2d4851a1d" relativeResultsDirectory="793434ba-c968-40df-80d6-6e2a11dfac54" />
    <UnitTestResult executionId="885d9248-10e0-43e0-9c95-59c992d49b4f" testId="18a88b89-3ac3-88e0-88de-07f222acdc46" testName="ResetPasswordAsync_UserNotFound_ThrowsUserNotFoundException" computerName="IVAN" duration="00:00:00.0071607" startTime="2026-01-31T13:15:09.9780890+02:00" endTime="2026-01-31T13:15:09.9853583+02:00" testType="13cdc9d9-ddb5-4fa4-a97d-d965ccfc6d4b" outcome="Passed" testListId="8c84fa94-04c1-424b-9868-57a2d4851a1d" relativeResultsDirectory="885d9248-10e0-43e0-9c95-59c992d49b4f" />
    <UnitTestResult executionId="ae076608-fd63-4643-8735-f1d766206c59" testId="12eec827-5d36-802a-a4b4-5602d172134f" testName="ValidatePromoCodeAsync_PercentageDiscount_CalculatesCorrectly" computerName="IVAN" duration="00:00:00.0030495" startTime="2026-01-31T13:15:10.8770968+02:00" endTime="2026-01-31T13:15:10.8802314+02:00" testType="13cdc9d9-ddb5-4fa4-a97d-d965ccfc6d4b" outcome="Passed" testListId="8c84fa94-04c1-424b-9868-57a2d4851a1d" relativeResultsDirectory="ae076608-fd63-4643-8735-f1d766206c59" />
    <UnitTestResult executionId="a7b2a8ae-2816-45cd-bd9d-2a52ee193665" testId="14eb2754-ca91-89de-9265-b223af33fb06" testName="GetProductByIdAsync_ExistingId_ReturnsProduct" computerName="IVAN" duration="00:00:00.0032673" startTime="2026-01-31T13:15:10.7917994+02:00" endTime="2026-01-31T13:15:10.7951670+02:00" testType="13cdc9d9-ddb5-4fa4-a97d-d965ccfc6d4b" outcome="Passed" testListId="8c84fa94-04c1-424b-9868-57a2d4851a1d" relativeResultsDirectory="a7b2a8ae-2816-45cd-bd9d-2a52ee193665" />
    <UnitTestResult executionId="be8ed118-462d-408c-9e36-d6f9c85b70f2" testId="1dc80c9c-cc08-81ab-961c-a88f778b86fb" testName="DeleteCategoryAsync_ExistingId_DeletesCategory" computerName="IVAN" duration="00:00:00.0058336" startTime="2026-01-31T13:15:10.6411062+02:00" endTime="2026-01-31T13:15:10.6470280+02:00" testType="13cdc9d9-ddb5-4fa4-a97d-d965ccfc6d4b" outcome="Passed" testListId="8c84fa94-04c1-424b-9868-57a2d4851a1d" relativeResultsDirectory="be8ed118-462d-408c-9e36-d6f9c85b70f2" />
    <UnitTestResult executionId="73f27508-60d3-426a-836d-e5a1989a43d0" testId="17ed8a70-0fac-8e8e-9ab8-38a81dcbb07d" testName="CreateReviewAsync_InvalidRating_ThrowsInvalidRatingException" computerName="IVAN" duration="00:00:00.6432201" startTime="2026-01-31T13:15:10.9165553+02:00" endTime="2026-01-31T13:15:11.5599179+02:00" testType="13cdc9d9-ddb5-4fa4-a97d-d965ccfc6d4b" outcome="Passed" testListId="8c84fa94-04c1-424b-9868-57a2d4851a1d" relativeResultsDirectory="73f27508-60d3-426a-836d-e5a1989a43d0" />
    <UnitTestResult executionId="cba57d9e-c1f5-47c8-af7c-34313e5bcf46" testId="13ecf362-e592-8d13-968c-ccf0cc4b4b8a" testName="CancelOrderAsync_AlreadyShipped_ThrowsInvalidOrderStatusException" computerName="IVAN" duration="00:00:00.0046484" startTime="2026-01-31T13:15:10.7191103+02:00" endTime="2026-01-31T13:15:10.7238550+02:00" testType="13cdc9d9-ddb5-4fa4-a97d-d965ccfc6d4b" outcome="Passed" testListId="8c84fa94-04c1-424b-9868-57a2d4851a1d" relativeResultsDirectory="cba57d9e-c1f5-47c8-af7c-34313e5bcf46" />
    <UnitTestResult executionId="2162fbf1-55bc-4d49-9150-2c11025666e1" testId="1a738ce6-ef5d-8915-ae6c-fe5aee596716" testName="ValidateCartAsync_CartNotFound_ThrowsCartNotFoundException" computerName="IVAN" duration="00:00:00.0146925" startTime="2026-01-31T13:15:10.6078638+02:00" endTime="2026-01-31T13:15:10.6226082+02:00" testType="13cdc9d9-ddb5-4fa4-a97d-d965ccfc6d4b" outcome="Passed" testListId="8c84fa94-04c1-424b-9868-57a2d4851a1d" relativeResultsDirectory="2162fbf1-55bc-4d49-9150-2c11025666e1" />
    <UnitTestResult executionId="4bed4536-ff8b-4a85-aa28-d6466325f7a7" testId="1972dddd-00bf-8e5c-882b-16d145f87d70" testName="MappingProfile_CanInstantiate" computerName="IVAN" duration="00:00:00.0415034" startTime="2026-01-31T13:15:11.7021438+02:00" endTime="2026-01-31T13:15:11.7438286+02:00" testType="13cdc9d9-ddb5-4fa4-a97d-d965ccfc6d4b" outcome="Passed" testListId="8c84fa94-04c1-424b-9868-57a2d4851a1d" relativeResultsDirectory="4bed4536-ff8b-4a85-aa28-d6466325f7a7" />
    <UnitTestResult executionId="15627c07-e8c4-4dd4-a458-054289adc9f3" testId="11ea238d-f84d-8050-b349-7265477196e6" testName="CreateOrderAsync_InvalidPromoCode_ThrowsInvalidPromoCodeException" computerName="IVAN" duration="00:00:00.6628223" startTime="2026-01-31T13:15:10.6698191+02:00" endTime="2026-01-31T13:15:11.3327421+02:00" testType="13cdc9d9-ddb5-4fa4-a97d-d965ccfc6d4b" outcome="Passed" testListId="8c84fa94-04c1-424b-9868-57a2d4851a1d" relativeResultsDirectory="15627c07-e8c4-4dd4-a458-054289adc9f3" />
    <UnitTestResult executionId="c890f631-5089-4bf5-8f46-6d671665fdb0" testId="1cbc2c0e-2426-87e9-b75b-60e483b5530e" testName="CancelOrderAsync_ValidOrder_CancelsOrder" computerName="IVAN" duration="00:00:00.0052930" startTime="2026-01-31T13:15:10.7114040+02:00" endTime="2026-01-31T13:15:10.7168282+02:00" testType="13cdc9d9-ddb5-4fa4-a97d-d965ccfc6d4b" outcome="Passed" testListId="8c84fa94-04c1-424b-9868-57a2d4851a1d" relativeResultsDirectory="c890f631-5089-4bf5-8f46-6d671665fdb0" />
    <UnitTestResult executionId="eb0a9615-09b9-44c1-b863-f0c15a19b2a6" testId="1e73354c-958f-8e47-9932-4e2a80e32126" testName="CreateCategoryAsync_ValidData_ReturnsCreatedCategory" computerName="IVAN" duration="00:00:00.0082670" startTime="2026-01-31T13:15:10.6365915+02:00" endTime="2026-01-31T13:15:10.6449436+02:00" testType="13cdc9d9-ddb5-4fa4-a97d-d965ccfc6d4b" outcome="Passed" testListId="8c84fa94-04c1-424b-9868-57a2d4851a1d" relativeResultsDirectory="eb0a9615-09b9-44c1-b863-f0c15a19b2a6" />
    <UnitTestResult executionId="1af91220-b4a3-4968-8ea9-6d772490d8a9" testId="17916a58-9be9-8002-93bd-67ac2413a1d2" testName="DeleteProductAsync_NonExistentId_ThrowsProductNotFoundException" computerName="IVAN" duration="00:00:00.0024802" startTime="2026-01-31T13:15:10.7891366+02:00" endTime="2026-01-31T13:15:10.7917149+02:00" testType="13cdc9d9-ddb5-4fa4-a97d-d965ccfc6d4b" outcome="Passed" testListId="8c84fa94-04c1-424b-9868-57a2d4851a1d" relativeResultsDirectory="1af91220-b4a3-4968-8ea9-6d772490d8a9" />
    <UnitTestResult executionId="8535f0bb-4e70-4911-8408-1353eb24aca5" testId="176e7579-1a9b-8e22-9999-8ae01d68f81d" testName="CreateReviewAsync_EmptyComment_ThrowsEmptyReviewCommentException" computerName="IVAN" duration="00:00:00.5384063" startTime="2026-01-31T13:15:11.0356712+02:00" endTime="2026-01-31T13:15:11.5742055+02:00" testType="13cdc9d9-ddb5-4fa4-a97d-d965ccfc6d4b" outcome="Passed" testListId="8c84fa94-04c1-424b-9868-57a2d4851a1d" relativeResultsDirectory="8535f0bb-4e70-4911-8408-1353eb24aca5" />
    <UnitTestResult executionId="decbecfa-0bf7-4d5b-bacb-4c47345e4e2a" testId="112bdc94-e64f-82b2-98c4-0bce70910d41" testName="UpdateProductAsync_ValidData_UpdatesProduct" computerName="IVAN" duration="00:00:00.0084234" startTime="2026-01-31T13:15:10.7732174+02:00" endTime="2026-01-31T13:15:10.7817501+02:00" testType="13cdc9d9-ddb5-4fa4-a97d-d965ccfc6d4b" outcome="Passed" testListId="8c84fa94-04c1-424b-9868-57a2d4851a1d" relativeResultsDirectory="decbecfa-0bf7-4d5b-bacb-4c47345e4e2a" />
    <UnitTestResult executionId="ff833e53-ae04-4b35-97eb-f0bbf7ce0944" testId="1b02f605-85c4-8dae-8421-db498f4ffb6e" testName="CreateAsync_DuplicateCode_ThrowsPromoCodeAlreadyExistsException" computerName="IVAN" duration="00:00:00.0045811" startTime="2026-01-31T13:15:10.8627847+02:00" endTime="2026-01-31T13:15:10.8674863+02:00" testType="13cdc9d9-ddb5-4fa4-a97d-d965ccfc6d4b" outcome="Passed" testListId="8c84fa94-04c1-424b-9868-57a2d4851a1d" relativeResultsDirectory="ff833e53-ae04-4b35-97eb-f0bbf7ce0944" />
    <UnitTestResult executionId="07c592b6-1b47-4ac5-ba15-0775500fda70" testId="16c21dd5-0e8c-8463-8ecc-374c99059380" testName="RemoveFromWishlistAsync_Existing_RemovesAndReturns" computerName="IVAN" duration="00:00:00.5287088" startTime="2026-01-31T13:15:11.5621226+02:00" endTime="2026-01-31T13:15:12.0910196+02:00" testType="13cdc9d9-ddb5-4fa4-a97d-d965ccfc6d4b" outcome="Passed" testListId="8c84fa94-04c1-424b-9868-57a2d4851a1d" relativeResultsDirectory="07c592b6-1b47-4ac5-ba15-0775500fda70" />
    <UnitTestResult executionId="04207c6e-a314-4ffe-9fc7-67396aeae654" testId="178068be-d321-86e6-b22d-b2049d490758" testName="RemoveFromCartAsync_ExistingItem_RemovesItem" computerName="IVAN" duration="00:00:00.0153649" startTime="2026-01-31T13:15:10.5938260+02:00" endTime="2026-01-31T13:15:10.6092521+02:00" testType="13cdc9d9-ddb5-4fa4-a97d-d965ccfc6d4b" outcome="Passed" testListId="8c84fa94-04c1-424b-9868-57a2d4851a1d" relativeResultsDirectory="04207c6e-a314-4ffe-9fc7-67396aeae654" />
    <UnitTestResult executionId="697b2f3e-6863-4867-9043-06bd4fa53cd9" testId="1595e320-1e02-8e45-8147-0f717105d5da" testName="GetAllAsync_ReturnsAllPromoCodes" computerName="IVAN" duration="00:00:00.0193906" startTime="2026-01-31T13:15:10.8254984+02:00" endTime="2026-01-31T13:15:10.8450854+02:00" testType="13cdc9d9-ddb5-4fa4-a97d-d965ccfc6d4b" outcome="Passed" testListId="8c84fa94-04c1-424b-9868-57a2d4851a1d" relativeResultsDirectory="697b2f3e-6863-4867-9043-06bd4fa53cd9" />
    <UnitTestResult executionId="ec69e737-f443-4aa4-be8f-cbacd67eff63" testId="130f9aab-849f-89e1-9b04-707ce6246d74" testName="HashPassword_ValidPassword_ReturnsHashedPassword" computerName="IVAN" duration="00:00:01.1063606" startTime="2026-01-31T13:15:09.7155013+02:00" endTime="2026-01-31T13:15:10.8232417+02:00" testType="13cdc9d9-ddb5-4fa4-a97d-d965ccfc6d4b" outcome="Passed" testListId="8c84fa94-04c1-424b-9868-57a2d4851a1d" relativeResultsDirectory="ec69e737-f443-4aa4-be8f-cbacd67eff63" />
    <UnitTestResult executionId="ec241160-c88b-4c02-8fe7-bf2636ca8f3f" testId="1f210725-f288-8533-bf3c-60aacd517579" testName="ClearCartAsync_WithItems_ClearsAllItems" computerName="IVAN" duration="00:00:00.0091257" startTime="2026-01-31T13:15:10.5941124+02:00" endTime="2026-01-31T13:15:10.6033082+02:00" testType="13cdc9d9-ddb5-4fa4-a97d-d965ccfc6d4b" outcome="Passed" testListId="8c84fa94-04c1-424b-9868-57a2d4851a1d" relativeResultsDirectory="ec241160-c88b-4c02-8fe7-bf2636ca8f3f" />
    <UnitTestResult executionId="3d1e4288-56be-46b4-b5b7-c4efc36ee767" testId="196b3451-0ea8-882e-9796-a94aba9ccaa2" testName="CreateProductAsync_ValidData_CreatesProduct" computerName="IVAN" duration="00:00:00.0081071" startTime="2026-01-31T13:15:10.7613783+02:00" endTime="2026-01-31T13:15:10.7695987+02:00" testType="13cdc9d9-ddb5-4fa4-a97d-d965ccfc6d4b" outcome="Passed" testListId="8c84fa94-04c1-424b-9868-57a2d4851a1d" relativeResultsDirectory="3d1e4288-56be-46b4-b5b7-c4efc36ee767" />
    <UnitTestResult executionId="fe791817-230f-473f-8f53-a06055ed6b0a" testId="16bdc655-08a0-8d2e-9fa6-9be00b4922db" testName="GetUserOrdersAsync_WithOrders_ReturnsPaginatedResult" computerName="IVAN" duration="00:00:00.0069765" startTime="2026-01-31T13:15:10.7273228+02:00" endTime="2026-01-31T13:15:10.7344105+02:00" testType="13cdc9d9-ddb5-4fa4-a97d-d965ccfc6d4b" outcome="Passed" testListId="8c84fa94-04c1-424b-9868-57a2d4851a1d" relativeResultsDirectory="fe791817-230f-473f-8f53-a06055ed6b0a" />
    <UnitTestResult executionId="c271927e-3898-4b90-bd6a-332213e9e1bd" testId="188af0b5-0feb-849c-abf1-36e57678b9f1" testName="CreateOrderAsync_InsufficientStock_ThrowsInsufficientStockException" computerName="IVAN" duration="00:00:00.5657529" startTime="2026-01-31T13:15:10.6763800+02:00" endTime="2026-01-31T13:15:11.2422487+02:00" testType="13cdc9d9-ddb5-4fa4-a97d-d965ccfc6d4b" outcome="Passed" testListId="8c84fa94-04c1-424b-9868-57a2d4851a1d" relativeResultsDirectory="c271927e-3898-4b90-bd6a-332213e9e1bd" />
    <UnitTestResult executionId="b3b282b7-d3c5-4fab-96f7-a8e3b68909bf" testId="1052470e-7bac-8f34-81fc-9f2ea63679ea" testName="GetProductsAsync_NoFilters_ReturnsPaginatedProducts" computerName="IVAN" duration="00:00:00.0129035" startTime="2026-01-31T13:15:10.7400991+02:00" endTime="2026-01-31T13:15:10.7532004+02:00" testType="13cdc9d9-ddb5-4fa4-a97d-d965ccfc6d4b" outcome="Passed" testListId="8c84fa94-04c1-424b-9868-57a2d4851a1d" relativeResultsDirectory="b3b282b7-d3c5-4fab-96f7-a8e3b68909bf" />
    <UnitTestResult executionId="73a2ac49-c3ed-4e51-88f6-b131e5ef275f" testId="1ca2c638-0ef1-8441-ba38-3f014e3fe983" testName="ValidateCartAsync_InactiveProduct_ThrowsProductNotAvailableException" computerName="IVAN" duration="00:00:00.0079204" startTime="2026-01-31T13:15:10.6224791+02:00" endTime="2026-01-31T13:15:10.6305292+02:00" testType="13cdc9d9-ddb5-4fa4-a97d-d965ccfc6d4b" outcome="Passed" testListId="8c84fa94-04c1-424b-9868-57a2d4851a1d" relativeResultsDirectory="73a2ac49-c3ed-4e51-88f6-b131e5ef275f" />
    <UnitTestResult executionId="94d5168b-4e57-40e5-afed-d92610db357b" testId="1da21cfc-4a10-89e2-9681-7ea40eb7fe1e" testName="GetProductsByPriceRangeAsync_ReturnsFilteredProducts" computerName="IVAN" duration="00:00:00.0110110" startTime="2026-01-31T13:15:10.8104403+02:00" endTime="2026-01-31T13:15:10.8215626+02:00" testType="13cdc9d9-ddb5-4fa4-a97d-d965ccfc6d4b" outcome="Passed" testListId="8c84fa94-04c1-424b-9868-57a2d4851a1d" relativeResultsDirectory="94d5168b-4e57-40e5-afed-d92610db357b" />
    <UnitTestResult executionId="08509e7a-c09d-4965-be96-748e725d9cb7" testId="1669049b-ab8c-8311-aed4-5e2500b95593" testName="AddToCartAsync_InvalidQuantity_ThrowsInvalidQuantityException" computerName="IVAN" duration="00:00:00.0035069" startTime="2026-01-31T13:15:10.5855216+02:00" endTime="2026-01-31T13:15:10.5891329+02:00" testType="13cdc9d9-ddb5-4fa4-a97d-d965ccfc6d4b" outcome="Passed" testListId="8c84fa94-04c1-424b-9868-57a2d4851a1d" relativeResultsDirectory="08509e7a-c09d-4965-be96-748e725d9cb7" />
    <UnitTestResult executionId="d095d4f8-8d4e-4c72-9bd7-f4624f8da582" testId="1f6f0a83-1d2a-8782-b43f-13ff2d28e1a4" testName="CreateOrder_ReturnsValidOrder" computerName="IVAN" duration="00:00:00.0014139" startTime="2026-01-31T13:15:11.7762224+02:00" endTime="2026-01-31T13:15:11.7776874+02:00" testType="13cdc9d9-ddb5-4fa4-a97d-d965ccfc6d4b" outcome="Passed" testListId="8c84fa94-04c1-424b-9868-57a2d4851a1d" relativeResultsDirectory="d095d4f8-8d4e-4c72-9bd7-f4624f8da582" />
    <UnitTestResult executionId="b4f29b6d-051d-4ffe-9da4-322518f0d859" testId="12c4a96c-b404-8a45-9045-3b429a5109a7" testName="CreateProduct_ReturnsValidProduct" computerName="IVAN" duration="00:00:00.0090171" startTime="2026-01-31T13:15:11.7670627+02:00" endTime="2026-01-31T13:15:11.7761769+02:00" testType="13cdc9d9-ddb5-4fa4-a97d-d965ccfc6d4b" outcome="Passed" testListId="8c84fa94-04c1-424b-9868-57a2d4851a1d" relativeResultsDirectory="b4f29b6d-051d-4ffe-9da4-322518f0d859" />
    <UnitTestResult executionId="818fd164-dfbc-43a8-9cd9-ed5f75b27a8d" testId="1ecf20dd-e681-8cd3-b6eb-47a03d2dc986" testName="CreatePromoCode_ReturnsValidPromoCode" computerName="IVAN" duration="00:00:00.0017461" startTime="2026-01-31T13:15:11.7756130+02:00" endTime="2026-01-31T13:15:11.7774455+02:00" testType="13cdc9d9-ddb5-4fa4-a97d-d965ccfc6d4b" outcome="Passed" testListId="8c84fa94-04c1-424b-9868-57a2d4851a1d" relativeResultsDirectory="818fd164-dfbc-43a8-9cd9-ed5f75b27a8d" />
    <UnitTestResult executionId="b7a74485-e979-42b6-a8d9-2107f0972d6e" testId="131931e3-3abf-84f3-8f86-3cb4fa2786a9" testName="GetFeaturedProductsAsync_ReturnsRequestedCount" computerName="IVAN" duration="00:00:00.0027553" startTime="2026-01-31T13:15:10.7977018+02:00" endTime="2026-01-31T13:15:10.8005145+02:00" testType="13cdc9d9-ddb5-4fa4-a97d-d965ccfc6d4b" outcome="Passed" testListId="8c84fa94-04c1-424b-9868-57a2d4851a1d" relativeResultsDirectory="b7a74485-e979-42b6-a8d9-2107f0972d6e" />
    <UnitTestResult executionId="4bdb1fea-7fbb-4411-8b43-d3d70e6518ec" testId="1962658d-1e40-87f7-afb1-105196499a6a" testName="GetReviewByIdAsync_NonExistent_ThrowsReviewNotFoundException" computerName="IVAN" duration="00:00:00.0054582" startTime="2026-01-31T13:15:10.9105413+02:00" endTime="2026-01-31T13:15:10.9161362+02:00" testType="13cdc9d9-ddb5-4fa4-a97d-d965ccfc6d4b" outcome="Passed" testListId="8c84fa94-04c1-424b-9868-57a2d4851a1d" relativeResultsDirectory="4bdb1fea-7fbb-4411-8b43-d3d70e6518ec" />
    <UnitTestResult executionId="a4e7e42d-3ef4-4205-af85-47ed6003f594" testId="17fb4c5a-4676-843c-b4cd-25efeb3c38b0" testName="GetCategoryByIdAsync_ExistingId_ReturnsCategory" computerName="IVAN" duration="00:00:00.0136815" startTime="2026-01-31T13:15:10.6250401+02:00" endTime="2026-01-31T13:15:10.6388062+02:00" testType="13cdc9d9-ddb5-4fa4-a97d-d965ccfc6d4b" outcome="Passed" testListId="8c84fa94-04c1-424b-9868-57a2d4851a1d" relativeResultsDirectory="a4e7e42d-3ef4-4205-af85-47ed6003f594" />
    <UnitTestResult executionId="f1777267-c969-4f72-89fc-b4af6733c94b" testId="13191952-e91c-86ea-a4ca-3f70f4ce733e" testName="RegisterAsync_ValidData_HashesPassword" computerName="IVAN" duration="00:00:01.3616221" startTime="2026-01-31T13:15:09.7155776+02:00" endTime="2026-01-31T13:15:11.0785594+02:00" testType="13cdc9d9-ddb5-4fa4-a97d-d965ccfc6d4b" outcome="Passed" testListId="8c84fa94-04c1-424b-9868-57a2d4851a1d" relativeResultsDirectory="f1777267-c969-4f72-89fc-b4af6733c94b" />
    <UnitTestResult executionId="a7879eed-0c47-44cc-a039-bd405e9f3e50" testId="12d35a40-e230-8164-bc45-cbf8cf2f84b6" testName="GetProductBySlugAsync_ExistingSlug_ReturnsProduct" computerName="IVAN" duration="00:00:00.0041334" startTime="2026-01-31T13:15:10.7532796+02:00" endTime="2026-01-31T13:15:10.7575302+02:00" testType="13cdc9d9-ddb5-4fa4-a97d-d965ccfc6d4b" outcome="Passed" testListId="8c84fa94-04c1-424b-9868-57a2d4851a1d" relativeResultsDirectory="a7879eed-0c47-44cc-a039-bd405e9f3e50" />
    <UnitTestResult executionId="27053830-1ed8-4fc5-80d4-028efa2e0557" testId="1c04249f-d60f-8253-ad3f-22e88750859f" testName="RegisterAsync_DuplicateEmail_ThrowsDuplicateEmailException" computerName="IVAN" duration="00:00:00.2249378" startTime="2026-01-31T13:15:09.7154734+02:00" endTime="2026-01-31T13:15:09.9442612+02:00" testType="13cdc9d9-ddb5-4fa4-a97d-d965ccfc6d4b" outcome="Passed" testListId="8c84fa94-04c1-424b-9868-57a2d4851a1d" relativeResultsDirectory="27053830-1ed8-4fc5-80d4-028efa2e0557" />
    <UnitTestResult executionId="b5de54da-3ceb-43bf-b463-81df1f95791b" testId="1caf6e33-5538-884f-994c-86e86cd017d3" testName="DeleteReviewAsync_NotOwner_ThrowsUnauthorizedAccessException" computerName="IVAN" duration="00:00:01.0450283" startTime="2026-01-31T13:15:11.2743708+02:00" endTime="2026-01-31T13:15:12.3195036+02:00" testType="13cdc9d9-ddb5-4fa4-a97d-d965ccfc6d4b" outcome="Passed" testListId="8c84fa94-04c1-424b-9868-57a2d4851a1d" relativeResultsDirectory="b5de54da-3ceb-43bf-b463-81df1f95791b" />
    <UnitTestResult executionId="bbd81e54-92be-42e8-b316-7d25fe1f69a9" testId="1b7f39b2-dae0-8855-8976-248d520a5510" testName="UpdateCartItemAsync_ItemNotFound_ThrowsCartItemNotFoundException" computerName="IVAN" duration="00:00:00.0047007" startTime="2026-01-31T13:15:10.5937949+02:00" endTime="2026-01-31T13:15:10.5986001+02:00" testType="13cdc9d9-ddb5-4fa4-a97d-d965ccfc6d4b" outcome="Passed" testListId="8c84fa94-04c1-424b-9868-57a2d4851a1d" relativeResultsDirectory="bbd81e54-92be-42e8-b316-7d25fe1f69a9" />
    <UnitTestResult executionId="3e31281e-c9c5-46d0-9cdb-f938e51e58fc" testId="13be2cf4-effd-8be3-a6f9-24ff7d1e55b4" testName="DeleteCategoryAsync_CategoryWithProducts_ThrowsCategoryHasProductsException" computerName="IVAN" duration="00:00:00.0036905" startTime="2026-01-31T13:15:10.6445622+02:00" endTime="2026-01-31T13:15:10.6483332+02:00" testType="13cdc9d9-ddb5-4fa4-a97d-d965ccfc6d4b" outcome="Passed" testListId="8c84fa94-04c1-424b-9868-57a2d4851a1d" relativeResultsDirectory="3e31281e-c9c5-46d0-9cdb-f938e51e58fc" />
    <UnitTestResult executionId="0793e617-c1a0-4492-93b7-78c6304e3ec3" testId="13fd866a-c485-892c-b4e8-4fa6508a6ab9" testName="VerifyPassword_CorrectPassword_ReturnsTrue" computerName="IVAN" duration="00:00:01.6424322" startTime="2026-01-31T13:15:09.6854035+02:00" endTime="2026-01-31T13:15:11.3477521+02:00" testType="13cdc9d9-ddb5-4fa4-a97d-d965ccfc6d4b" outcome="Passed" testListId="8c84fa94-04c1-424b-9868-57a2d4851a1d" relativeResultsDirectory="0793e617-c1a0-4492-93b7-78c6304e3ec3" />
    <UnitTestResult executionId="482e7a75-fa9e-4bf3-9369-857447771ec0" testId="1db0d55f-7ad7-86ba-bdb3-cda10b552c68" testName="ResetPasswordAsync_ValidToken_ResetsPassword" computerName="IVAN" duration="00:00:01.1296843" startTime="2026-01-31T13:15:09.9551068+02:00" endTime="2026-01-31T13:15:11.0849321+02:00" testType="13cdc9d9-ddb5-4fa4-a97d-d965ccfc6d4b" outcome="Passed" testListId="8c84fa94-04c1-424b-9868-57a2d4851a1d" relativeResultsDirectory="482e7a75-fa9e-4bf3-9369-857447771ec0" />
    <UnitTestResult executionId="331d0635-66ce-4642-af08-38b8983ddd13" testId="13dc106b-429e-8455-82ae-b011eb4c6f6d" testName="GetCategoryBySlugAsync_NonExistentSlug_ThrowsCategoryNotFoundException" computerName="IVAN" duration="00:00:00.0033043" startTime="2026-01-31T13:15:10.6346458+02:00" endTime="2026-01-31T13:15:10.6380558+02:00" testType="13cdc9d9-ddb5-4fa4-a97d-d965ccfc6d4b" outcome="Passed" testListId="8c84fa94-04c1-424b-9868-57a2d4851a1d" relativeResultsDirectory="331d0635-66ce-4642-af08-38b8983ddd13" />
    <UnitTestResult executionId="3f0a48ac-b14d-49f7-84ee-872c663a6a73" testId="10c16c71-2304-8c52-9012-111476c8a352" testName="IsProductInWishlistAsync_ReturnsValue" computerName="IVAN" duration="00:00:00.0036504" startTime="2026-01-31T13:15:11.6640850+02:00" endTime="2026-01-31T13:15:11.6678460+02:00" testType="13cdc9d9-ddb5-4fa4-a97d-d965ccfc6d4b" outcome="Passed" testListId="8c84fa94-04c1-424b-9868-57a2d4851a1d" relativeResultsDirectory="3f0a48ac-b14d-49f7-84ee-872c663a6a73" />
    <UnitTestResult executionId="80658d7e-81cf-4a45-be66-6dec524cf57d" testId="1b3a3cac-dc4e-8c71-9fb0-9809fb4d5976" testName="GetAllAsync_WithActiveFilter_ReturnsActiveOnly" computerName="IVAN" duration="00:00:00.0159514" startTime="2026-01-31T13:15:10.8466168+02:00" endTime="2026-01-31T13:15:10.8626892+02:00" testType="13cdc9d9-ddb5-4fa4-a97d-d965ccfc6d4b" outcome="Passed" testListId="8c84fa94-04c1-424b-9868-57a2d4851a1d" relativeResultsDirectory="80658d7e-81cf-4a45-be66-6dec524cf57d" />
    <UnitTestResult executionId="107218b7-1c38-44e1-b28f-954dc956da25" testId="1df170e4-602c-8adc-b67e-b982150ecdf8" testName="ResetPasswordAsync_InvalidToken_ThrowsInvalidTokenException" computerName="IVAN" duration="00:00:00.5579984" startTime="2026-01-31T13:15:09.9707090+02:00" endTime="2026-01-31T13:15:10.5288184+02:00" testType="13cdc9d9-ddb5-4fa4-a97d-d965ccfc6d4b" outcome="Passed" testListId="8c84fa94-04c1-424b-9868-57a2d4851a1d" relativeResultsDirectory="107218b7-1c38-44e1-b28f-954dc956da25" />
    <UnitTestResult executionId="53553a54-f0c2-40ec-bb0d-37ae602ef866" testId="10e540a9-b506-8af6-8e61-48d9669f765a" testName="GetCategoryByIdAsync_NonExistentId_ThrowsCategoryNotFoundException" computerName="IVAN" duration="00:00:00.0092891" startTime="2026-01-31T13:15:10.6271041+02:00" endTime="2026-01-31T13:15:10.6365027+02:00" testType="13cdc9d9-ddb5-4fa4-a97d-d965ccfc6d4b" outcome="Passed" testListId="8c84fa94-04c1-424b-9868-57a2d4851a1d" relativeResultsDirectory="53553a54-f0c2-40ec-bb0d-37ae602ef866" />
    <UnitTestResult executionId="bb26be76-6488-46e0-9707-bddfbbaf063d" testId="1bdf605c-f3da-8d5b-833c-8d299b39dec9" testName="UpdateOrderStatusAsync_OrderNotFound_ThrowsOrderNotFoundException" computerName="IVAN" duration="00:00:00.0034764" startTime="2026-01-31T13:15:10.6984908+02:00" endTime="2026-01-31T13:15:10.7020779+02:00" testType="13cdc9d9-ddb5-4fa4-a97d-d965ccfc6d4b" outcome="Passed" testListId="8c84fa94-04c1-424b-9868-57a2d4851a1d" relativeResultsDirectory="bb26be76-6488-46e0-9707-bddfbbaf063d" />
    <UnitTestResult executionId="c33b68d5-cafb-421f-8866-c29e4a35c92c" testId="12ae1d5e-fcc0-85f0-a305-aab2a589529e" testName="UpdateReviewAsync_ExpiredTime_ThrowsReviewUpdateTimeExpiredException" computerName="IVAN" duration="00:00:00.5353817" startTime="2026-01-31T13:15:11.2399655+02:00" endTime="2026-01-31T13:15:11.7755338+02:00" testType="13cdc9d9-ddb5-4fa4-a97d-d965ccfc6d4b" outcome="Passed" testListId="8c84fa94-04c1-424b-9868-57a2d4851a1d" relativeResultsDirectory="c33b68d5-cafb-421f-8866-c29e4a35c92c" />
    <UnitTestResult executionId="9598d733-59a3-4fc1-ac32-02e736ee1179" testId="1b2d0d1c-0020-8a9c-8aa8-b565c5954425" testName="GetProductReviewsAsync_ExistingProduct_ReturnsReviews" computerName="IVAN" duration="00:00:00.0353890" startTime="2026-01-31T13:15:10.8806716+02:00" endTime="2026-01-31T13:15:10.9165231+02:00" testType="13cdc9d9-ddb5-4fa4-a97d-d965ccfc6d4b" outcome="Passed" testListId="8c84fa94-04c1-424b-9868-57a2d4851a1d" relativeResultsDirectory="9598d733-59a3-4fc1-ac32-02e736ee1179" />
    <UnitTestResult executionId="dcf36660-0270-4d06-9a98-1124459b5ba3" testId="197fbbde-9c06-88d9-ae6d-946e9bfec9c5" testName="ValidateCartAsync_ProductNotFound_ThrowsProductNotFoundException" computerName="IVAN" duration="00:00:00.0152016" startTime="2026-01-31T13:15:10.6082163+02:00" endTime="2026-01-31T13:15:10.6234636+02:00" testType="13cdc9d9-ddb5-4fa4-a97d-d965ccfc6d4b" outcome="Passed" testListId="8c84fa94-04c1-424b-9868-57a2d4851a1d" relativeResultsDirectory="dcf36660-0270-4d06-9a98-1124459b5ba3" />
    <UnitTestResult executionId="f1d6a820-3cdb-4b49-93d8-b1161eacab5e" testId="1f4ffefb-79a0-8e72-8eba-126ee5d00bce" testName="ValidateCartAsync_ValidCart_CompletesSuccessfully" computerName="IVAN" duration="00:00:00.0256359" startTime="2026-01-31T13:15:10.6078176+02:00" endTime="2026-01-31T13:15:10.6345371+02:00" testType="13cdc9d9-ddb5-4fa4-a97d-d965ccfc6d4b" outcome="Passed" testListId="8c84fa94-04c1-424b-9868-57a2d4851a1d" relativeResultsDirectory="f1d6a820-3cdb-4b49-93d8-b1161eacab5e" />
    <UnitTestResult executionId="1d673930-eb5a-4a29-8b1d-c56a79b89044" testId="106caa12-a41a-8a0e-801b-236a21b27264" testName="AddToCartAsync_InsufficientStock_ThrowsInsufficientStockException" computerName="IVAN" duration="00:00:00.0091869" startTime="2026-01-31T13:15:10.5757879+02:00" endTime="2026-01-31T13:15:10.5850689+02:00" testType="13cdc9d9-ddb5-4fa4-a97d-d965ccfc6d4b" outcome="Passed" testListId="8c84fa94-04c1-424b-9868-57a2d4851a1d" relativeResultsDirectory="1d673930-eb5a-4a29-8b1d-c56a79b89044" />
    <UnitTestResult executionId="31431c6f-e965-4a89-8c3c-f36b8b257a3b" testId="1a5a0750-1716-868d-9412-9c47fae3323c" testName="GetLowStockProductsAsync_ReturnsLowStockItems" computerName="IVAN" duration="00:00:00.0036291" startTime="2026-01-31T13:15:10.8216663+02:00" endTime="2026-01-31T13:15:10.8254092+02:00" testType="13cdc9d9-ddb5-4fa4-a97d-d965ccfc6d4b" outcome="Passed" testListId="8c84fa94-04c1-424b-9868-57a2d4851a1d" relativeResultsDirectory="31431c6f-e965-4a89-8c3c-f36b8b257a3b" />
    <UnitTestResult executionId="2ae6ee60-461d-4aea-92c0-601dac465565" testId="1c5e2d97-982e-8774-8720-52ffeb3d6cfb" testName="VerifyEmailAsync_InvalidToken_ThrowsInvalidTokenException" computerName="IVAN" duration="00:00:00.8787650" startTime="2026-01-31T13:15:09.6853702+02:00" endTime="2026-01-31T13:15:10.5840289+02:00" testType="13cdc9d9-ddb5-4fa4-a97d-d965ccfc6d4b" outcome="Passed" testListId="8c84fa94-04c1-424b-9868-57a2d4851a1d" relativeResultsDirectory="2ae6ee60-461d-4aea-92c0-601dac465565" />
    <UnitTestResult executionId="f4a464d5-ee50-45f9-8f54-365ad0aff078" testId="1fccdaf8-e1b6-840f-b08e-03090334cdc3" testName="GetCartByIdAsync_ExistingCart_ReturnsCart" computerName="IVAN" duration="00:00:00.0077055" startTime="2026-01-31T13:15:10.5986876+02:00" endTime="2026-01-31T13:15:10.6064937+02:00" testType="13cdc9d9-ddb5-4fa4-a97d-d965ccfc6d4b" outcome="Passed" testListId="8c84fa94-04c1-424b-9868-57a2d4851a1d" relativeResultsDirectory="f4a464d5-ee50-45f9-8f54-365ad0aff078" />
    <UnitTestResult executionId="4b7af0cd-1684-43fd-ab7b-13624ee6d220" testId="1baa5d61-7bb3-8751-8c13-2cf589b4126c" testName="GetOrCreateCartAsync_NewUserCart_CreatesCart" computerName="IVAN" duration="00:00:00.0433351" startTime="2026-01-31T13:15:10.5284747+02:00" endTime="2026-01-31T13:15:10.5720797+02:00" testType="13cdc9d9-ddb5-4fa4-a97d-d965ccfc6d4b" outcome="Passed" testListId="8c84fa94-04c1-424b-9868-57a2d4851a1d" relativeResultsDirectory="4b7af0cd-1684-43fd-ab7b-13624ee6d220" />
    <UnitTestResult executionId="0e025df1-18e5-412e-8b89-f8b4acd1bf60" testId="108c856a-0e88-8404-b334-66d4f30f14f8" testName="UpdateReviewAsync_NotOwner_ThrowsUnauthorizedAccessException" computerName="IVAN" duration="00:00:01.1211964" startTime="2026-01-31T13:15:11.0850011+02:00" endTime="2026-01-31T13:15:12.2063039+02:00" testType="13cdc9d9-ddb5-4fa4-a97d-d965ccfc6d4b" outcome="Passed" testListId="8c84fa94-04c1-424b-9868-57a2d4851a1d" relativeResultsDirectory="0e025df1-18e5-412e-8b89-f8b4acd1bf60" />
    <UnitTestResult executionId="515dcbe4-a505-448f-beb3-b62eda4c7f26" testId="12ff928a-8c81-8a38-9862-57f26089429b" testName="ValidateTokenAsync_ValidToken_ReturnsTrue" computerName="IVAN" duration="00:00:00.2868622" startTime="2026-01-31T13:15:09.6854322+02:00" endTime="2026-01-31T13:15:09.9921066+02:00" testType="13cdc9d9-ddb5-4fa4-a97d-d965ccfc6d4b" outcome="Passed" testListId="8c84fa94-04c1-424b-9868-57a2d4851a1d" relativeResultsDirectory="515dcbe4-a505-448f-beb3-b62eda4c7f26" />
    <UnitTestResult executionId="f8ee30fb-2cd9-4b6f-ac3c-619b731fc191" testId="1e6ea0ad-c442-8a45-a947-d5c340789e08" testName="UpdateCartItemAsync_QuantityZero_RemovesItem" computerName="IVAN" duration="00:00:00.0058547" startTime="2026-01-31T13:15:10.5874332+02:00" endTime="2026-01-31T13:15:10.5933414+02:00" testType="13cdc9d9-ddb5-4fa4-a97d-d965ccfc6d4b" outcome="Passed" testListId="8c84fa94-04c1-424b-9868-57a2d4851a1d" relativeResultsDirectory="f8ee30fb-2cd9-4b6f-ac3c-619b731fc191" />
    <UnitTestResult executionId="34370245-ace1-4c6b-b962-76444c73156a" testId="11067293-26c2-87cd-8ffd-e83630e481dd" testName="CreateOrderAsync_WithPromoCode_AppliesDiscount" computerName="IVAN" duration="00:00:00.5914391" startTime="2026-01-31T13:15:10.6483732+02:00" endTime="2026-01-31T13:15:11.2398870+02:00" testType="13cdc9d9-ddb5-4fa4-a97d-d965ccfc6d4b" outcome="Passed" testListId="8c84fa94-04c1-424b-9868-57a2d4851a1d" relativeResultsDirectory="34370245-ace1-4c6b-b962-76444c73156a" />
    <UnitTestResult executionId="3adc25eb-9785-421b-a8e8-794555d4eab2" testId="15d9a171-09cc-80db-88ff-b4ca08e0e989" testName="GetCategoryBySlugAsync_ExistingSlug_ReturnsCategory" computerName="IVAN" duration="00:00:00.0102025" startTime="2026-01-31T13:15:10.6306470+02:00" endTime="2026-01-31T13:15:10.6410040+02:00" testType="13cdc9d9-ddb5-4fa4-a97d-d965ccfc6d4b" outcome="Passed" testListId="8c84fa94-04c1-424b-9868-57a2d4851a1d" relativeResultsDirectory="3adc25eb-9785-421b-a8e8-794555d4eab2" />
    <UnitTestResult executionId="edb39abf-afc9-459d-b69f-50449ad34dbd" testId="129f5510-651e-8597-af80-98bc5ef3f3e0" testName="ValidateCartAsync_InsufficientStock_ThrowsInsufficientStockException" computerName="IVAN" duration="00:00:00.0176542" startTime="2026-01-31T13:15:10.6092988+02:00" endTime="2026-01-31T13:15:10.6270298+02:00" testType="13cdc9d9-ddb5-4fa4-a97d-d965ccfc6d4b" outcome="Passed" testListId="8c84fa94-04c1-424b-9868-57a2d4851a1d" relativeResultsDirectory="edb39abf-afc9-459d-b69f-50449ad34dbd" />
    <UnitTestResult executionId="bb161e81-d37e-48cf-998f-bc9079c2d874" testId="112aad86-a51e-8f59-99cd-27098813f036" testName="GetOrderByIdAsync_OrderNotFound_ReturnsNull" computerName="IVAN" duration="00:00:00.0019750" startTime="2026-01-31T13:15:10.6851931+02:00" endTime="2026-01-31T13:15:10.6872729+02:00" testType="13cdc9d9-ddb5-4fa4-a97d-d965ccfc6d4b" outcome="Passed" testListId="8c84fa94-04c1-424b-9868-57a2d4851a1d" relativeResultsDirectory="bb161e81-d37e-48cf-998f-bc9079c2d874" />
    <UnitTestResult executionId="12f7cf8d-92ac-42ca-8045-a7b97d68adfc" testId="1402d172-c896-868f-bc84-5f42a6766672" testName="GetByIdAsync_NonExistentId_ReturnsNull" computerName="IVAN" duration="00:00:00.0042991" startTime="2026-01-31T13:15:10.8515911+02:00" endTime="2026-01-31T13:15:10.8560123+02:00" testType="13cdc9d9-ddb5-4fa4-a97d-d965ccfc6d4b" outcome="Passed" testListId="8c84fa94-04c1-424b-9868-57a2d4851a1d" relativeResultsDirectory="12f7cf8d-92ac-42ca-8045-a7b97d68adfc" />
    <UnitTestResult executionId="89e3120c-2b27-4e2a-8476-21c0630ec885" testId="168af024-c2fe-81ad-bfd6-86d9babeadd6" testName="UpdateReviewAsync_ValidData_UpdatesReview" computerName="IVAN" duration="00:00:00.5840865" startTime="2026-01-31T13:15:11.0797967+02:00" endTime="2026-01-31T13:15:11.6639960+02:00" testType="13cdc9d9-ddb5-4fa4-a97d-d965ccfc6d4b" outcome="Passed" testListId="8c84fa94-04c1-424b-9868-57a2d4851a1d" relativeResultsDirectory="89e3120c-2b27-4e2a-8476-21c0630ec885" />
    <UnitTestResult executionId="bdeadcdb-779c-4e5b-8f33-c385c18eb965" testId="11da9ac3-9117-8f1a-ae36-79b54311e75c" testName="GetUserWishlistAsync_UserNotFound_ThrowsUserNotFoundException" computerName="IVAN" duration="00:00:00.0050717" startTime="2026-01-31T13:15:11.3478606+02:00" endTime="2026-01-31T13:15:11.3530454+02:00" testType="13cdc9d9-ddb5-4fa4-a97d-d965ccfc6d4b" outcome="Passed" testListId="8c84fa94-04c1-424b-9868-57a2d4851a1d" relativeResultsDirectory="bdeadcdb-779c-4e5b-8f33-c385c18eb965" />
    <UnitTestResult executionId="42fdc2fa-9e24-4daf-8414-e7982a4e1f91" testId="170de74f-9f1b-8237-9857-45687f9aeab0" testName="GeneratePasswordResetTokenAsync_ValidEmail_ReturnsToken" computerName="IVAN" duration="00:00:00.6042655" startTime="2026-01-31T13:15:09.9552141+02:00" endTime="2026-01-31T13:15:10.5596320+02:00" testType="13cdc9d9-ddb5-4fa4-a97d-d965ccfc6d4b" outcome="Passed" testListId="8c84fa94-04c1-424b-9868-57a2d4851a1d" relativeResultsDirectory="42fdc2fa-9e24-4daf-8414-e7982a4e1f91" />
    <UnitTestResult executionId="41d75a4b-c88c-43a7-812c-0ca2e08e0d2b" testId="15d5c233-995f-8154-83ce-f820351e9f99" testName="AddToCartAsync_ExistingItem_IncrementsQuantity" computerName="IVAN" duration="00:00:00.0137179" startTime="2026-01-31T13:15:10.5735890+02:00" endTime="2026-01-31T13:15:10.5873856+02:00" testType="13cdc9d9-ddb5-4fa4-a97d-d965ccfc6d4b" outcome="Passed" testListId="8c84fa94-04c1-424b-9868-57a2d4851a1d" relativeResultsDirectory="41d75a4b-c88c-43a7-812c-0ca2e08e0d2b" />
    <UnitTestResult executionId="f82573e8-991a-44c8-a1bf-15b86359224e" testId="1da9a402-afba-87f2-b290-6ac73a7314f3" testName="AddToCartAsync_ProductNotFound_ThrowsProductNotFoundException" computerName="IVAN" duration="00:00:00.0052015" startTime="2026-01-31T13:15:10.5855247+02:00" endTime="2026-01-31T13:15:10.5908402+02:00" testType="13cdc9d9-ddb5-4fa4-a97d-d965ccfc6d4b" outcome="Passed" testListId="8c84fa94-04c1-424b-9868-57a2d4851a1d" relativeResultsDirectory="f82573e8-991a-44c8-a1bf-15b86359224e" />
    <UnitTestResult executionId="d87ee489-2916-4482-a388-72ce3c41ac47" testId="152aba78-c084-8456-83ac-1798834fc1b9" testName="CreateProductAsync_DuplicateSlug_ThrowsDuplicateProductSlugException" computerName="IVAN" duration="00:00:00.0033624" startTime="2026-01-31T13:15:10.7696743+02:00" endTime="2026-01-31T13:15:10.7731463+02:00" testType="13cdc9d9-ddb5-4fa4-a97d-d965ccfc6d4b" outcome="Passed" testListId="8c84fa94-04c1-424b-9868-57a2d4851a1d" relativeResultsDirectory="d87ee489-2916-4482-a388-72ce3c41ac47" />
    <UnitTestResult executionId="56fcce29-338e-475a-ab6e-b82e2a7d7b8e" testId="1d4e8fff-502d-8ae3-ab03-9d18cbeed81f" testName="UpdateCartItemAsync_NegativeQuantity_ThrowsInvalidQuantityException" computerName="IVAN" duration="00:00:00.0029191" startTime="2026-01-31T13:15:10.5909470+02:00" endTime="2026-01-31T13:15:10.5939696+02:00" testType="13cdc9d9-ddb5-4fa4-a97d-d965ccfc6d4b" outcome="Passed" testListId="8c84fa94-04c1-424b-9868-57a2d4851a1d" relativeResultsDirectory="56fcce29-338e-475a-ab6e-b82e2a7d7b8e" />
    <UnitTestResult executionId="54dc9b76-517f-442a-9108-624f993335e4" testId="1bfffd90-43cc-8497-a09d-3af4fe423c5e" testName="GetOrderByIdAsync_ExistingOrder_ReturnsOrder" computerName="IVAN" duration="00:00:00.0063840" startTime="2026-01-31T13:15:10.6786221+02:00" endTime="2026-01-31T13:15:10.6851090+02:00" testType="13cdc9d9-ddb5-4fa4-a97d-d965ccfc6d4b" outcome="Passed" testListId="8c84fa94-04c1-424b-9868-57a2d4851a1d" relativeResultsDirectory="54dc9b76-517f-442a-9108-624f993335e4" />
    <UnitTestResult executionId="5dc94147-1d2c-4443-a89d-76bc27e3e401" testId="13182a6f-e5bb-87f1-b97e-41d2782aabe2" testName="GetCartByIdAsync_CartNotFound_ThrowsCartNotFoundException" computerName="IVAN" duration="00:00:00.0188979" startTime="2026-01-31T13:15:10.6033935+02:00" endTime="2026-01-31T13:15:10.6223915+02:00" testType="13cdc9d9-ddb5-4fa4-a97d-d965ccfc6d4b" outcome="Passed" testListId="8c84fa94-04c1-424b-9868-57a2d4851a1d" relativeResultsDirectory="5dc94147-1d2c-4443-a89d-76bc27e3e401" />
    <UnitTestResult executionId="0076aa74-da7e-4514-8962-fc55c360051b" testId="15dabeb9-0eba-8826-8f66-266944dd6b11" testName="IncrementUsedCountAsync_AtMaxUses_ThrowsException" computerName="IVAN" duration="00:00:00.0245168" startTime="2026-01-31T13:15:10.8802933+02:00" endTime="2026-01-31T13:15:10.9048963+02:00" testType="13cdc9d9-ddb5-4fa4-a97d-d965ccfc6d4b" outcome="Passed" testListId="8c84fa94-04c1-424b-9868-57a2d4851a1d" relativeResultsDirectory="0076aa74-da7e-4514-8962-fc55c360051b" />
    <UnitTestResult executionId="bdf9048a-f7ed-4f74-a473-342b1de09e10" testId="14968dd5-a7bf-8ae8-a271-4fef7ef760c7" testName="UpdateProductAsync_NonExistentId_ThrowsProductNotFoundException" computerName="IVAN" duration="00:00:00.0029189" startTime="2026-01-31T13:15:10.7818391+02:00" endTime="2026-01-31T13:15:10.7848776+02:00" testType="13cdc9d9-ddb5-4fa4-a97d-d965ccfc6d4b" outcome="Passed" testListId="8c84fa94-04c1-424b-9868-57a2d4851a1d" relativeResultsDirectory="bdf9048a-f7ed-4f74-a473-342b1de09e10" />
    <UnitTestResult executionId="1875fda3-8abe-4d6d-af68-45de1beca760" testId="1b6f1db7-f184-8707-92aa-8ca8009534a1" testName="ChangePasswordAsync_UserNotFound_ThrowsUserNotFoundException" computerName="IVAN" duration="00:00:00.0043694" startTime="2026-01-31T13:15:10.5236769+02:00" endTime="2026-01-31T13:15:10.5283063+02:00" testType="13cdc9d9-ddb5-4fa4-a97d-d965ccfc6d4b" outcome="Passed" testListId="8c84fa94-04c1-424b-9868-57a2d4851a1d" relativeResultsDirectory="1875fda3-8abe-4d6d-af68-45de1beca760" />
    <UnitTestResult executionId="e4f1cbf9-cd23-47e5-a2c0-bb6a96c26089" testId="1f26a837-f7d9-814c-a7b4-4b55091b819b" testName="CreateOrderAsync_ValidOrder_CreatesOrder" computerName="IVAN" duration="00:00:00.6270780" startTime="2026-01-31T13:15:10.6470646+02:00" endTime="2026-01-31T13:15:11.2742922+02:00" testType="13cdc9d9-ddb5-4fa4-a97d-d965ccfc6d4b" outcome="Passed" testListId="8c84fa94-04c1-424b-9868-57a2d4851a1d" relativeResultsDirectory="e4f1cbf9-cd23-47e5-a2c0-bb6a96c26089" />
    <UnitTestResult executionId="a39191eb-4e3c-4aa4-bdc5-2d2a6b844101" testId="1156e44e-ca4d-898e-be4e-2e124683f357" testName="GetProductByIdAsync_NonExistent_ThrowsProductNotFoundException" computerName="IVAN" duration="00:00:00.0023462" startTime="2026-01-31T13:15:10.7952284+02:00" endTime="2026-01-31T13:15:10.7976557+02:00" testType="13cdc9d9-ddb5-4fa4-a97d-d965ccfc6d4b" outcome="Passed" testListId="8c84fa94-04c1-424b-9868-57a2d4851a1d" relativeResultsDirectory="a39191eb-4e3c-4aa4-bdc5-2d2a6b844101" />
    <UnitTestResult executionId="ca8bfd40-5f89-4d2c-a6f5-17e92e198d18" testId="140cf08d-cc78-887b-b0f0-af7fd5fcf023" testName="GetUserWishlistAsync_ReturnsWishlist" computerName="IVAN" duration="00:00:00.5744388" startTime="2026-01-31T13:15:11.3405042+02:00" endTime="2026-01-31T13:15:11.9151236+02:00" testType="13cdc9d9-ddb5-4fa4-a97d-d965ccfc6d4b" outcome="Passed" testListId="8c84fa94-04c1-424b-9868-57a2d4851a1d" relativeResultsDirectory="ca8bfd40-5f89-4d2c-a6f5-17e92e198d18" />
    <UnitTestResult executionId="4ae50f82-4512-44da-8944-f69eca6d6732" testId="18cb0f66-baa2-8c1f-9aee-0d4ffda07386" testName="GetProductBySlugAsync_NonExistentSlug_ThrowsProductNotFoundException" computerName="IVAN" duration="00:00:00.0021993" startTime="2026-01-31T13:15:10.7576302+02:00" endTime="2026-01-31T13:15:10.7599480+02:00" testType="13cdc9d9-ddb5-4fa4-a97d-d965ccfc6d4b" outcome="Passed" testListId="8c84fa94-04c1-424b-9868-57a2d4851a1d" relativeResultsDirectory="4ae50f82-4512-44da-8944-f69eca6d6732" />
    <UnitTestResult executionId="dd951387-4adb-405e-bd6c-244749ccd596" testId="16b8eb5c-f0fd-84a2-9ace-dfd580b10749" testName="ChangePasswordAsync_InvalidOldPassword_ThrowsInvalidCredentialsException" computerName="IVAN" duration="00:00:02.2016295" startTime="2026-01-31T13:15:09.9921967+02:00" endTime="2026-01-31T13:15:12.1939466+02:00" testType="13cdc9d9-ddb5-4fa4-a97d-d965ccfc6d4b" outcome="Passed" testListId="8c84fa94-04c1-424b-9868-57a2d4851a1d" relativeResultsDirectory="dd951387-4adb-405e-bd6c-244749ccd596" />
    <UnitTestResult executionId="cbc9c3cb-f48b-433d-a8d1-4016e5ec2315" testId="17f00912-d9bc-8b08-b0b8-d489c1ed7481" testName="ClearWishlistAsync_RemovesAll_ReturnsEmpty" computerName="IVAN" duration="00:00:00.5218411" startTime="2026-01-31T13:15:11.6679267+02:00" endTime="2026-01-31T13:15:12.1898772+02:00" testType="13cdc9d9-ddb5-4fa4-a97d-d965ccfc6d4b" outcome="Passed" testListId="8c84fa94-04c1-424b-9868-57a2d4851a1d" relativeResultsDirectory="cbc9c3cb-f48b-433d-a8d1-4016e5ec2315" />
    <UnitTestResult executionId="7356ca18-8632-470c-80c2-7ab2a866ca7f" testId="14bbf482-0273-8d31-80c4-da62270c5e16" testName="UpdateCategoryAsync_NonExistentId_ThrowsCategoryNotFoundException" computerName="IVAN" duration="00:00:00.0049333" startTime="2026-01-31T13:15:10.6394531+02:00" endTime="2026-01-31T13:15:10.6444633+02:00" testType="13cdc9d9-ddb5-4fa4-a97d-d965ccfc6d4b" outcome="Passed" testListId="8c84fa94-04c1-424b-9868-57a2d4851a1d" relativeResultsDirectory="7356ca18-8632-470c-80c2-7ab2a866ca7f" />
    <UnitTestResult executionId="c4cfc9bc-8de7-421c-bfcd-8f53db22d072" testId="1991cba7-18db-8ede-8cff-edc5fcf15dac" testName="GetOrCreateCartAsync_ExistingCart_ReturnsCart" computerName="IVAN" duration="00:00:00.0092101" startTime="2026-01-31T13:15:10.5597209+02:00" endTime="2026-01-31T13:15:10.5690477+02:00" testType="13cdc9d9-ddb5-4fa4-a97d-d965ccfc6d4b" outcome="Passed" testListId="8c84fa94-04c1-424b-9868-57a2d4851a1d" relativeResultsDirectory="c4cfc9bc-8de7-421c-bfcd-8f53db22d072" />
    <UnitTestResult executionId="52170b0f-00f9-4a1f-a410-835651c408a2" testId="17723e76-494f-8240-87d1-f41892ee12ba" testName="RemoveFromWishlistAsync_NotFound_ThrowsWishlistItemNotFoundException" computerName="IVAN" duration="00:00:00.5108344" startTime="2026-01-31T13:15:11.5742814+02:00" endTime="2026-01-31T13:15:12.0852381+02:00" testType="13cdc9d9-ddb5-4fa4-a97d-d965ccfc6d4b" outcome="Passed" testListId="8c84fa94-04c1-424b-9868-57a2d4851a1d" relativeResultsDirectory="52170b0f-00f9-4a1f-a410-835651c408a2" />
    <UnitTestResult executionId="3e46a20d-50d2-4e40-9d46-da8d5b08c27a" testId="1c4f2ad2-af96-8bd3-ad58-49083bc79744" testName="GetCartAsync_ExistingCart_ReturnsCart" computerName="IVAN" duration="00:00:00.0042657" startTime="2026-01-31T13:15:10.5691631+02:00" endTime="2026-01-31T13:15:10.5735263+02:00" testType="13cdc9d9-ddb5-4fa4-a97d-d965ccfc6d4b" outcome="Passed" testListId="8c84fa94-04c1-424b-9868-57a2d4851a1d" relativeResultsDirectory="3e46a20d-50d2-4e40-9d46-da8d5b08c27a" />
    <UnitTestResult executionId="924a1bbe-d08e-4f91-ae5b-36ecc5cc8211" testId="1b8e6f8a-a240-8f1e-862a-c466006bb2f1" testName="ValidatePromoCodeAsync_ExpiredCode_ReturnsInvalid" computerName="IVAN" duration="00:00:00.0069550" startTime="2026-01-31T13:15:10.8735328+02:00" endTime="2026-01-31T13:15:10.8805675+02:00" testType="13cdc9d9-ddb5-4fa4-a97d-d965ccfc6d4b" outcome="Passed" testListId="8c84fa94-04c1-424b-9868-57a2d4851a1d" relativeResultsDirectory="924a1bbe-d08e-4f91-ae5b-36ecc5cc8211" />
    <UnitTestResult executionId="e02bb1e3-8ffb-473c-bdcf-c71aed743a52" testId="110de8d6-96b7-852d-abb0-68b870d2e0b0" testName="UpdateProductAsync_DuplicateSlug_ThrowsDuplicateProductSlugException" computerName="IVAN" duration="00:00:00.0058869" startTime="2026-01-31T13:15:10.8233055+02:00" endTime="2026-01-31T13:15:10.8292977+02:00" testType="13cdc9d9-ddb5-4fa4-a97d-d965ccfc6d4b" outcome="Passed" testListId="8c84fa94-04c1-424b-9868-57a2d4851a1d" relativeResultsDirectory="e02bb1e3-8ffb-473c-bdcf-c71aed743a52" />
    <UnitTestResult executionId="e8afbef5-1fbd-43ee-8088-1a0968114b44" testId="1e25d6ad-849f-84a2-a413-50d5f4d74166" testName="CreateUser_ReturnsValidUser" computerName="IVAN" duration="00:00:00.4834854" startTime="2026-01-31T13:15:11.7439285+02:00" endTime="2026-01-31T13:15:12.2276063+02:00" testType="13cdc9d9-ddb5-4fa4-a97d-d965ccfc6d4b" outcome="Passed" testListId="8c84fa94-04c1-424b-9868-57a2d4851a1d" relativeResultsDirectory="e8afbef5-1fbd-43ee-8088-1a0968114b44" />
    <UnitTestResult executionId="d0ea5ce3-4dff-40af-9b49-32224694b88a" testId="151325c6-6376-87a7-9516-4756cb82e334" testName="CreateReviewAsync_ValidData_CreatesReview" computerName="IVAN" duration="00:00:00.5428934" startTime="2026-01-31T13:15:10.9118997+02:00" endTime="2026-01-31T13:15:11.4548876+02:00" testType="13cdc9d9-ddb5-4fa4-a97d-d965ccfc6d4b" outcome="Passed" testListId="8c84fa94-04c1-424b-9868-57a2d4851a1d" relativeResultsDirectory="d0ea5ce3-4dff-40af-9b49-32224694b88a" />
    <UnitTestResult executionId="da8f385f-a893-4b7b-8c81-a1b5d4b711f4" testId="1731dcd1-b7e7-8dbc-88bd-304c350cc92f" testName="VerifyPassword_IncorrectPassword_ReturnsFalse" computerName="IVAN" duration="00:00:01.3302646" startTime="2026-01-31T13:15:09.6853969+02:00" endTime="2026-01-31T13:15:11.0355681+02:00" testType="13cdc9d9-ddb5-4fa4-a97d-d965ccfc6d4b" outcome="Passed" testListId="8c84fa94-04c1-424b-9868-57a2d4851a1d" relativeResultsDirectory="da8f385f-a893-4b7b-8c81-a1b5d4b711f4" />
    <UnitTestResult executionId="fd1d8e39-69fb-4598-b6f3-212931bf084e" testId="10e2bf59-8e9d-8d81-9a7d-72cc8078bb86" testName="GetAllOrdersAsync_WithOrders_ReturnsPaginatedResult" computerName="IVAN" duration="00:00:00.0054142" startTime="2026-01-31T13:15:10.7344825+02:00" endTime="2026-01-31T13:15:10.7400203+02:00" testType="13cdc9d9-ddb5-4fa4-a97d-d965ccfc6d4b" outcome="Passed" testListId="8c84fa94-04c1-424b-9868-57a2d4851a1d" relativeResultsDirectory="fd1d8e39-69fb-4598-b6f3-212931bf084e" />
    <UnitTestResult executionId="f5532acd-4ce0-44d3-ac2c-a36bb31219ab" testId="1f228d66-e6cb-80f8-a106-6e46274612ea" testName="GeneratePasswordResetTokenAsync_InvalidEmail_ReturnsDummyToken" computerName="IVAN" duration="00:00:00.0067805" startTime="2026-01-31T13:15:09.9711373+02:00" endTime="2026-01-31T13:15:09.9780057+02:00" testType="13cdc9d9-ddb5-4fa4-a97d-d965ccfc6d4b" outcome="Passed" testListId="8c84fa94-04c1-424b-9868-57a2d4851a1d" relativeResultsDirectory="f5532acd-4ce0-44d3-ac2c-a36bb31219ab" />
    <UnitTestResult executionId="a1a1e7a9-f9ef-4adb-bdf7-71021ffff0fb" testId="120e3139-1426-88bd-b861-3f9afdb52145" testName="CancelOrderAsync_AlreadyDelivered_ThrowsInvalidOrderStatusException" computerName="IVAN" duration="00:00:00.0032107" startTime="2026-01-31T13:15:10.7239374+02:00" endTime="2026-01-31T13:15:10.7272521+02:00" testType="13cdc9d9-ddb5-4fa4-a97d-d965ccfc6d4b" outcome="Passed" testListId="8c84fa94-04c1-424b-9868-57a2d4851a1d" relativeResultsDirectory="a1a1e7a9-f9ef-4adb-bdf7-71021ffff0fb" />
    <UnitTestResult executionId="0b33172c-341b-4c58-8000-9f06df4a9562" testId="157de262-81ab-8fc6-a72b-29aa36251b67" testName="GetPendingReviewsAsync_ReturnsPending" computerName="IVAN" duration="00:00:00.0034898" startTime="2026-01-31T13:15:11.3339536+02:00" endTime="2026-01-31T13:15:11.3375398+02:00" testType="13cdc9d9-ddb5-4fa4-a97d-d965ccfc6d4b" outcome="Passed" testListId="8c84fa94-04c1-424b-9868-57a2d4851a1d" relativeResultsDirectory="0b33172c-341b-4c58-8000-9f06df4a9562" />
    <UnitTestResult executionId="85a9de1e-efd9-44c3-a400-da939890b097" testId="19869e73-9135-8e0d-a64b-583cb37ff646" testName="DeleteCategoryAsync_NonExistentId_ThrowsCategoryNotFoundException" computerName="IVAN" duration="00:00:00.0034141" startTime="2026-01-31T13:15:10.6421698+02:00" endTime="2026-01-31T13:15:10.6456483+02:00" testType="13cdc9d9-ddb5-4fa4-a97d-d965ccfc6d4b" outcome="Passed" testListId="8c84fa94-04c1-424b-9868-57a2d4851a1d" relativeResultsDirectory="85a9de1e-efd9-44c3-a400-da939890b097" />
    <UnitTestResult executionId="f8478524-8d45-4706-9185-871b081324e9" testId="1b4bb5c1-40e4-8173-b3fb-c6046cc0ceb4" testName="GetOrCreateCartAsync_NewSessionCart_CreatesCart" computerName="IVAN" duration="00:00:00.0403566" startTime="2026-01-31T13:15:10.5309471+02:00" endTime="2026-01-31T13:15:10.5714095+02:00" testType="13cdc9d9-ddb5-4fa4-a97d-d965ccfc6d4b" outcome="Passed" testListId="8c84fa94-04c1-424b-9868-57a2d4851a1d" relativeResultsDirectory="f8478524-8d45-4706-9185-871b081324e9" />
    <UnitTestResult executionId="8fc7a1d1-55e9-4150-893f-173ed419880e" testId="13decd07-f868-8284-aa4b-9ce0fa680c90" testName="RegisterAsync_ValidData_CreatesUserAndReturnsAuthResponse" computerName="IVAN" duration="00:00:01.1579037" startTime="2026-01-31T13:15:09.6854165+02:00" endTime="2026-01-31T13:15:10.8631301+02:00" testType="13cdc9d9-ddb5-4fa4-a97d-d965ccfc6d4b" outcome="Passed" testListId="8c84fa94-04c1-424b-9868-57a2d4851a1d" relativeResultsDirectory="8fc7a1d1-55e9-4150-893f-173ed419880e" />
    <UnitTestResult executionId="362d7293-5e06-4a45-9c15-f5114b0489e2" testId="1825e357-5417-8bed-b2a5-b189cdd2c462" testName="CancelOrderAsync_OrderNotFound_ReturnsFalse" computerName="IVAN" duration="00:00:00.0020449" startTime="2026-01-31T13:15:10.7169077+02:00" endTime="2026-01-31T13:15:10.7190466+02:00" testType="13cdc9d9-ddb5-4fa4-a97d-d965ccfc6d4b" outcome="Passed" testListId="8c84fa94-04c1-424b-9868-57a2d4851a1d" relativeResultsDirectory="362d7293-5e06-4a45-9c15-f5114b0489e2" />
    <UnitTestResult executionId="bedc95e3-677b-4167-bd72-3346ff9ccc57" testId="1f3fa92f-3d2a-81d7-bcbc-51434a09d5a8" testName="GetOrderByNumberAsync_ExistingOrder_ReturnsOrder" computerName="IVAN" duration="00:00:00.0025596" startTime="2026-01-31T13:15:10.6873555+02:00" endTime="2026-01-31T13:15:10.6900081+02:00" testType="13cdc9d9-ddb5-4fa4-a97d-d965ccfc6d4b" outcome="Passed" testListId="8c84fa94-04c1-424b-9868-57a2d4851a1d" relativeResultsDirectory="bedc95e3-677b-4167-bd72-3346ff9ccc57" />
    <UnitTestResult executionId="f02f7a3a-fa9a-4f8a-b315-104cd6a95edc" testId="1990df15-3025-8212-afa5-3b826c02f29f" testName="CreateAsync_InvalidPercentage_ThrowsInvalidPromoCodeConfigurationException" computerName="IVAN" duration="00:00:00.0150291" startTime="2026-01-31T13:15:10.8631635+02:00" endTime="2026-01-31T13:15:10.8782527+02:00" testType="13cdc9d9-ddb5-4fa4-a97d-d965ccfc6d4b" outcome="Passed" testListId="8c84fa94-04c1-424b-9868-57a2d4851a1d" relativeResultsDirectory="f02f7a3a-fa9a-4f8a-b315-104cd6a95edc" />
    <UnitTestResult executionId="bdf05249-5ca4-4730-b604-1e5639fe325b" testId="1e751c67-04cc-8e22-abb0-ae2b80e0003e" testName="GetDashboardStatsAsync_HandlesEmptyTrends" computerName="IVAN" duration="00:00:00.0226417" startTime="2026-01-31T13:15:10.6469842+02:00" endTime="2026-01-31T13:15:10.6697293+02:00" testType="13cdc9d9-ddb5-4fa4-a97d-d965ccfc6d4b" outcome="Passed" testListId="8c84fa94-04c1-424b-9868-57a2d4851a1d" relativeResultsDirectory="bdf05249-5ca4-4730-b604-1e5639fe325b" />
    <UnitTestResult executionId="fcca5073-e10f-4688-9267-81ca075233de" testId="1571570f-2c3a-8ea3-916d-054b7ac8a9e7" testName="LoginAsync_InvalidPassword_ThrowsInvalidCredentialsException" computerName="IVAN" duration="00:00:02.0604816" startTime="2026-01-31T13:15:09.6854476+02:00" endTime="2026-01-31T13:15:11.7657379+02:00" testType="13cdc9d9-ddb5-4fa4-a97d-d965ccfc6d4b" outcome="Passed" testListId="8c84fa94-04c1-424b-9868-57a2d4851a1d" relativeResultsDirectory="fcca5073-e10f-4688-9267-81ca075233de" />
    <UnitTestResult executionId="a70bcbdd-b3d1-47cf-b4a0-411713202d74" testId="1747785b-52fe-80f9-bdbd-ef0dfdf2bd6b" testName="CreateCategoryAsync_DuplicateSlug_ThrowsDuplicateCategorySlugException" computerName="IVAN" duration="00:00:00.0048676" startTime="2026-01-31T13:15:10.6371617+02:00" endTime="2026-01-31T13:15:10.6421083+02:00" testType="13cdc9d9-ddb5-4fa4-a97d-d965ccfc6d4b" outcome="Passed" testListId="8c84fa94-04c1-424b-9868-57a2d4851a1d" relativeResultsDirectory="a70bcbdd-b3d1-47cf-b4a0-411713202d74" />
    <UnitTestResult executionId="afb02e85-ec03-4676-9cd6-6ad20790c979" testId="1b39b368-d7f8-85c8-b8ce-9fb88366682d" testName="VerifyEmailAsync_ValidToken_VerifiesEmail" computerName="IVAN" duration="00:00:00.8912564" startTime="2026-01-31T13:15:09.7156092+02:00" endTime="2026-01-31T13:15:10.6081720+02:00" testType="13cdc9d9-ddb5-4fa4-a97d-d965ccfc6d4b" outcome="Passed" testListId="8c84fa94-04c1-424b-9868-57a2d4851a1d" relativeResultsDirectory="afb02e85-ec03-4676-9cd6-6ad20790c979" />
    <UnitTestResult executionId="2bcf360e-a31d-420e-9f79-0ed28a1b60a5" testId="17c43e03-eb29-803e-94b0-c409ba058d8b" testName="GetDashboardStatsAsync_ReturnsExpectedTotalsAndTrends" computerName="IVAN" duration="00:00:00.0298626" startTime="2026-01-31T13:15:10.6450871+02:00" endTime="2026-01-31T13:15:10.6751012+02:00" testType="13cdc9d9-ddb5-4fa4-a97d-d965ccfc6d4b" outcome="Passed" testListId="8c84fa94-04c1-424b-9868-57a2d4851a1d" relativeResultsDirectory="2bcf360e-a31d-420e-9f79-0ed28a1b60a5" />
    <UnitTestResult executionId="5ff17221-d829-4a51-8e12-8972e1b2a7a1" testId="14d88910-e78f-827f-88b4-ec461f527d67" testName="IncrementUsedCountAsync_ValidCode_IncrementsCount" computerName="IVAN" duration="00:00:00.0248424" startTime="2026-01-31T13:15:10.8783204+02:00" endTime="2026-01-31T13:15:10.9032647+02:00" testType="13cdc9d9-ddb5-4fa4-a97d-d965ccfc6d4b" outcome="Passed" testListId="8c84fa94-04c1-424b-9868-57a2d4851a1d" relativeResultsDirectory="5ff17221-d829-4a51-8e12-8972e1b2a7a1" />
    <UnitTestResult executionId="891ba4d1-9ddc-409a-b691-74abc3d90e59" testId="14a54f0b-c92e-8fff-86dd-d62bef25d8f1" testName="ValidatePromoCodeAsync_ValidCode_ReturnsSuccess" computerName="IVAN" duration="00:00:00.0071548" startTime="2026-01-31T13:15:10.8647602+02:00" endTime="2026-01-31T13:15:10.8720210+02:00" testType="13cdc9d9-ddb5-4fa4-a97d-d965ccfc6d4b" outcome="Passed" testListId="8c84fa94-04c1-424b-9868-57a2d4851a1d" relativeResultsDirectory="891ba4d1-9ddc-409a-b691-74abc3d90e59" />
    <UnitTestResult executionId="b0bfd2fd-07ca-4f81-96ed-fadab430bdf0" testId="1effc00f-cb29-8f88-8706-f355c30c8038" testName="RemoveFromCartAsync_ItemNotFound_ThrowsCartItemNotFoundException" computerName="IVAN" duration="00:00:00.0127302" startTime="2026-01-31T13:15:10.5939968+02:00" endTime="2026-01-31T13:15:10.6067738+02:00" testType="13cdc9d9-ddb5-4fa4-a97d-d965ccfc6d4b" outcome="Passed" testListId="8c84fa94-04c1-424b-9868-57a2d4851a1d" relativeResultsDirectory="b0bfd2fd-07ca-4f81-96ed-fadab430bdf0" />
    <UnitTestResult executionId="0ae42262-f08e-42cd-bf70-b73c0a2d8e92" testId="11eb7de8-15ea-815b-87f3-2d19ee54a017" testName="CreateAsync_ValidData_CreatesPromoCode" computerName="IVAN" duration="00:00:00.0085150" startTime="2026-01-31T13:15:10.8560963+02:00" endTime="2026-01-31T13:15:10.8647018+02:00" testType="13cdc9d9-ddb5-4fa4-a97d-d965ccfc6d4b" outcome="Passed" testListId="8c84fa94-04c1-424b-9868-57a2d4851a1d" relativeResultsDirectory="0ae42262-f08e-42cd-bf70-b73c0a2d8e92" />
    <UnitTestResult executionId="a1c794f0-e39d-4f16-a6b0-fcb0ceb0de11" testId="1f0c7677-44d5-8a27-9cd4-acf231b203af" testName="ValidateTokenAsync_InvalidToken_ReturnsFalse" computerName="IVAN" duration="00:00:00.2223157" startTime="2026-01-31T13:15:09.7155992+02:00" endTime="2026-01-31T13:15:09.9442339+02:00" testType="13cdc9d9-ddb5-4fa4-a97d-d965ccfc6d4b" outcome="Passed" testListId="8c84fa94-04c1-424b-9868-57a2d4851a1d" relativeResultsDirectory="a1c794f0-e39d-4f16-a6b0-fcb0ceb0de11" />
    <UnitTestResult executionId="d2f5d626-f509-4b46-bf85-6c09e9281d30" testId="180591c3-e40a-844a-8e08-ca660de480a7" testName="SearchProductsAsync_WithQuery_ReturnsMatchingProducts" computerName="IVAN" duration="00:00:00.0038082" startTime="2026-01-31T13:15:10.8018918+02:00" endTime="2026-01-31T13:15:10.8057831+02:00" testType="13cdc9d9-ddb5-4fa4-a97d-d965ccfc6d4b" outcome="Passed" testListId="8c84fa94-04c1-424b-9868-57a2d4851a1d" relativeResultsDirectory="d2f5d626-f509-4b46-bf85-6c09e9281d30" />
    <UnitTestResult executionId="3ab40cea-1d74-4fdc-b41c-4f62152cd5f3" testId="1f5506f6-f175-80dd-9e79-dba07e5c785b" testName="DeleteProductAsync_ExistingId_DeletesProduct" computerName="IVAN" duration="00:00:00.0039932" startTime="2026-01-31T13:15:10.7849608+02:00" endTime="2026-01-31T13:15:10.7890665+02:00" testType="13cdc9d9-ddb5-4fa4-a97d-d965ccfc6d4b" outcome="Passed" testListId="8c84fa94-04c1-424b-9868-57a2d4851a1d" relativeResultsDirectory="3ab40cea-1d74-4fdc-b41c-4f62152cd5f3" />
    <UnitTestResult executionId="566d37d9-84f4-4bbc-ad03-6e0094d31bb7" testId="11123a1c-6cde-87f3-ae08-f1daf2cb1edc" testName="DeleteReviewAsync_Existing_RemovesReview" computerName="IVAN" duration="00:00:00.5652498" startTime="2026-01-31T13:15:11.2423124+02:00" endTime="2026-01-31T13:15:11.8076539+02:00" testType="13cdc9d9-ddb5-4fa4-a97d-d965ccfc6d4b" outcome="Passed" testListId="8c84fa94-04c1-424b-9868-57a2d4851a1d" relativeResultsDirectory="566d37d9-84f4-4bbc-ad03-6e0094d31bb7" />
    <UnitTestResult executionId="c4edd695-5b75-4ed2-b17b-564c35012e5a" testId="1fb042cc-d2d1-8155-a80f-efaf0410a9e1" testName="CreateReviewAsync_DuplicateReview_ThrowsDuplicateReviewException" computerName="IVAN" duration="00:00:01.0504413" startTime="2026-01-31T13:15:10.9162179+02:00" endTime="2026-01-31T13:15:11.9667640+02:00" testType="13cdc9d9-ddb5-4fa4-a97d-d965ccfc6d4b" outcome="Passed" testListId="8c84fa94-04c1-424b-9868-57a2d4851a1d" relativeResultsDirectory="c4edd695-5b75-4ed2-b17b-564c35012e5a" />
    <UnitTestResult executionId="6f25c9ed-bcbf-43c6-946a-ca75cdfa6e99" testId="14c3ab6a-8015-8789-ab5b-ad68a8996acb" testName="GetReviewByIdAsync_Existing_ReturnsReview" computerName="IVAN" duration="00:00:00.0068034" startTime="2026-01-31T13:15:10.9049602+02:00" endTime="2026-01-31T13:15:10.9118390+02:00" testType="13cdc9d9-ddb5-4fa4-a97d-d965ccfc6d4b" outcome="Passed" testListId="8c84fa94-04c1-424b-9868-57a2d4851a1d" relativeResultsDirectory="6f25c9ed-bcbf-43c6-946a-ca75cdfa6e99" />
    <UnitTestResult executionId="87e2fbe2-d324-496e-bb20-78388cf341ad" testId="1c5462dd-10fa-826e-a1dd-91ac88cfe913" testName="VerifyEmailAsync_UserNotFound_ThrowsUserNotFoundException" computerName="IVAN" duration="00:00:00.2334746" startTime="2026-01-31T13:15:09.6854100+02:00" endTime="2026-01-31T13:15:09.9442426+02:00" testType="13cdc9d9-ddb5-4fa4-a97d-d965ccfc6d4b" outcome="Passed" testListId="8c84fa94-04c1-424b-9868-57a2d4851a1d" relativeResultsDirectory="87e2fbe2-d324-496e-bb20-78388cf341ad" />
    <UnitTestResult executionId="94006b82-5104-47a4-9efd-7b96729b0f2b" testId="1b10397b-ce28-8c99-967e-837ed1ad4e20" testName="ResetPasswordAsync_ExpiredToken_ThrowsInvalidTokenException" computerName="IVAN" duration="00:00:00.5486667" startTime="2026-01-31T13:15:09.9746855+02:00" endTime="2026-01-31T13:15:10.5234444+02:00" testType="13cdc9d9-ddb5-4fa4-a97d-d965ccfc6d4b" outcome="Passed" testListId="8c84fa94-04c1-424b-9868-57a2d4851a1d" relativeResultsDirectory="94006b82-5104-47a4-9efd-7b96729b0f2b" />
    <UnitTestResult executionId="9e582ea2-4643-46a6-90f9-77d12985b7dd" testId="152b6a6e-7caa-8263-a3d8-0bca7c9b3b6c" testName="GenerateJwtToken_ValidUser_ReturnsValidToken" computerName="IVAN" duration="00:00:00.2692997" startTime="2026-01-31T13:15:09.6853874+02:00" endTime="2026-01-31T13:15:09.9745637+02:00" testType="13cdc9d9-ddb5-4fa4-a97d-d965ccfc6d4b" outcome="Passed" testListId="8c84fa94-04c1-424b-9868-57a2d4851a1d" relativeResultsDirectory="9e582ea2-4643-46a6-90f9-77d12985b7dd" />
    <UnitTestResult executionId="e4a15157-afe9-4d97-b898-b64ae5d63eba" testId="1e7a5c36-f1af-86e8-a357-d2426657e99a" testName="GetByIdAsync_ExistingId_ReturnsPromoCode" computerName="IVAN" duration="00:00:00.0062639" startTime="2026-01-31T13:15:10.8451184+02:00" endTime="2026-01-31T13:15:10.8515107+02:00" testType="13cdc9d9-ddb5-4fa4-a97d-d965ccfc6d4b" outcome="Passed" testListId="8c84fa94-04c1-424b-9868-57a2d4851a1d" relativeResultsDirectory="e4a15157-afe9-4d97-b898-b64ae5d63eba" />
    <UnitTestResult executionId="edf6eeeb-2d8a-448c-813e-f8d2e2527abf" testId="10f928af-aa2c-849f-9218-ae1be1af1c06" testName="GetProductAverageRatingAsync_ReturnsAverage" computerName="IVAN" duration="00:00:00.0027498" startTime="2026-01-31T13:15:11.3376051+02:00" endTime="2026-01-31T13:15:11.3404392+02:00" testType="13cdc9d9-ddb5-4fa4-a97d-d965ccfc6d4b" outcome="Passed" testListId="8c84fa94-04c1-424b-9868-57a2d4851a1d" relativeResultsDirectory="edf6eeeb-2d8a-448c-813e-f8d2e2527abf" />
    <UnitTestResult executionId="d7f85e81-9eef-4e11-bafa-08bdf2b4b4cd" testId="1ca2d86c-5f4d-846a-9b05-9e20de66c7d4" testName="LoginAsync_UserNotFound_ThrowsInvalidCredentialsException" computerName="IVAN" duration="00:00:00.2220199" startTime="2026-01-31T13:15:09.7155544+02:00" endTime="2026-01-31T13:15:09.9442339+02:00" testType="13cdc9d9-ddb5-4fa4-a97d-d965ccfc6d4b" outcome="Passed" testListId="8c84fa94-04c1-424b-9868-57a2d4851a1d" relativeResultsDirectory="d7f85e81-9eef-4e11-bafa-08bdf2b4b4cd" />
    <UnitTestResult executionId="8ad979ea-8fa7-4628-8a47-a58a6741564b" testId="16862212-2314-84d6-a3e7-28b47b1169a8" testName="UpdateOrderStatusAsync_Shipped_SetsShippedAt" computerName="IVAN" duration="00:00:00.0040781" startTime="2026-01-31T13:15:10.7057261+02:00" endTime="2026-01-31T13:15:10.7099052+02:00" testType="13cdc9d9-ddb5-4fa4-a97d-d965ccfc6d4b" outcome="Passed" testListId="8c84fa94-04c1-424b-9868-57a2d4851a1d" relativeResultsDirectory="8ad979ea-8fa7-4628-8a47-a58a6741564b" />
    <UnitTestResult executionId="65e96006-4c85-4e49-ab9f-00549568f631" testId="1821da1a-9592-8ae4-8a01-51aebaf5e6ce" testName="ValidatePromoCodeAsync_NonExistentCode_ReturnsInvalid" computerName="IVAN" duration="00:00:00.0042152" startTime="2026-01-31T13:15:10.8677731+02:00" endTime="2026-01-31T13:15:10.8720650+02:00" testType="13cdc9d9-ddb5-4fa4-a97d-d965ccfc6d4b" outcome="Passed" testListId="8c84fa94-04c1-424b-9868-57a2d4851a1d" relativeResultsDirectory="65e96006-4c85-4e49-ab9f-00549568f631" />
  </Results>
  <TestDefinitions>
    <UnitTest name="CreateProductAsync_ValidData_CreatesProduct" storage="c:\users\ivans\desktop\dev\e-commerce\src\backend\ecommerce.tests\bin\debug\net10.0\ecommerce.tests.dll" id="196b3451-0ea8-882e-9796-a94aba9ccaa2">
      <Execution id="3d1e4288-56be-46b4-b5b7-c4efc36ee767" />
      <TestMethod codeBase="c:\Users\ivans\Desktop\Dev\E-commerce\src\backend\ECommerce.Tests\bin\Debug\net10.0\ECommerce.Tests.dll" adapterTypeName="executor://mstestadapter/v4" className="ECommerce.Tests.Unit.Services.ProductServiceTests" name="CreateProductAsync_ValidData_CreatesProduct" />
    </UnitTest>
    <UnitTest name="GetUserOrdersAsync_WithOrders_ReturnsPaginatedResult" storage="c:\users\ivans\desktop\dev\e-commerce\src\backend\ecommerce.tests\bin\debug\net10.0\ecommerce.tests.dll" id="16bdc655-08a0-8d2e-9fa6-9be00b4922db">
      <Execution id="fe791817-230f-473f-8f53-a06055ed6b0a" />
      <TestMethod codeBase="c:\Users\ivans\Desktop\Dev\E-commerce\src\backend\ECommerce.Tests\bin\Debug\net10.0\ECommerce.Tests.dll" adapterTypeName="executor://mstestadapter/v4" className="ECommerce.Tests.Unit.Services.OrderServiceTests" name="GetUserOrdersAsync_WithOrders_ReturnsPaginatedResult" />
    </UnitTest>
    <UnitTest name="GetOrderByNumberAsync_OrderNotFound_ReturnsNull" storage="c:\users\ivans\desktop\dev\e-commerce\src\backend\ecommerce.tests\bin\debug\net10.0\ecommerce.tests.dll" id="17ea1d85-d7a0-8f5e-a0ad-a0e27b97fb16">
      <Execution id="208583e8-22da-4b5a-ba24-790c25046d88" />
      <TestMethod codeBase="c:\Users\ivans\Desktop\Dev\E-commerce\src\backend\ECommerce.Tests\bin\Debug\net10.0\ECommerce.Tests.dll" adapterTypeName="executor://mstestadapter/v4" className="ECommerce.Tests.Unit.Services.OrderServiceTests" name="GetOrderByNumberAsync_OrderNotFound_ReturnsNull" />
    </UnitTest>
    <UnitTest name="CreateOrderAsync_ValidOrder_CreatesOrder" storage="c:\users\ivans\desktop\dev\e-commerce\src\backend\ecommerce.tests\bin\debug\net10.0\ecommerce.tests.dll" id="1f26a837-f7d9-814c-a7b4-4b55091b819b">
      <Execution id="e4f1cbf9-cd23-47e5-a2c0-bb6a96c26089" />
      <TestMethod codeBase="c:\Users\ivans\Desktop\Dev\E-commerce\src\backend\ECommerce.Tests\bin\Debug\net10.0\ECommerce.Tests.dll" adapterTypeName="executor://mstestadapter/v4" className="ECommerce.Tests.Unit.Services.OrderServiceTests" name="CreateOrderAsync_ValidOrder_CreatesOrder" />
    </UnitTest>
    <UnitTest name="GetOrderByNumberAsync_ExistingOrder_ReturnsOrder" storage="c:\users\ivans\desktop\dev\e-commerce\src\backend\ecommerce.tests\bin\debug\net10.0\ecommerce.tests.dll" id="1f3fa92f-3d2a-81d7-bcbc-51434a09d5a8">
      <Execution id="bedc95e3-677b-4167-bd72-3346ff9ccc57" />
      <TestMethod codeBase="c:\Users\ivans\Desktop\Dev\E-commerce\src\backend\ECommerce.Tests\bin\Debug\net10.0\ECommerce.Tests.dll" adapterTypeName="executor://mstestadapter/v4" className="ECommerce.Tests.Unit.Services.OrderServiceTests" name="GetOrderByNumberAsync_ExistingOrder_ReturnsOrder" />
    </UnitTest>
    <UnitTest name="UpdateProductAsync_ValidData_UpdatesProduct" storage="c:\users\ivans\desktop\dev\e-commerce\src\backend\ecommerce.tests\bin\debug\net10.0\ecommerce.tests.dll" id="112bdc94-e64f-82b2-98c4-0bce70910d41">
      <Execution id="decbecfa-0bf7-4d5b-bacb-4c47345e4e2a" />
      <TestMethod codeBase="c:\Users\ivans\Desktop\Dev\E-commerce\src\backend\ECommerce.Tests\bin\Debug\net10.0\ECommerce.Tests.dll" adapterTypeName="executor://mstestadapter/v4" className="ECommerce.Tests.Unit.Services.ProductServiceTests" name="UpdateProductAsync_ValidData_UpdatesProduct" />
    </UnitTest>
    <UnitTest name="CreateReviewAsync_EmptyComment_ThrowsEmptyReviewCommentException" storage="c:\users\ivans\desktop\dev\e-commerce\src\backend\ecommerce.tests\bin\debug\net10.0\ecommerce.tests.dll" id="176e7579-1a9b-8e22-9999-8ae01d68f81d">
      <Execution id="8535f0bb-4e70-4911-8408-1353eb24aca5" />
      <TestMethod codeBase="c:\Users\ivans\Desktop\Dev\E-commerce\src\backend\ECommerce.Tests\bin\Debug\net10.0\ECommerce.Tests.dll" adapterTypeName="executor://mstestadapter/v4" className="ECommerce.Tests.Unit.Services.ReviewServiceTests" name="CreateReviewAsync_EmptyComment_ThrowsEmptyReviewCommentException" />
    </UnitTest>
    <UnitTest name="SearchProductsAsync_WithQuery_ReturnsMatchingProducts" storage="c:\users\ivans\desktop\dev\e-commerce\src\backend\ecommerce.tests\bin\debug\net10.0\ecommerce.tests.dll" id="180591c3-e40a-844a-8e08-ca660de480a7">
      <Execution id="d2f5d626-f509-4b46-bf85-6c09e9281d30" />
      <TestMethod codeBase="c:\Users\ivans\Desktop\Dev\E-commerce\src\backend\ECommerce.Tests\bin\Debug\net10.0\ECommerce.Tests.dll" adapterTypeName="executor://mstestadapter/v4" className="ECommerce.Tests.Unit.Services.ProductServiceTests" name="SearchProductsAsync_WithQuery_ReturnsMatchingProducts" />
    </UnitTest>
    <UnitTest name="UpdateReviewAsync_ExpiredTime_ThrowsReviewUpdateTimeExpiredException" storage="c:\users\ivans\desktop\dev\e-commerce\src\backend\ecommerce.tests\bin\debug\net10.0\ecommerce.tests.dll" id="12ae1d5e-fcc0-85f0-a305-aab2a589529e">
      <Execution id="c33b68d5-cafb-421f-8866-c29e4a35c92c" />
      <TestMethod codeBase="c:\Users\ivans\Desktop\Dev\E-commerce\src\backend\ECommerce.Tests\bin\Debug\net10.0\ECommerce.Tests.dll" adapterTypeName="executor://mstestadapter/v4" className="ECommerce.Tests.Unit.Services.ReviewServiceTests" name="UpdateReviewAsync_ExpiredTime_ThrowsReviewUpdateTimeExpiredException" />
    </UnitTest>
    <UnitTest name="GetUserWishlistAsync_ReturnsWishlist" storage="c:\users\ivans\desktop\dev\e-commerce\src\backend\ecommerce.tests\bin\debug\net10.0\ecommerce.tests.dll" id="140cf08d-cc78-887b-b0f0-af7fd5fcf023">
      <Execution id="ca8bfd40-5f89-4d2c-a6f5-17e92e198d18" />
      <TestMethod codeBase="c:\Users\ivans\Desktop\Dev\E-commerce\src\backend\ECommerce.Tests\bin\Debug\net10.0\ECommerce.Tests.dll" adapterTypeName="executor://mstestadapter/v4" className="ECommerce.Tests.Unit.Services.WishlistServiceTests" name="GetUserWishlistAsync_ReturnsWishlist" />
    </UnitTest>
    <UnitTest name="GetProductByIdAsync_NonExistent_ThrowsProductNotFoundException" storage="c:\users\ivans\desktop\dev\e-commerce\src\backend\ecommerce.tests\bin\debug\net10.0\ecommerce.tests.dll" id="1156e44e-ca4d-898e-be4e-2e124683f357">
      <Execution id="a39191eb-4e3c-4aa4-bdc5-2d2a6b844101" />
      <TestMethod codeBase="c:\Users\ivans\Desktop\Dev\E-commerce\src\backend\ECommerce.Tests\bin\Debug\net10.0\ECommerce.Tests.dll" adapterTypeName="executor://mstestadapter/v4" className="ECommerce.Tests.Unit.Services.ProductServiceTests" name="GetProductByIdAsync_NonExistent_ThrowsProductNotFoundException" />
    </UnitTest>
    <UnitTest name="GetProductsByCategoryAsync_ReturnsProducts" storage="c:\users\ivans\desktop\dev\e-commerce\src\backend\ecommerce.tests\bin\debug\net10.0\ecommerce.tests.dll" id="145cf710-e8c4-8c69-8401-c0e829138e75">
      <Execution id="61f84e69-f36f-41e0-873b-46fb987f838f" />
      <TestMethod codeBase="c:\Users\ivans\Desktop\Dev\E-commerce\src\backend\ECommerce.Tests\bin\Debug\net10.0\ECommerce.Tests.dll" adapterTypeName="executor://mstestadapter/v4" className="ECommerce.Tests.Unit.Services.ProductServiceTests" name="GetProductsByCategoryAsync_ReturnsProducts" />
    </UnitTest>
    <UnitTest name="GetCartByIdAsync_CartNotFound_ThrowsCartNotFoundException" storage="c:\users\ivans\desktop\dev\e-commerce\src\backend\ecommerce.tests\bin\debug\net10.0\ecommerce.tests.dll" id="13182a6f-e5bb-87f1-b97e-41d2782aabe2">
      <Execution id="5dc94147-1d2c-4443-a89d-76bc27e3e401" />
[...]
    <TestEntry testId="11ea238d-f84d-8050-b349-7265477196e6" executionId="15627c07-e8c4-4dd4-a458-054289adc9f3" testListId="8c84fa94-04c1-424b-9868-57a2d4851a1d" />
    <TestEntry testId="1cbc2c0e-2426-87e9-b75b-60e483b5530e" executionId="c890f631-5089-4bf5-8f46-6d671665fdb0" testListId="8c84fa94-04c1-424b-9868-57a2d4851a1d" />
    <TestEntry testId="1e73354c-958f-8e47-9932-4e2a80e32126" executionId="eb0a9615-09b9-44c1-b863-f0c15a19b2a6" testListId="8c84fa94-04c1-424b-9868-57a2d4851a1d" />
    <TestEntry testId="17916a58-9be9-8002-93bd-67ac2413a1d2" executionId="1af91220-b4a3-4968-8ea9-6d772490d8a9" testListId="8c84fa94-04c1-424b-9868-57a2d4851a1d" />
    <TestEntry testId="176e7579-1a9b-8e22-9999-8ae01d68f81d" executionId="8535f0bb-4e70-4911-8408-1353eb24aca5" testListId="8c84fa94-04c1-424b-9868-57a2d4851a1d" />
    <TestEntry testId="112bdc94-e64f-82b2-98c4-0bce70910d41" executionId="decbecfa-0bf7-4d5b-bacb-4c47345e4e2a" testListId="8c84fa94-04c1-424b-9868-57a2d4851a1d" />
    <TestEntry testId="1b02f605-85c4-8dae-8421-db498f4ffb6e" executionId="ff833e53-ae04-4b35-97eb-f0bbf7ce0944" testListId="8c84fa94-04c1-424b-9868-57a2d4851a1d" />
    <TestEntry testId="16c21dd5-0e8c-8463-8ecc-374c99059380" executionId="07c592b6-1b47-4ac5-ba15-0775500fda70" testListId="8c84fa94-04c1-424b-9868-57a2d4851a1d" />
    <TestEntry testId="178068be-d321-86e6-b22d-b2049d490758" executionId="04207c6e-a314-4ffe-9fc7-67396aeae654" testListId="8c84fa94-04c1-424b-9868-57a2d4851a1d" />
    <TestEntry testId="1595e320-1e02-8e45-8147-0f717105d5da" executionId="697b2f3e-6863-4867-9043-06bd4fa53cd9" testListId="8c84fa94-04c1-424b-9868-57a2d4851a1d" />
    <TestEntry testId="130f9aab-849f-89e1-9b04-707ce6246d74" executionId="ec69e737-f443-4aa4-be8f-cbacd67eff63" testListId="8c84fa94-04c1-424b-9868-57a2d4851a1d" />
    <TestEntry testId="1f210725-f288-8533-bf3c-60aacd517579" executionId="ec241160-c88b-4c02-8fe7-bf2636ca8f3f" testListId="8c84fa94-04c1-424b-9868-57a2d4851a1d" />
    <TestEntry testId="196b3451-0ea8-882e-9796-a94aba9ccaa2" executionId="3d1e4288-56be-46b4-b5b7-c4efc36ee767" testListId="8c84fa94-04c1-424b-9868-57a2d4851a1d" />
    <TestEntry testId="16bdc655-08a0-8d2e-9fa6-9be00b4922db" executionId="fe791817-230f-473f-8f53-a06055ed6b0a" testListId="8c84fa94-04c1-424b-9868-57a2d4851a1d" />
    <TestEntry testId="188af0b5-0feb-849c-abf1-36e57678b9f1" executionId="c271927e-3898-4b90-bd6a-332213e9e1bd" testListId="8c84fa94-04c1-424b-9868-57a2d4851a1d" />
    <TestEntry testId="1052470e-7bac-8f34-81fc-9f2ea63679ea" executionId="b3b282b7-d3c5-4fab-96f7-a8e3b68909bf" testListId="8c84fa94-04c1-424b-9868-57a2d4851a1d" />
    <TestEntry testId="1ca2c638-0ef1-8441-ba38-3f014e3fe983" executionId="73a2ac49-c3ed-4e51-88f6-b131e5ef275f" testListId="8c84fa94-04c1-424b-9868-57a2d4851a1d" />
    <TestEntry testId="1da21cfc-4a10-89e2-9681-7ea40eb7fe1e" executionId="94d5168b-4e57-40e5-afed-d92610db357b" testListId="8c84fa94-04c1-424b-9868-57a2d4851a1d" />
    <TestEntry testId="1669049b-ab8c-8311-aed4-5e2500b95593" executionId="08509e7a-c09d-4965-be96-748e725d9cb7" testListId="8c84fa94-04c1-424b-9868-57a2d4851a1d" />
    <TestEntry testId="1f6f0a83-1d2a-8782-b43f-13ff2d28e1a4" executionId="d095d4f8-8d4e-4c72-9bd7-f4624f8da582" testListId="8c84fa94-04c1-424b-9868-57a2d4851a1d" />
    <TestEntry testId="12c4a96c-b404-8a45-9045-3b429a5109a7" executionId="b4f29b6d-051d-4ffe-9da4-322518f0d859" testListId="8c84fa94-04c1-424b-9868-57a2d4851a1d" />
    <TestEntry testId="1ecf20dd-e681-8cd3-b6eb-47a03d2dc986" executionId="818fd164-dfbc-43a8-9cd9-ed5f75b27a8d" testListId="8c84fa94-04c1-424b-9868-57a2d4851a1d" />
    <TestEntry testId="131931e3-3abf-84f3-8f86-3cb4fa2786a9" executionId="b7a74485-e979-42b6-a8d9-2107f0972d6e" testListId="8c84fa94-04c1-424b-9868-57a2d4851a1d" />
    <TestEntry testId="1962658d-1e40-87f7-afb1-105196499a6a" executionId="4bdb1fea-7fbb-4411-8b43-d3d70e6518ec" testListId="8c84fa94-04c1-424b-9868-57a2d4851a1d" />
    <TestEntry testId="17fb4c5a-4676-843c-b4cd-25efeb3c38b0" executionId="a4e7e42d-3ef4-4205-af85-47ed6003f594" testListId="8c84fa94-04c1-424b-9868-57a2d4851a1d" />
    <TestEntry testId="13191952-e91c-86ea-a4ca-3f70f4ce733e" executionId="f1777267-c969-4f72-89fc-b4af6733c94b" testListId="8c84fa94-04c1-424b-9868-57a2d4851a1d" />
    <TestEntry testId="12d35a40-e230-8164-bc45-cbf8cf2f84b6" executionId="a7879eed-0c47-44cc-a039-bd405e9f3e50" testListId="8c84fa94-04c1-424b-9868-57a2d4851a1d" />
    <TestEntry testId="1c04249f-d60f-8253-ad3f-22e88750859f" executionId="27053830-1ed8-4fc5-80d4-028efa2e0557" testListId="8c84fa94-04c1-424b-9868-57a2d4851a1d" />
    <TestEntry testId="1caf6e33-5538-884f-994c-86e86cd017d3" executionId="b5de54da-3ceb-43bf-b463-81df1f95791b" testListId="8c84fa94-04c1-424b-9868-57a2d4851a1d" />
    <TestEntry testId="1b7f39b2-dae0-8855-8976-248d520a5510" executionId="bbd81e54-92be-42e8-b316-7d25fe1f69a9" testListId="8c84fa94-04c1-424b-9868-57a2d4851a1d" />
    <TestEntry testId="13be2cf4-effd-8be3-a6f9-24ff7d1e55b4" executionId="3e31281e-c9c5-46d0-9cdb-f938e51e58fc" testListId="8c84fa94-04c1-424b-9868-57a2d4851a1d" />
    <TestEntry testId="13fd866a-c485-892c-b4e8-4fa6508a6ab9" executionId="0793e617-c1a0-4492-93b7-78c6304e3ec3" testListId="8c84fa94-04c1-424b-9868-57a2d4851a1d" />
    <TestEntry testId="1db0d55f-7ad7-86ba-bdb3-cda10b552c68" executionId="482e7a75-fa9e-4bf3-9369-857447771ec0" testListId="8c84fa94-04c1-424b-9868-57a2d4851a1d" />
    <TestEntry testId="13dc106b-429e-8455-82ae-b011eb4c6f6d" executionId="331d0635-66ce-4642-af08-38b8983ddd13" testListId="8c84fa94-04c1-424b-9868-57a2d4851a1d" />
    <TestEntry testId="10c16c71-2304-8c52-9012-111476c8a352" executionId="3f0a48ac-b14d-49f7-84ee-872c663a6a73" testListId="8c84fa94-04c1-424b-9868-57a2d4851a1d" />
    <TestEntry testId="1b3a3cac-dc4e-8c71-9fb0-9809fb4d5976" executionId="80658d7e-81cf-4a45-be66-6dec524cf57d" testListId="8c84fa94-04c1-424b-9868-57a2d4851a1d" />
    <TestEntry testId="1df170e4-602c-8adc-b67e-b982150ecdf8" executionId="107218b7-1c38-44e1-b28f-954dc956da25" testListId="8c84fa94-04c1-424b-9868-57a2d4851a1d" />
    <TestEntry testId="10e540a9-b506-8af6-8e61-48d9669f765a" executionId="53553a54-f0c2-40ec-bb0d-37ae602ef866" testListId="8c84fa94-04c1-424b-9868-57a2d4851a1d" />
    <TestEntry testId="1bdf605c-f3da-8d5b-833c-8d299b39dec9" executionId="bb26be76-6488-46e0-9707-bddfbbaf063d" testListId="8c84fa94-04c1-424b-9868-57a2d4851a1d" />
    <TestEntry testId="12ae1d5e-fcc0-85f0-a305-aab2a589529e" executionId="c33b68d5-cafb-421f-8866-c29e4a35c92c" testListId="8c84fa94-04c1-424b-9868-57a2d4851a1d" />
    <TestEntry testId="1b2d0d1c-0020-8a9c-8aa8-b565c5954425" executionId="9598d733-59a3-4fc1-ac32-02e736ee1179" testListId="8c84fa94-04c1-424b-9868-57a2d4851a1d" />
    <TestEntry testId="197fbbde-9c06-88d9-ae6d-946e9bfec9c5" executionId="dcf36660-0270-4d06-9a98-1124459b5ba3" testListId="8c84fa94-04c1-424b-9868-57a2d4851a1d" />
    <TestEntry testId="1f4ffefb-79a0-8e72-8eba-126ee5d00bce" executionId="f1d6a820-3cdb-4b49-93d8-b1161eacab5e" testListId="8c84fa94-04c1-424b-9868-57a2d4851a1d" />
    <TestEntry testId="106caa12-a41a-8a0e-801b-236a21b27264" executionId="1d673930-eb5a-4a29-8b1d-c56a79b89044" testListId="8c84fa94-04c1-424b-9868-57a2d4851a1d" />
    <TestEntry testId="1a5a0750-1716-868d-9412-9c47fae3323c" executionId="31431c6f-e965-4a89-8c3c-f36b8b257a3b" testListId="8c84fa94-04c1-424b-9868-57a2d4851a1d" />
    <TestEntry testId="1c5e2d97-982e-8774-8720-52ffeb3d6cfb" executionId="2ae6ee60-461d-4aea-92c0-601dac465565" testListId="8c84fa94-04c1-424b-9868-57a2d4851a1d" />
    <TestEntry testId="1fccdaf8-e1b6-840f-b08e-03090334cdc3" executionId="f4a464d5-ee50-45f9-8f54-365ad0aff078" testListId="8c84fa94-04c1-424b-9868-57a2d4851a1d" />
    <TestEntry testId="1baa5d61-7bb3-8751-8c13-2cf589b4126c" executionId="4b7af0cd-1684-43fd-ab7b-13624ee6d220" testListId="8c84fa94-04c1-424b-9868-57a2d4851a1d" />
    <TestEntry testId="108c856a-0e88-8404-b334-66d4f30f14f8" executionId="0e025df1-18e5-412e-8b89-f8b4acd1bf60" testListId="8c84fa94-04c1-424b-9868-57a2d4851a1d" />
    <TestEntry testId="12ff928a-8c81-8a38-9862-57f26089429b" executionId="515dcbe4-a505-448f-beb3-b62eda4c7f26" testListId="8c84fa94-04c1-424b-9868-57a2d4851a1d" />
    <TestEntry testId="1e6ea0ad-c442-8a45-a947-d5c340789e08" executionId="f8ee30fb-2cd9-4b6f-ac3c-619b731fc191" testListId="8c84fa94-04c1-424b-9868-57a2d4851a1d" />
    <TestEntry testId="11067293-26c2-87cd-8ffd-e83630e481dd" executionId="34370245-ace1-4c6b-b962-76444c73156a" testListId="8c84fa94-04c1-424b-9868-57a2d4851a1d" />
    <TestEntry testId="15d9a171-09cc-80db-88ff-b4ca08e0e989" executionId="3adc25eb-9785-421b-a8e8-794555d4eab2" testListId="8c84fa94-04c1-424b-9868-57a2d4851a1d" />
    <TestEntry testId="129f5510-651e-8597-af80-98bc5ef3f3e0" executionId="edb39abf-afc9-459d-b69f-50449ad34dbd" testListId="8c84fa94-04c1-424b-9868-57a2d4851a1d" />
    <TestEntry testId="112aad86-a51e-8f59-99cd-27098813f036" executionId="bb161e81-d37e-48cf-998f-bc9079c2d874" testListId="8c84fa94-04c1-424b-9868-57a2d4851a1d" />
    <TestEntry testId="1402d172-c896-868f-bc84-5f42a6766672" executionId="12f7cf8d-92ac-42ca-8045-a7b97d68adfc" testListId="8c84fa94-04c1-424b-9868-57a2d4851a1d" />
    <TestEntry testId="168af024-c2fe-81ad-bfd6-86d9babeadd6" executionId="89e3120c-2b27-4e2a-8476-21c0630ec885" testListId="8c84fa94-04c1-424b-9868-57a2d4851a1d" />
    <TestEntry testId="11da9ac3-9117-8f1a-ae36-79b54311e75c" executionId="bdeadcdb-779c-4e5b-8f33-c385c18eb965" testListId="8c84fa94-04c1-424b-9868-57a2d4851a1d" />
    <TestEntry testId="170de74f-9f1b-8237-9857-45687f9aeab0" executionId="42fdc2fa-9e24-4daf-8414-e7982a4e1f91" testListId="8c84fa94-04c1-424b-9868-57a2d4851a1d" />
    <TestEntry testId="15d5c233-995f-8154-83ce-f820351e9f99" executionId="41d75a4b-c88c-43a7-812c-0ca2e08e0d2b" testListId="8c84fa94-04c1-424b-9868-57a2d4851a1d" />
    <TestEntry testId="1da9a402-afba-87f2-b290-6ac73a7314f3" executionId="f82573e8-991a-44c8-a1bf-15b86359224e" testListId="8c84fa94-04c1-424b-9868-57a2d4851a1d" />
    <TestEntry testId="152aba78-c084-8456-83ac-1798834fc1b9" executionId="d87ee489-2916-4482-a388-72ce3c41ac47" testListId="8c84fa94-04c1-424b-9868-57a2d4851a1d" />
    <TestEntry testId="1d4e8fff-502d-8ae3-ab03-9d18cbeed81f" executionId="56fcce29-338e-475a-ab6e-b82e2a7d7b8e" testListId="8c84fa94-04c1-424b-9868-57a2d4851a1d" />
    <TestEntry testId="1bfffd90-43cc-8497-a09d-3af4fe423c5e" executionId="54dc9b76-517f-442a-9108-624f993335e4" testListId="8c84fa94-04c1-424b-9868-57a2d4851a1d" />
    <TestEntry testId="13182a6f-e5bb-87f1-b97e-41d2782aabe2" executionId="5dc94147-1d2c-4443-a89d-76bc27e3e401" testListId="8c84fa94-04c1-424b-9868-57a2d4851a1d" />
    <TestEntry testId="15dabeb9-0eba-8826-8f66-266944dd6b11" executionId="0076aa74-da7e-4514-8962-fc55c360051b" testListId="8c84fa94-04c1-424b-9868-57a2d4851a1d" />
    <TestEntry testId="14968dd5-a7bf-8ae8-a271-4fef7ef760c7" executionId="bdf9048a-f7ed-4f74-a473-342b1de09e10" testListId="8c84fa94-04c1-424b-9868-57a2d4851a1d" />
    <TestEntry testId="1b6f1db7-f184-8707-92aa-8ca8009534a1" executionId="1875fda3-8abe-4d6d-af68-45de1beca760" testListId="8c84fa94-04c1-424b-9868-57a2d4851a1d" />
    <TestEntry testId="1f26a837-f7d9-814c-a7b4-4b55091b819b" executionId="e4f1cbf9-cd23-47e5-a2c0-bb6a96c26089" testListId="8c84fa94-04c1-424b-9868-57a2d4851a1d" />
    <TestEntry testId="1156e44e-ca4d-898e-be4e-2e124683f357" executionId="a39191eb-4e3c-4aa4-bdc5-2d2a6b844101" testListId="8c84fa94-04c1-424b-9868-57a2d4851a1d" />
    <TestEntry testId="140cf08d-cc78-887b-b0f0-af7fd5fcf023" executionId="ca8bfd40-5f89-4d2c-a6f5-17e92e198d18" testListId="8c84fa94-04c1-424b-9868-57a2d4851a1d" />
    <TestEntry testId="18cb0f66-baa2-8c1f-9aee-0d4ffda07386" executionId="4ae50f82-4512-44da-8944-f69eca6d6732" testListId="8c84fa94-04c1-424b-9868-57a2d4851a1d" />
    <TestEntry testId="16b8eb5c-f0fd-84a2-9ace-dfd580b10749" executionId="dd951387-4adb-405e-bd6c-244749ccd596" testListId="8c84fa94-04c1-424b-9868-57a2d4851a1d" />
    <TestEntry testId="17f00912-d9bc-8b08-b0b8-d489c1ed7481" executionId="cbc9c3cb-f48b-433d-a8d1-4016e5ec2315" testListId="8c84fa94-04c1-424b-9868-57a2d4851a1d" />
    <TestEntry testId="14bbf482-0273-8d31-80c4-da62270c5e16" executionId="7356ca18-8632-470c-80c2-7ab2a866ca7f" testListId="8c84fa94-04c1-424b-9868-57a2d4851a1d" />
    <TestEntry testId="1991cba7-18db-8ede-8cff-edc5fcf15dac" executionId="c4cfc9bc-8de7-421c-bfcd-8f53db22d072" testListId="8c84fa94-04c1-424b-9868-57a2d4851a1d" />
    <TestEntry testId="17723e76-494f-8240-87d1-f41892ee12ba" executionId="52170b0f-00f9-4a1f-a410-835651c408a2" testListId="8c84fa94-04c1-424b-9868-57a2d4851a1d" />
    <TestEntry testId="1c4f2ad2-af96-8bd3-ad58-49083bc79744" executionId="3e46a20d-50d2-4e40-9d46-da8d5b08c27a" testListId="8c84fa94-04c1-424b-9868-57a2d4851a1d" />
    <TestEntry testId="1b8e6f8a-a240-8f1e-862a-c466006bb2f1" executionId="924a1bbe-d08e-4f91-ae5b-36ecc5cc8211" testListId="8c84fa94-04c1-424b-9868-57a2d4851a1d" />
    <TestEntry testId="110de8d6-96b7-852d-abb0-68b870d2e0b0" executionId="e02bb1e3-8ffb-473c-bdcf-c71aed743a52" testListId="8c84fa94-04c1-424b-9868-57a2d4851a1d" />
    <TestEntry testId="1e25d6ad-849f-84a2-a413-50d5f4d74166" executionId="e8afbef5-1fbd-43ee-8088-1a0968114b44" testListId="8c84fa94-04c1-424b-9868-57a2d4851a1d" />
    <TestEntry testId="151325c6-6376-87a7-9516-4756cb82e334" executionId="d0ea5ce3-4dff-40af-9b49-32224694b88a" testListId="8c84fa94-04c1-424b-9868-57a2d4851a1d" />
    <TestEntry testId="1731dcd1-b7e7-8dbc-88bd-304c350cc92f" executionId="da8f385f-a893-4b7b-8c81-a1b5d4b711f4" testListId="8c84fa94-04c1-424b-9868-57a2d4851a1d" />
    <TestEntry testId="10e2bf59-8e9d-8d81-9a7d-72cc8078bb86" executionId="fd1d8e39-69fb-4598-b6f3-212931bf084e" testListId="8c84fa94-04c1-424b-9868-57a2d4851a1d" />
    <TestEntry testId="1f228d66-e6cb-80f8-a106-6e46274612ea" executionId="f5532acd-4ce0-44d3-ac2c-a36bb31219ab" testListId="8c84fa94-04c1-424b-9868-57a2d4851a1d" />
    <TestEntry testId="120e3139-1426-88bd-b861-3f9afdb52145" executionId="a1a1e7a9-f9ef-4adb-bdf7-71021ffff0fb" testListId="8c84fa94-04c1-424b-9868-57a2d4851a1d" />
    <TestEntry testId="157de262-81ab-8fc6-a72b-29aa36251b67" executionId="0b33172c-341b-4c58-8000-9f06df4a9562" testListId="8c84fa94-04c1-424b-9868-57a2d4851a1d" />
    <TestEntry testId="19869e73-9135-8e0d-a64b-583cb37ff646" executionId="85a9de1e-efd9-44c3-a400-da939890b097" testListId="8c84fa94-04c1-424b-9868-57a2d4851a1d" />
    <TestEntry testId="1b4bb5c1-40e4-8173-b3fb-c6046cc0ceb4" executionId="f8478524-8d45-4706-9185-871b081324e9" testListId="8c84fa94-04c1-424b-9868-57a2d4851a1d" />
    <TestEntry testId="13decd07-f868-8284-aa4b-9ce0fa680c90" executionId="8fc7a1d1-55e9-4150-893f-173ed419880e" testListId="8c84fa94-04c1-424b-9868-57a2d4851a1d" />
    <TestEntry testId="1825e357-5417-8bed-b2a5-b189cdd2c462" executionId="362d7293-5e06-4a45-9c15-f5114b0489e2" testListId="8c84fa94-04c1-424b-9868-57a2d4851a1d" />
    <TestEntry testId="1f3fa92f-3d2a-81d7-bcbc-51434a09d5a8" executionId="bedc95e3-677b-4167-bd72-3346ff9ccc57" testListId="8c84fa94-04c1-424b-9868-57a2d4851a1d" />
    <TestEntry testId="1990df15-3025-8212-afa5-3b826c02f29f" executionId="f02f7a3a-fa9a-4f8a-b315-104cd6a95edc" testListId="8c84fa94-04c1-424b-9868-57a2d4851a1d" />
    <TestEntry testId="1e751c67-04cc-8e22-abb0-ae2b80e0003e" executionId="bdf05249-5ca4-4730-b604-1e5639fe325b" testListId="8c84fa94-04c1-424b-9868-57a2d4851a1d" />
    <TestEntry testId="1571570f-2c3a-8ea3-916d-054b7ac8a9e7" executionId="fcca5073-e10f-4688-9267-81ca075233de" testListId="8c84fa94-04c1-424b-9868-57a2d4851a1d" />
    <TestEntry testId="1747785b-52fe-80f9-bdbd-ef0dfdf2bd6b" executionId="a70bcbdd-b3d1-47cf-b4a0-411713202d74" testListId="8c84fa94-04c1-424b-9868-57a2d4851a1d" />
    <TestEntry testId="1b39b368-d7f8-85c8-b8ce-9fb88366682d" executionId="afb02e85-ec03-4676-9cd6-6ad20790c979" testListId="8c84fa94-04c1-424b-9868-57a2d4851a1d" />
    <TestEntry testId="17c43e03-eb29-803e-94b0-c409ba058d8b" executionId="2bcf360e-a31d-420e-9f79-0ed28a1b60a5" testListId="8c84fa94-04c1-424b-9868-57a2d4851a1d" />
    <TestEntry testId="14d88910-e78f-827f-88b4-ec461f527d67" executionId="5ff17221-d829-4a51-8e12-8972e1b2a7a1" testListId="8c84fa94-04c1-424b-9868-57a2d4851a1d" />
    <TestEntry testId="14a54f0b-c92e-8fff-86dd-d62bef25d8f1" executionId="891ba4d1-9ddc-409a-b691-74abc3d90e59" testListId="8c84fa94-04c1-424b-9868-57a2d4851a1d" />
    <TestEntry testId="1effc00f-cb29-8f88-8706-f355c30c8038" executionId="b0bfd2fd-07ca-4f81-96ed-fadab430bdf0" testListId="8c84fa94-04c1-424b-9868-57a2d4851a1d" />
    <TestEntry testId="11eb7de8-15ea-815b-87f3-2d19ee54a017" executionId="0ae42262-f08e-42cd-bf70-b73c0a2d8e92" testListId="8c84fa94-04c1-424b-9868-57a2d4851a1d" />
    <TestEntry testId="1f0c7677-44d5-8a27-9cd4-acf231b203af" executionId="a1c794f0-e39d-4f16-a6b0-fcb0ceb0de11" testListId="8c84fa94-04c1-424b-9868-57a2d4851a1d" />
    <TestEntry testId="180591c3-e40a-844a-8e08-ca660de480a7" executionId="d2f5d626-f509-4b46-bf85-6c09e9281d30" testListId="8c84fa94-04c1-424b-9868-57a2d4851a1d" />
    <TestEntry testId="1f5506f6-f175-80dd-9e79-dba07e5c785b" executionId="3ab40cea-1d74-4fdc-b41c-4f62152cd5f3" testListId="8c84fa94-04c1-424b-9868-57a2d4851a1d" />
    <TestEntry testId="11123a1c-6cde-87f3-ae08-f1daf2cb1edc" executionId="566d37d9-84f4-4bbc-ad03-6e0094d31bb7" testListId="8c84fa94-04c1-424b-9868-57a2d4851a1d" />
    <TestEntry testId="1fb042cc-d2d1-8155-a80f-efaf0410a9e1" executionId="c4edd695-5b75-4ed2-b17b-564c35012e5a" testListId="8c84fa94-04c1-424b-9868-57a2d4851a1d" />
    <TestEntry testId="14c3ab6a-8015-8789-ab5b-ad68a8996acb" executionId="6f25c9ed-bcbf-43c6-946a-ca75cdfa6e99" testListId="8c84fa94-04c1-424b-9868-57a2d4851a1d" />
    <TestEntry testId="1c5462dd-10fa-826e-a1dd-91ac88cfe913" executionId="87e2fbe2-d324-496e-bb20-78388cf341ad" testListId="8c84fa94-04c1-424b-9868-57a2d4851a1d" />
    <TestEntry testId="1b10397b-ce28-8c99-967e-837ed1ad4e20" executionId="94006b82-5104-47a4-9efd-7b96729b0f2b" testListId="8c84fa94-04c1-424b-9868-57a2d4851a1d" />
    <TestEntry testId="152b6a6e-7caa-8263-a3d8-0bca7c9b3b6c" executionId="9e582ea2-4643-46a6-90f9-77d12985b7dd" testListId="8c84fa94-04c1-424b-9868-57a2d4851a1d" />
    <TestEntry testId="1e7a5c36-f1af-86e8-a357-d2426657e99a" executionId="e4a15157-afe9-4d97-b898-b64ae5d63eba" testListId="8c84fa94-04c1-424b-9868-57a2d4851a1d" />
    <TestEntry testId="10f928af-aa2c-849f-9218-ae1be1af1c06" executionId="edf6eeeb-2d8a-448c-813e-f8d2e2527abf" testListId="8c84fa94-04c1-424b-9868-57a2d4851a1d" />
    <TestEntry testId="1ca2d86c-5f4d-846a-9b05-9e20de66c7d4" executionId="d7f85e81-9eef-4e11-bafa-08bdf2b4b4cd" testListId="8c84fa94-04c1-424b-9868-57a2d4851a1d" />
    <TestEntry testId="16862212-2314-84d6-a3e7-28b47b1169a8" executionId="8ad979ea-8fa7-4628-8a47-a58a6741564b" testListId="8c84fa94-04c1-424b-9868-57a2d4851a1d" />
    <TestEntry testId="1821da1a-9592-8ae4-8a01-51aebaf5e6ce" executionId="65e96006-4c85-4e49-ab9f-00549568f631" testListId="8c84fa94-04c1-424b-9868-57a2d4851a1d" />
  </TestEntries>
  <TestLists>
    <TestList name="Results Not in a List" id="8c84fa94-04c1-424b-9868-57a2d4851a1d" />
    <TestList name="All Loaded Results" id="19431567-8539-422a-85d7-44ee4e166bda" />
  </TestLists>
  <ResultSummary outcome="Completed">
    <Counters total="143" executed="143" passed="143" failed="0" error="0" timeout="0" aborted="0" inconclusive="0" passedButRunAborted="0" notRunnable="0" notExecuted="0" disconnected="0" warning="0" completed="0" inProgress="0" pending="0" />
    <Output>
      <StdOut>Test Parallelization enabled for c:\Users\ivans\Desktop\Dev\E-commerce\src\backend\ECommerce.Tests\bin\Debug\net10.0\ECommerce.Tests.dll (Workers: 16, Scope: MethodLevel)&#xD;
</StdOut>
    </Output>
  </ResultSummary>
</TestRun>