<?xml version="1.0" encoding="utf-8"?>
<TestRun id="a9f5a4e2-f076-4d83-9d4a-e170f105c894" name="ivans@IVAN 2026-01-31 13:04:56" runUser="IVAN\ivans" xmlns="http://microsoft.com/schemas/VisualStudio/TeamTest/2010">
  <Times creation="2026-01-31T13:04:56.9521159+02:00" queuing="2026-01-31T13:04:56.9521164+02:00" start="2026-01-31T13:04:56.3230209+02:00" finish="2026-01-31T13:04:58.1950471+02:00" />
  <TestSettings name="default" id="572d99db-ace5-4d7d-9bc0-09876521a5f5">
    <Deployment runDeploymentRoot="ivans_IVAN_2026-01-31_13_04_56" />
  </TestSettings>
  <Results>
    <UnitTestResult executionId="162157fc-132e-4cd3-929e-466a7368482c" testId="15d5c233-995f-8154-83ce-f820351e9f99" testName="AddToCartAsync_ExistingItem_IncrementsQuantity" computerName="IVAN" duration="00:00:00.0127373" startTime="2026-01-31T13:04:57.4153233+02:00" endTime="2026-01-31T13:04:57.4281734+02:00" testType="13cdc9d9-ddb5-4fa4-a97d-d965ccfc6d4b" outcome="Passed" testListId="8c84fa94-04c1-424b-9868-57a2d4851a1d" relativeResultsDirectory="162157fc-132e-4cd3-929e-466a7368482c" />
    <UnitTestResult executionId="3a64aad4-011b-4e9c-949d-5160d171a1c4" testId="1e94d781-2f70-8216-ad8f-553ccce3f9ec" testName="UpdateCartItemAsync_InsufficientStock_ThrowsInsufficientStockException" computerName="IVAN" duration="00:00:00.0053239" startTime="2026-01-31T13:04:57.4263500+02:00" endTime="2026-01-31T13:04:57.4317706+02:00" testType="13cdc9d9-ddb5-4fa4-a97d-d965ccfc6d4b" outcome="Passed" testListId="8c84fa94-04c1-424b-9868-57a2d4851a1d" relativeResultsDirectory="3a64aad4-011b-4e9c-949d-5160d171a1c4" />
    <UnitTestResult executionId="1e737d85-09c0-4ff0-a7da-3bb1c673984c" testId="176e7579-1a9b-8e22-9999-8ae01d68f81d" testName="CreateReviewAsync_EmptyComment_ThrowsEmptyReviewCommentException" computerName="IVAN" duration="00:00:00.3040171" startTime="2026-01-31T13:04:57.6878945+02:00" endTime="2026-01-31T13:04:57.9920022+02:00" testType="13cdc9d9-ddb5-4fa4-a97d-d965ccfc6d4b" outcome="Passed" testListId="8c84fa94-04c1-424b-9868-57a2d4851a1d" relativeResultsDirectory="1e737d85-09c0-4ff0-a7da-3bb1c673984c" />
    <UnitTestResult executionId="8971d5de-5765-491b-a993-f8e09387e604" testId="13191952-e91c-86ea-a4ca-3f70f4ce733e" testName="RegisterAsync_ValidData_HashesPassword" computerName="IVAN" duration="00:00:00.8186209" startTime="2026-01-31T13:04:56.7714440+02:00" endTime="2026-01-31T13:04:57.6055350+02:00" testType="13cdc9d9-ddb5-4fa4-a97d-d965ccfc6d4b" outcome="Passed" testListId="8c84fa94-04c1-424b-9868-57a2d4851a1d" relativeResultsDirectory="8971d5de-5765-491b-a993-f8e09387e604" />
    <UnitTestResult executionId="964530b5-a7b1-4ad4-9565-3d19797927ed" testId="152aba78-c084-8456-83ac-1798834fc1b9" testName="CreateProductAsync_DuplicateSlug_ThrowsDuplicateProductSlugException" computerName="IVAN" duration="00:00:00.0058862" startTime="2026-01-31T13:04:57.5908133+02:00" endTime="2026-01-31T13:04:57.5968014+02:00" testType="13cdc9d9-ddb5-4fa4-a97d-d965ccfc6d4b" outcome="Passed" testListId="8c84fa94-04c1-424b-9868-57a2d4851a1d" relativeResultsDirectory="964530b5-a7b1-4ad4-9565-3d19797927ed" />
    <UnitTestResult executionId="32606e88-4cbf-4081-b4e3-cd6149f8a0f0" testId="152b6a6e-7caa-8263-a3d8-0bca7c9b3b6c" testName="GenerateJwtToken_ValidUser_ReturnsValidToken" computerName="IVAN" duration="00:00:00.1572124" startTime="2026-01-31T13:04:56.7714707+02:00" endTime="2026-01-31T13:04:56.9441527+02:00" testType="13cdc9d9-ddb5-4fa4-a97d-d965ccfc6d4b" outcome="Passed" testListId="8c84fa94-04c1-424b-9868-57a2d4851a1d" relativeResultsDirectory="32606e88-4cbf-4081-b4e3-cd6149f8a0f0" />
    <UnitTestResult executionId="45a88c5c-bf9f-4b40-9552-b0898b327b1d" testId="17916a58-9be9-8002-93bd-67ac2413a1d2" testName="DeleteProductAsync_NonExistentId_ThrowsProductNotFoundException" computerName="IVAN" duration="00:00:00.0035007" startTime="2026-01-31T13:04:57.6055949+02:00" endTime="2026-01-31T13:04:57.6091928+02:00" testType="13cdc9d9-ddb5-4fa4-a97d-d965ccfc6d4b" outcome="Passed" testListId="8c84fa94-04c1-424b-9868-57a2d4851a1d" relativeResultsDirectory="45a88c5c-bf9f-4b40-9552-b0898b327b1d" />
    <UnitTestResult executionId="26a55167-01c7-4a1e-bdc4-55c63ddb7aa5" testId="1b32c2df-39d7-83cc-9e8a-55221a6bbdbd" testName="CreateCategory_ReturnsValidCategory" computerName="IVAN" duration="00:00:00.0005302" startTime="2026-01-31T13:04:57.9263624+02:00" endTime="2026-01-31T13:04:57.9270643+02:00" testType="13cdc9d9-ddb5-4fa4-a97d-d965ccfc6d4b" outcome="Passed" testListId="8c84fa94-04c1-424b-9868-57a2d4851a1d" relativeResultsDirectory="26a55167-01c7-4a1e-bdc4-55c63ddb7aa5" />
    <UnitTestResult executionId="b19f6ca3-e7fb-4104-98b1-7f5744b8d1b5" testId="1da21cfc-4a10-89e2-9681-7ea40eb7fe1e" testName="GetProductsByPriceRangeAsync_ReturnsFilteredProducts" computerName="IVAN" duration="00:00:00.0101435" startTime="2026-01-31T13:04:57.6142387+02:00" endTime="2026-01-31T13:04:57.6244544+02:00" testType="13cdc9d9-ddb5-4fa4-a97d-d965ccfc6d4b" outcome="Passed" testListId="8c84fa94-04c1-424b-9868-57a2d4851a1d" relativeResultsDirectory="b19f6ca3-e7fb-4104-98b1-7f5744b8d1b5" />
    <UnitTestResult executionId="d87b95e8-5bd3-49a7-9c90-7dd7b31652ca" testId="145cf710-e8c4-8c69-8401-c0e829138e75" testName="GetProductsByCategoryAsync_ReturnsProducts" computerName="IVAN" duration="00:00:00.0055159" startTime="2026-01-31T13:04:57.6142213+02:00" endTime="2026-01-31T13:04:57.6198298+02:00" testType="13cdc9d9-ddb5-4fa4-a97d-d965ccfc6d4b" outcome="Passed" testListId="8c84fa94-04c1-424b-9868-57a2d4851a1d" relativeResultsDirectory="d87b95e8-5bd3-49a7-9c90-7dd7b31652ca" />
    <UnitTestResult executionId="a87658c1-1381-4b65-8157-702308678906" testId="1ca2c638-0ef1-8441-ba38-3f014e3fe983" testName="ValidateCartAsync_InactiveProduct_ThrowsProductNotAvailableException" computerName="IVAN" duration="00:00:00.0086149" startTime="2026-01-31T13:04:57.4505393+02:00" endTime="2026-01-31T13:04:57.4604425+02:00" testType="13cdc9d9-ddb5-4fa4-a97d-d965ccfc6d4b" outcome="Passed" testListId="8c84fa94-04c1-424b-9868-57a2d4851a1d" relativeResultsDirectory="a87658c1-1381-4b65-8157-702308678906" />
    <UnitTestResult executionId="ba3899fb-1329-4312-83ee-1c59a78fb5ed" testId="10e2bf59-8e9d-8d81-9a7d-72cc8078bb86" testName="GetAllOrdersAsync_WithOrders_ReturnsPaginatedResult" computerName="IVAN" duration="00:00:00.0100161" startTime="2026-01-31T13:04:57.5725216+02:00" endTime="2026-01-31T13:04:57.5826316+02:00" testType="13cdc9d9-ddb5-4fa4-a97d-d965ccfc6d4b" outcome="Passed" testListId="8c84fa94-04c1-424b-9868-57a2d4851a1d" relativeResultsDirectory="ba3899fb-1329-4312-83ee-1c59a78fb5ed" />
    <UnitTestResult executionId="50242007-f085-4b4f-b33f-00bf29a8df00" testId="11ea238d-f84d-8050-b349-7265477196e6" testName="CreateOrderAsync_InvalidPromoCode_ThrowsInvalidPromoCodeException" computerName="IVAN" duration="00:00:00.2440341" startTime="2026-01-31T13:04:57.4834693+02:00" endTime="2026-01-31T13:04:57.7276411+02:00" testType="13cdc9d9-ddb5-4fa4-a97d-d965ccfc6d4b" outcome="Passed" testListId="8c84fa94-04c1-424b-9868-57a2d4851a1d" relativeResultsDirectory="50242007-f085-4b4f-b33f-00bf29a8df00" />
    <UnitTestResult executionId="c7b83ba9-d394-4906-b909-87f02c6b0849" testId="1df170e4-602c-8adc-b67e-b982150ecdf8" testName="ResetPasswordAsync_InvalidToken_ThrowsInvalidTokenException" computerName="IVAN" duration="00:00:00.4569823" startTime="2026-01-31T13:04:56.9324987+02:00" endTime="2026-01-31T13:04:57.3895675+02:00" testType="13cdc9d9-ddb5-4fa4-a97d-d965ccfc6d4b" outcome="Passed" testListId="8c84fa94-04c1-424b-9868-57a2d4851a1d" relativeResultsDirectory="c7b83ba9-d394-4906-b909-87f02c6b0849" />
    <UnitTestResult executionId="2fa56741-38c2-4f8c-af06-559b6673c5a2" testId="1731dcd1-b7e7-8dbc-88bd-304c350cc92f" testName="VerifyPassword_IncorrectPassword_ReturnsFalse" computerName="IVAN" duration="00:00:00.8081464" startTime="2026-01-31T13:04:56.7944936+02:00" endTime="2026-01-31T13:04:57.6033161+02:00" testType="13cdc9d9-ddb5-4fa4-a97d-d965ccfc6d4b" outcome="Passed" testListId="8c84fa94-04c1-424b-9868-57a2d4851a1d" relativeResultsDirectory="2fa56741-38c2-4f8c-af06-559b6673c5a2" />
    <UnitTestResult executionId="1b2e9345-3059-4489-bd59-4fc9aa185718" testId="196b3451-0ea8-882e-9796-a94aba9ccaa2" testName="CreateProductAsync_ValidData_CreatesProduct" computerName="IVAN" duration="00:00:00.0194851" startTime="2026-01-31T13:04:57.5905724+02:00" endTime="2026-01-31T13:04:57.6101899+02:00" testType="13cdc9d9-ddb5-4fa4-a97d-d965ccfc6d4b" outcome="Passed" testListId="8c84fa94-04c1-424b-9868-57a2d4851a1d" relativeResultsDirectory="1b2e9345-3059-4489-bd59-4fc9aa185718" />
    <UnitTestResult executionId="30ce2968-d5e0-41ab-ac11-3193a00f9a4b" testId="197fbbde-9c06-88d9-ae6d-946e9bfec9c5" testName="ValidateCartAsync_ProductNotFound_ThrowsProductNotFoundException" computerName="IVAN" duration="00:00:00.0092723" startTime="2026-01-31T13:04:57.4453672+02:00" endTime="2026-01-31T13:04:57.4547231+02:00" testType="13cdc9d9-ddb5-4fa4-a97d-d965ccfc6d4b" outcome="Passed" testListId="8c84fa94-04c1-424b-9868-57a2d4851a1d" relativeResultsDirectory="30ce2968-d5e0-41ab-ac11-3193a00f9a4b" />
    <UnitTestResult executionId="13fad4a5-b283-46fa-b6b0-5787bd84bea5" testId="1b3a3cac-dc4e-8c71-9fb0-9809fb4d5976" testName="GetAllAsync_WithActiveFilter_ReturnsActiveOnly" computerName="IVAN" duration="00:00:00.0490283" startTime="2026-01-31T13:04:57.6274118+02:00" endTime="2026-01-31T13:04:57.6767382+02:00" testType="13cdc9d9-ddb5-4fa4-a97d-d965ccfc6d4b" outcome="Passed" testListId="8c84fa94-04c1-424b-9868-57a2d4851a1d" relativeResultsDirectory="13fad4a5-b283-46fa-b6b0-5787bd84bea5" />
    <UnitTestResult executionId="6ac854b7-1274-478e-8a74-976b87c24b88" testId="13182a6f-e5bb-87f1-b97e-41d2782aabe2" testName="GetCartByIdAsync_CartNotFound_ThrowsCartNotFoundException" computerName="IVAN" duration="00:00:00.0158689" startTime="2026-01-31T13:04:57.4330599+02:00" endTime="2026-01-31T13:04:57.4490438+02:00" testType="13cdc9d9-ddb5-4fa4-a97d-d965ccfc6d4b" outcome="Passed" testListId="8c84fa94-04c1-424b-9868-57a2d4851a1d" relativeResultsDirectory="6ac854b7-1274-478e-8a74-976b87c24b88" />
    <UnitTestResult executionId="8e638deb-6375-416d-a2ff-4539ee19a129" testId="1bfffd90-43cc-8497-a09d-3af4fe423c5e" testName="GetOrderByIdAsync_ExistingOrder_ReturnsOrder" computerName="IVAN" duration="00:00:00.0243405" startTime="2026-01-31T13:04:57.5265352+02:00" endTime="2026-01-31T13:04:57.5532724+02:00" testType="13cdc9d9-ddb5-4fa4-a97d-d965ccfc6d4b" outcome="Passed" testListId="8c84fa94-04c1-424b-9868-57a2d4851a1d" relativeResultsDirectory="8e638deb-6375-416d-a2ff-4539ee19a129" />
    <UnitTestResult executionId="c8f22c77-b941-40f7-852e-48ebde5c700c" testId="18a88b89-3ac3-88e0-88de-07f222acdc46" testName="ResetPasswordAsync_UserNotFound_ThrowsUserNotFoundException" computerName="IVAN" duration="00:00:00.0034499" startTime="2026-01-31T13:04:56.9442173+02:00" endTime="2026-01-31T13:04:56.9477461+02:00" testType="13cdc9d9-ddb5-4fa4-a97d-d965ccfc6d4b" outcome="Passed" testListId="8c84fa94-04c1-424b-9868-57a2d4851a1d" relativeResultsDirectory="c8f22c77-b941-40f7-852e-48ebde5c700c" />
    <UnitTestResult executionId="8d39d58d-47e8-46ea-9a41-b2f9e28c6b79" testId="1f0c7677-44d5-8a27-9cd4-acf231b203af" testName="ValidateTokenAsync_InvalidToken_ReturnsFalse" computerName="IVAN" duration="00:00:00.1197808" startTime="2026-01-31T13:04:56.7944516+02:00" endTime="2026-01-31T13:04:56.9180241+02:00" testType="13cdc9d9-ddb5-4fa4-a97d-d965ccfc6d4b" outcome="Passed" testListId="8c84fa94-04c1-424b-9868-57a2d4851a1d" relativeResultsDirectory="8d39d58d-47e8-46ea-9a41-b2f9e28c6b79" />
    <UnitTestResult executionId="c1b8c47a-876b-4770-beff-734e6c9c9019" testId="1b02f605-85c4-8dae-8421-db498f4ffb6e" testName="CreateAsync_DuplicateCode_ThrowsPromoCodeAlreadyExistsException" computerName="IVAN" duration="00:00:00.0048324" startTime="2026-01-31T13:04:57.6397265+02:00" endTime="2026-01-31T13:04:57.6447008+02:00" testType="13cdc9d9-ddb5-4fa4-a97d-d965ccfc6d4b" outcome="Passed" testListId="8c84fa94-04c1-424b-9868-57a2d4851a1d" relativeResultsDirectory="c1b8c47a-876b-4770-beff-734e6c9c9019" />
    <UnitTestResult executionId="4896274c-4c5d-404d-baed-90e666cc616d" testId="108c856a-0e88-8404-b334-66d4f30f14f8" testName="UpdateReviewAsync_NotOwner_ThrowsUnauthorizedAccessException" computerName="IVAN" duration="00:00:00.4019157" startTime="2026-01-31T13:04:57.6939926+02:00" endTime="2026-01-31T13:04:58.0960093+02:00" testType="13cdc9d9-ddb5-4fa4-a97d-d965ccfc6d4b" outcome="Passed" testListId="8c84fa94-04c1-424b-9868-57a2d4851a1d" relativeResultsDirectory="4896274c-4c5d-404d-baed-90e666cc616d" />
    <UnitTestResult executionId="ca14d208-81f2-4acf-8b01-7620c64947f9" testId="1da9a402-afba-87f2-b290-6ac73a7314f3" testName="AddToCartAsync_ProductNotFound_ThrowsProductNotFoundException" computerName="IVAN" duration="00:00:00.0054416" startTime="2026-01-31T13:04:57.4229219+02:00" endTime="2026-01-31T13:04:57.4284439+02:00" testType="13cdc9d9-ddb5-4fa4-a97d-d965ccfc6d4b" outcome="Passed" testListId="8c84fa94-04c1-424b-9868-57a2d4851a1d" relativeResultsDirectory="ca14d208-81f2-4acf-8b01-7620c64947f9" />
    <UnitTestResult executionId="669228e6-ceaf-4849-8a2b-b361acf15c1f" testId="1a738ce6-ef5d-8915-ae6c-fe5aee596716" testName="ValidateCartAsync_CartNotFound_ThrowsCartNotFoundException" computerName="IVAN" duration="00:00:00.0174204" startTime="2026-01-31T13:04:57.4359108+02:00" endTime="2026-01-31T13:04:57.4534321+02:00" testType="13cdc9d9-ddb5-4fa4-a97d-d965ccfc6d4b" outcome="Passed" testListId="8c84fa94-04c1-424b-9868-57a2d4851a1d" relativeResultsDirectory="669228e6-ceaf-4849-8a2b-b361acf15c1f" />
    <UnitTestResult executionId="41983e8f-fdcc-4f8f-bdeb-27f4e1fdf472" testId="11caa347-17ae-8967-8f5d-3135bb136f60" testName="GetAllAsync_WithSearchFilter_ReturnsMatching" computerName="IVAN" duration="00:00:00.0200122" startTime="2026-01-31T13:04:57.6200058+02:00" endTime="2026-01-31T13:04:57.6400773+02:00" testType="13cdc9d9-ddb5-4fa4-a97d-d965ccfc6d4b" outcome="Passed" testListId="8c84fa94-04c1-424b-9868-57a2d4851a1d" relativeResultsDirectory="41983e8f-fdcc-4f8f-bdeb-27f4e1fdf472" />
    <UnitTestResult executionId="4b9467b1-43f7-480a-8673-8ef1879b6d42" testId="14d88910-e78f-827f-88b4-ec461f527d67" testName="IncrementUsedCountAsync_ValidCode_IncrementsCount" computerName="IVAN" duration="00:00:00.0147883" startTime="2026-01-31T13:04:57.6672143+02:00" endTime="2026-01-31T13:04:57.6821155+02:00" testType="13cdc9d9-ddb5-4fa4-a97d-d965ccfc6d4b" outcome="Passed" testListId="8c84fa94-04c1-424b-9868-57a2d4851a1d" relativeResultsDirectory="4b9467b1-43f7-480a-8673-8ef1879b6d42" />
    <UnitTestResult executionId="97241033-38d6-40e6-84f0-52b6a3597b6d" testId="1800ea40-4d9b-8c82-a61a-7b380433cdde" testName="AddToWishlistAsync_Duplicate_ThrowsDuplicateWishlistItemException" computerName="IVAN" duration="00:00:00.1980520" startTime="2026-01-31T13:04:57.8375869+02:00" endTime="2026-01-31T13:04:58.0357837+02:00" testType="13cdc9d9-ddb5-4fa4-a97d-d965ccfc6d4b" outcome="Passed" testListId="8c84fa94-04c1-424b-9868-57a2d4851a1d" relativeResultsDirectory="97241033-38d6-40e6-84f0-52b6a3597b6d" />
    <UnitTestResult executionId="bbd23149-84c8-48d9-91a3-106ee3fb0357" testId="17cd880b-ac0f-8b77-89c8-9794709c6500" testName="AddToWishlistAsync_Valid_AddsAndReturnsWishlist" computerName="IVAN" duration="00:00:00.1934620" startTime="2026-01-31T13:04:57.8186096+02:00" endTime="2026-01-31T13:04:58.0122684+02:00" testType="13cdc9d9-ddb5-4fa4-a97d-d965ccfc6d4b" outcome="Passed" testListId="8c84fa94-04c1-424b-9868-57a2d4851a1d" relativeResultsDirectory="bbd23149-84c8-48d9-91a3-106ee3fb0357" />
    <UnitTestResult executionId="79211ace-f32c-406c-9743-949efdaae91a" testId="1f6f0a83-1d2a-8782-b43f-13ff2d28e1a4" testName="CreateOrder_ReturnsValidOrder" computerName="IVAN" duration="00:00:00.0028014" startTime="2026-01-31T13:04:57.9263565+02:00" endTime="2026-01-31T13:04:57.9292780+02:00" testType="13cdc9d9-ddb5-4fa4-a97d-d965ccfc6d4b" outcome="Passed" testListId="8c84fa94-04c1-424b-9868-57a2d4851a1d" relativeResultsDirectory="79211ace-f32c-406c-9743-949efdaae91a" />
    <UnitTestResult executionId="ae604b9f-0ab9-4a2a-9818-a32ab6fdc151" testId="1b6f1db7-f184-8707-92aa-8ca8009534a1" testName="ChangePasswordAsync_UserNotFound_ThrowsUserNotFoundException" computerName="IVAN" duration="00:00:00.0056358" startTime="2026-01-31T13:04:57.3745433+02:00" endTime="2026-01-31T13:04:57.3803678+02:00" testType="13cdc9d9-ddb5-4fa4-a97d-d965ccfc6d4b" outcome="Passed" testListId="8c84fa94-04c1-424b-9868-57a2d4851a1d" relativeResultsDirectory="ae604b9f-0ab9-4a2a-9818-a32ab6fdc151" />
    <UnitTestResult executionId="671feb7d-b34c-45d7-881b-2688ed82e8ba" testId="1a5a0750-1716-868d-9412-9c47fae3323c" testName="GetLowStockProductsAsync_ReturnsLowStockItems" computerName="IVAN" duration="00:00:00.0049788" startTime="2026-01-31T13:04:57.6142458+02:00" endTime="2026-01-31T13:04:57.6193232+02:00" testType="13cdc9d9-ddb5-4fa4-a97d-d965ccfc6d4b" outcome="Passed" testListId="8c84fa94-04c1-424b-9868-57a2d4851a1d" relativeResultsDirectory="671feb7d-b34c-45d7-881b-2688ed82e8ba" />
    <UnitTestResult executionId="1ed5cd9c-f554-4f1f-8c40-b188a985416c" testId="1052470e-7bac-8f34-81fc-9f2ea63679ea" testName="GetProductsAsync_NoFilters_ReturnsPaginatedProducts" computerName="IVAN" duration="00:00:00.0239229" startTime="2026-01-31T13:04:57.5754576+02:00" endTime="2026-01-31T13:04:57.5995904+02:00" testType="13cdc9d9-ddb5-4fa4-a97d-d965ccfc6d4b" outcome="Passed" testListId="8c84fa94-04c1-424b-9868-57a2d4851a1d" relativeResultsDirectory="1ed5cd9c-f554-4f1f-8c40-b188a985416c" />
    <UnitTestResult executionId="9c5cb2f1-e02d-47da-aa4f-4a9a26539891" testId="14c3ab6a-8015-8789-ab5b-ad68a8996acb" testName="GetReviewByIdAsync_Existing_ReturnsReview" computerName="IVAN" duration="00:00:00.0214691" startTime="2026-01-31T13:04:57.6712763+02:00" endTime="2026-01-31T13:04:57.6928387+02:00" testType="13cdc9d9-ddb5-4fa4-a97d-d965ccfc6d4b" outcome="Passed" testListId="8c84fa94-04c1-424b-9868-57a2d4851a1d" relativeResultsDirectory="9c5cb2f1-e02d-47da-aa4f-4a9a26539891" />
    <UnitTestResult executionId="88438e50-8c32-48d9-826e-87bbcb612f99" testId="1669049b-ab8c-8311-aed4-5e2500b95593" testName="AddToCartAsync_InvalidQuantity_ThrowsInvalidQuantityException" computerName="IVAN" duration="00:00:00.0037355" startTime="2026-01-31T13:04:57.4208178+02:00" endTime="2026-01-31T13:04:57.4246716+02:00" testType="13cdc9d9-ddb5-4fa4-a97d-d965ccfc6d4b" outcome="Passed" testListId="8c84fa94-04c1-424b-9868-57a2d4851a1d" relativeResultsDirectory="88438e50-8c32-48d9-826e-87bbcb612f99" />
    <UnitTestResult executionId="4b4b5ad5-ead8-4955-897f-6ead567367da" testId="1fb042cc-d2d1-8155-a80f-efaf0410a9e1" testName="CreateReviewAsync_DuplicateReview_ThrowsDuplicateReviewException" computerName="IVAN" duration="00:00:00.2068616" startTime="2026-01-31T13:04:57.6838343+02:00" endTime="2026-01-31T13:04:57.8907760+02:00" testType="13cdc9d9-ddb5-4fa4-a97d-d965ccfc6d4b" outcome="Passed" testListId="8c84fa94-04c1-424b-9868-57a2d4851a1d" relativeResultsDirectory="4b4b5ad5-ead8-4955-897f-6ead567367da" />
    <UnitTestResult executionId="1452b232-9839-4729-90d5-fffae846485f" testId="1825e357-5417-8bed-b2a5-b189cdd2c462" testName="CancelOrderAsync_OrderNotFound_ReturnsFalse" computerName="IVAN" duration="00:00:00.0027206" startTime="2026-01-31T13:04:57.5634602+02:00" endTime="2026-01-31T13:04:57.5662654+02:00" testType="13cdc9d9-ddb5-4fa4-a97d-d965ccfc6d4b" outcome="Passed" testListId="8c84fa94-04c1-424b-9868-57a2d4851a1d" relativeResultsDirectory="1452b232-9839-4729-90d5-fffae846485f" />
    <UnitTestResult executionId="3125c546-db07-49fb-88af-4a9fb462ba91" testId="1e6ea0ad-c442-8a45-a947-d5c340789e08" testName="UpdateCartItemAsync_QuantityZero_RemovesItem" computerName="IVAN" duration="00:00:00.0066934" startTime="2026-01-31T13:04:57.4247545+02:00" endTime="2026-01-31T13:04:57.4315250+02:00" testType="13cdc9d9-ddb5-4fa4-a97d-d965ccfc6d4b" outcome="Passed" testListId="8c84fa94-04c1-424b-9868-57a2d4851a1d" relativeResultsDirectory="3125c546-db07-49fb-88af-4a9fb462ba91" />
    <UnitTestResult executionId="8b3055c6-8209-4855-8e3a-d74684cbfa13" testId="1972dddd-00bf-8e5c-882b-16d145f87d70" testName="MappingProfile_CanInstantiate" computerName="IVAN" duration="00:00:00.0497114" startTime="2026-01-31T13:04:57.8965287+02:00" endTime="2026-01-31T13:04:57.9466867+02:00" testType="13cdc9d9-ddb5-4fa4-a97d-d965ccfc6d4b" outcome="Passed" testListId="8c84fa94-04c1-424b-9868-57a2d4851a1d" relativeResultsDirectory="8b3055c6-8209-4855-8e3a-d74684cbfa13" />
    <UnitTestResult executionId="8d0269e1-4b23-4eca-b729-5de172b6e1f0" testId="16c21dd5-0e8c-8463-8ecc-374c99059380" testName="RemoveFromWishlistAsync_Existing_RemovesAndReturns" computerName="IVAN" duration="00:00:00.1731798" startTime="2026-01-31T13:04:57.8727906+02:00" endTime="2026-01-31T13:04:58.0460820+02:00" testType="13cdc9d9-ddb5-4fa4-a97d-d965ccfc6d4b" outcome="Passed" testListId="8c84fa94-04c1-424b-9868-57a2d4851a1d" relativeResultsDirectory="8d0269e1-4b23-4eca-b729-5de172b6e1f0" />
    <UnitTestResult executionId="cd5adf5b-a13d-4eaa-8176-0a45f1efb701" testId="15d9a171-09cc-80db-88ff-b4ca08e0e989" testName="GetCategoryBySlugAsync_ExistingSlug_ReturnsCategory" computerName="IVAN" duration="00:00:00.0168551" startTime="2026-01-31T13:04:57.4535024+02:00" endTime="2026-01-31T13:04:57.4704472+02:00" testType="13cdc9d9-ddb5-4fa4-a97d-d965ccfc6d4b" outcome="Passed" testListId="8c84fa94-04c1-424b-9868-57a2d4851a1d" relativeResultsDirectory="cd5adf5b-a13d-4eaa-8176-0a45f1efb701" />
    <UnitTestResult executionId="1b024dd5-1e5f-4b1d-8311-ecf037ba2126" testId="180591c3-e40a-844a-8e08-ca660de480a7" testName="SearchProductsAsync_WithQuery_ReturnsMatchingProducts" computerName="IVAN" duration="00:00:00.0131765" startTime="2026-01-31T13:04:57.6103867+02:00" endTime="2026-01-31T13:04:57.6237179+02:00" testType="13cdc9d9-ddb5-4fa4-a97d-d965ccfc6d4b" outcome="Passed" testListId="8c84fa94-04c1-424b-9868-57a2d4851a1d" relativeResultsDirectory="1b024dd5-1e5f-4b1d-8311-ecf037ba2126" />
    <UnitTestResult executionId="39818906-0544-45a4-86c4-0c79b3d99b63" testId="17723e76-494f-8240-87d1-f41892ee12ba" testName="RemoveFromWishlistAsync_NotFound_ThrowsWishlistItemNotFoundException" computerName="IVAN" duration="00:00:00.1746284" startTime="2026-01-31T13:04:57.8812715+02:00" endTime="2026-01-31T13:04:58.0560235+02:00" testType="13cdc9d9-ddb5-4fa4-a97d-d965ccfc6d4b" outcome="Passed" testListId="8c84fa94-04c1-424b-9868-57a2d4851a1d" relativeResultsDirectory="39818906-0544-45a4-86c4-0c79b3d99b63" />
    <UnitTestResult executionId="86735ab5-baab-4dba-a74e-26e3f43f7e72" testId="157de262-81ab-8fc6-a72b-29aa36251b67" testName="GetPendingReviewsAsync_ReturnsPending" computerName="IVAN" duration="00:00:00.0077308" startTime="2026-01-31T13:04:57.7404054+02:00" endTime="2026-01-31T13:04:57.7482407+02:00" testType="13cdc9d9-ddb5-4fa4-a97d-d965ccfc6d4b" outcome="Passed" testListId="8c84fa94-04c1-424b-9868-57a2d4851a1d" relativeResultsDirectory="86735ab5-baab-4dba-a74e-26e3f43f7e72" />
    <UnitTestResult executionId="54134ea5-374d-4746-b275-36ae8cf54f8c" testId="1b4bb5c1-40e4-8173-b3fb-c6046cc0ceb4" testName="GetOrCreateCartAsync_NewSessionCart_CreatesCart" computerName="IVAN" duration="00:00:00.0346033" startTime="2026-01-31T13:04:57.3869856+02:00" endTime="2026-01-31T13:04:57.4216852+02:00" testType="13cdc9d9-ddb5-4fa4-a97d-d965ccfc6d4b" outcome="Passed" testListId="8c84fa94-04c1-424b-9868-57a2d4851a1d" relativeResultsDirectory="54134ea5-374d-4746-b275-36ae8cf54f8c" />
    <UnitTestResult executionId="f78a5f04-cc6d-45a8-9e8d-a391720cd6b0" testId="1e73354c-958f-8e47-9932-4e2a80e32126" testName="CreateCategoryAsync_ValidData_ReturnsCreatedCategory" computerName="IVAN" duration="00:00:00.0173252" startTime="2026-01-31T13:04:57.4565689+02:00" endTime="2026-01-31T13:04:57.4740326+02:00" testType="13cdc9d9-ddb5-4fa4-a97d-d965ccfc6d4b" outcome="Passed" testListId="8c84fa94-04c1-424b-9868-57a2d4851a1d" relativeResultsDirectory="f78a5f04-cc6d-45a8-9e8d-a391720cd6b0" />
    <UnitTestResult executionId="302cb288-6b27-42a5-9e81-0b2fb8154611" testId="10c16c71-2304-8c52-9012-111476c8a352" testName="IsProductInWishlistAsync_ReturnsValue" computerName="IVAN" duration="00:00:00.0039715" startTime="2026-01-31T13:04:57.8920046+02:00" endTime="2026-01-31T13:04:57.8961038+02:00" testType="13cdc9d9-ddb5-4fa4-a97d-d965ccfc6d4b" outcome="Passed" testListId="8c84fa94-04c1-424b-9868-57a2d4851a1d" relativeResultsDirectory="302cb288-6b27-42a5-9e81-0b2fb8154611" />
    <UnitTestResult executionId="f0e49c39-994c-44fd-94a9-9514ab4ce253" testId="188d1b4e-60e8-8743-80fb-efdd473519c6" testName="UpdateCategoryAsync_ValidData_ReturnsUpdatedCategory" computerName="IVAN" duration="00:00:00.0181700" startTime="2026-01-31T13:04:57.4677668+02:00" endTime="2026-01-31T13:04:57.4860515+02:00" testType="13cdc9d9-ddb5-4fa4-a97d-d965ccfc6d4b" outcome="Passed" testListId="8c84fa94-04c1-424b-9868-57a2d4851a1d" relativeResultsDirectory="f0e49c39-994c-44fd-94a9-9514ab4ce253" />
    <UnitTestResult executionId="628b81d0-bfe1-4d45-92d9-1a919ac7e39e" testId="18a61589-c5a6-809d-a9af-d59e266d818d" testName="AddToCartAsync_NewItem_AddsToCart" computerName="IVAN" duration="00:00:00.0264943" startTime="2026-01-31T13:04:57.4027861+02:00" endTime="2026-01-31T13:04:57.4294296+02:00" testType="13cdc9d9-ddb5-4fa4-a97d-d965ccfc6d4b" outcome="Passed" testListId="8c84fa94-04c1-424b-9868-57a2d4851a1d" relativeResultsDirectory="628b81d0-bfe1-4d45-92d9-1a919ac7e39e" />
    <UnitTestResult executionId="aa7fa845-076e-40a4-af26-48fa165dac55" testId="17ed8a70-0fac-8e8e-9ab8-38a81dcbb07d" testName="CreateReviewAsync_InvalidRating_ThrowsInvalidRatingException" computerName="IVAN" duration="00:00:00.2383231" startTime="2026-01-31T13:04:57.6866285+02:00" endTime="2026-01-31T13:04:57.9250537+02:00" testType="13cdc9d9-ddb5-4fa4-a97d-d965ccfc6d4b" outcome="Passed" testListId="8c84fa94-04c1-424b-9868-57a2d4851a1d" relativeResultsDirectory="aa7fa845-076e-40a4-af26-48fa165dac55" />
    <UnitTestResult executionId="7393b6e2-cd88-46fb-8f63-1f162c3735ee" testId="129f5510-651e-8597-af80-98bc5ef3f3e0" testName="ValidateCartAsync_InsufficientStock_ThrowsInsufficientStockException" computerName="IVAN" duration="00:00:00.0076303" startTime="2026-01-31T13:04:57.4468959+02:00" endTime="2026-01-31T13:04:57.4547017+02:00" testType="13cdc9d9-ddb5-4fa4-a97d-d965ccfc6d4b" outcome="Passed" testListId="8c84fa94-04c1-424b-9868-57a2d4851a1d" relativeResultsDirectory="7393b6e2-cd88-46fb-8f63-1f162c3735ee" />
    <UnitTestResult executionId="96a4bd4a-d86b-433a-90ee-0acf5de6d5a0" testId="1dc80c9c-cc08-81ab-961c-a88f778b86fb" testName="DeleteCategoryAsync_ExistingId_DeletesCategory" computerName="IVAN" duration="00:00:00.0134682" startTime="2026-01-31T13:04:57.4696448+02:00" endTime="2026-01-31T13:04:57.4832485+02:00" testType="13cdc9d9-ddb5-4fa4-a97d-d965ccfc6d4b" outcome="Passed" testListId="8c84fa94-04c1-424b-9868-57a2d4851a1d" relativeResultsDirectory="96a4bd4a-d86b-433a-90ee-0acf5de6d5a0" />
    <UnitTestResult executionId="9e7a606c-888e-4aaa-93de-a1811dda8458" testId="1ecf20dd-e681-8cd3-b6eb-47a03d2dc986" testName="CreatePromoCode_ReturnsValidPromoCode" computerName="IVAN" duration="00:00:00.0018891" startTime="2026-01-31T13:04:57.9230995+02:00" endTime="2026-01-31T13:04:57.9250588+02:00" testType="13cdc9d9-ddb5-4fa4-a97d-d965ccfc6d4b" outcome="Passed" testListId="8c84fa94-04c1-424b-9868-57a2d4851a1d" relativeResultsDirectory="9e7a606c-888e-4aaa-93de-a1811dda8458" />
    <UnitTestResult executionId="39d6f35f-4dbb-4ec5-aa9b-76586d96ba12" testId="16862212-2314-84d6-a3e7-28b47b1169a8" testName="UpdateOrderStatusAsync_Shipped_SetsShippedAt" computerName="IVAN" duration="00:00:00.0075338" startTime="2026-01-31T13:04:57.5603166+02:00" endTime="2026-01-31T13:04:57.5680129+02:00" testType="13cdc9d9-ddb5-4fa4-a97d-d965ccfc6d4b" outcome="Passed" testListId="8c84fa94-04c1-424b-9868-57a2d4851a1d" relativeResultsDirectory="39d6f35f-4dbb-4ec5-aa9b-76586d96ba12" />
    <UnitTestResult executionId="4cc1c218-7720-43fc-95e9-6631301efd2c" testId="17e1a237-94e5-82a6-94c2-dd3c935518ef" testName="CreateOrderAsync_UserNotFound_ThrowsUserNotFoundException" computerName="IVAN" duration="00:00:00.0538599" startTime="2026-01-31T13:04:57.4770519+02:00" endTime="2026-01-31T13:04:57.5310944+02:00" testType="13cdc9d9-ddb5-4fa4-a97d-d965ccfc6d4b" outcome="Passed" testListId="8c84fa94-04c1-424b-9868-57a2d4851a1d" relativeResultsDirectory="4cc1c218-7720-43fc-95e9-6631301efd2c" />
    <UnitTestResult executionId="c8a5122c-9cda-429a-be50-316f592d9727" testId="17c43e03-eb29-803e-94b0-c409ba058d8b" testName="GetDashboardStatsAsync_ReturnsExpectedTotalsAndTrends" computerName="IVAN" duration="00:00:00.0815107" startTime="2026-01-31T13:04:57.4742249+02:00" endTime="2026-01-31T13:04:57.5560732+02:00" testType="13cdc9d9-ddb5-4fa4-a97d-d965ccfc6d4b" outcome="Passed" testListId="8c84fa94-04c1-424b-9868-57a2d4851a1d" relativeResultsDirectory="c8a5122c-9cda-429a-be50-316f592d9727" />
    <UnitTestResult executionId="83c635ea-b1ab-4d5b-bf43-885b19324aae" testId="1747785b-52fe-80f9-bdbd-ef0dfdf2bd6b" testName="CreateCategoryAsync_DuplicateSlug_ThrowsDuplicateCategorySlugException" computerName="IVAN" duration="00:00:00.0087998" startTime="2026-01-31T13:04:57.4605917+02:00" endTime="2026-01-31T13:04:57.4696200+02:00" testType="13cdc9d9-ddb5-4fa4-a97d-d965ccfc6d4b" outcome="Passed" testListId="8c84fa94-04c1-424b-9868-57a2d4851a1d" relativeResultsDirectory="83c635ea-b1ab-4d5b-bf43-885b19324aae" />
    <UnitTestResult executionId="15628ac9-9c96-4269-b89a-ebcb3e583ade" testId="1990df15-3025-8212-afa5-3b826c02f29f" testName="CreateAsync_InvalidPercentage_ThrowsInvalidPromoCodeConfigurationException" computerName="IVAN" duration="00:00:00.0221788" startTime="2026-01-31T13:04:57.6419308+02:00" endTime="2026-01-31T13:04:57.6642250+02:00" testType="13cdc9d9-ddb5-4fa4-a97d-d965ccfc6d4b" outcome="Passed" testListId="8c84fa94-04c1-424b-9868-57a2d4851a1d" relativeResultsDirectory="15628ac9-9c96-4269-b89a-ebcb3e583ade" />
    <UnitTestResult executionId="40864b12-f1a8-45fc-b5f4-3456a92efb01" testId="188af0b5-0feb-849c-abf1-36e57678b9f1" testName="CreateOrderAsync_InsufficientStock_ThrowsInsufficientStockException" computerName="IVAN" duration="00:00:00.3213164" startTime="2026-01-31T13:04:57.4861364+02:00" endTime="2026-01-31T13:04:57.8076645+02:00" testType="13cdc9d9-ddb5-4fa4-a97d-d965ccfc6d4b" outcome="Passed" testListId="8c84fa94-04c1-424b-9868-57a2d4851a1d" relativeResultsDirectory="40864b12-f1a8-45fc-b5f4-3456a92efb01" />
    <UnitTestResult executionId="a708ec55-11f6-4ed2-b69c-44d609a6186a" testId="1b2d0d1c-0020-8a9c-8aa8-b565c5954425" testName="GetProductReviewsAsync_ExistingProduct_ReturnsReviews" computerName="IVAN" duration="00:00:00.0356389" startTime="2026-01-31T13:04:57.6693601+02:00" endTime="2026-01-31T13:04:57.7051789+02:00" testType="13cdc9d9-ddb5-4fa4-a97d-d965ccfc6d4b" outcome="Passed" testListId="8c84fa94-04c1-424b-9868-57a2d4851a1d" relativeResultsDirectory="a708ec55-11f6-4ed2-b69c-44d609a6186a" />
    <UnitTestResult executionId="91e34f26-d7ea-457e-93cd-013c183da303" testId="12d35a40-e230-8164-bc45-cbf8cf2f84b6" testName="GetProductBySlugAsync_ExistingSlug_ReturnsProduct" computerName="IVAN" duration="00:00:00.0062610" startTime="2026-01-31T13:04:57.5844019+02:00" endTime="2026-01-31T13:04:57.5907695+02:00" testType="13cdc9d9-ddb5-4fa4-a97d-d965ccfc6d4b" outcome="Passed" testListId="8c84fa94-04c1-424b-9868-57a2d4851a1d" relativeResultsDirectory="91e34f26-d7ea-457e-93cd-013c183da303" />
    <UnitTestResult executionId="fcab10ee-c1e7-46f1-a85f-4aa1174759d1" testId="14eb2754-ca91-89de-9265-b223af33fb06" testName="GetProductByIdAsync_ExistingId_ReturnsProduct" computerName="IVAN" duration="00:00:00.0044098" startTime="2026-01-31T13:04:57.6092749+02:00" endTime="2026-01-31T13:04:57.6137617+02:00" testType="13cdc9d9-ddb5-4fa4-a97d-d965ccfc6d4b" outcome="Passed" testListId="8c84fa94-04c1-424b-9868-57a2d4851a1d" relativeResultsDirectory="fcab10ee-c1e7-46f1-a85f-4aa1174759d1" />
    <UnitTestResult executionId="523c5e05-da0b-42b9-93c6-ab49f35909d0" testId="18cb0f66-baa2-8c1f-9aee-0d4ffda07386" testName="GetProductBySlugAsync_NonExistentSlug_ThrowsProductNotFoundException" computerName="IVAN" duration="00:00:00.0057873" startTime="2026-01-31T13:04:57.5845116+02:00" endTime="2026-01-31T13:04:57.5904248+02:00" testType="13cdc9d9-ddb5-4fa4-a97d-d965ccfc6d4b" outcome="Passed" testListId="8c84fa94-04c1-424b-9868-57a2d4851a1d" relativeResultsDirectory="523c5e05-da0b-42b9-93c6-ab49f35909d0" />
    <UnitTestResult executionId="b8f5cae1-d7c4-4e84-9cce-47a78e814810" testId="168af024-c2fe-81ad-bfd6-86d9babeadd6" testName="UpdateReviewAsync_ValidData_UpdatesReview" computerName="IVAN" duration="00:00:00.2607778" startTime="2026-01-31T13:04:57.6897835+02:00" endTime="2026-01-31T13:04:57.9506694+02:00" testType="13cdc9d9-ddb5-4fa4-a97d-d965ccfc6d4b" outcome="Passed" testListId="8c84fa94-04c1-424b-9868-57a2d4851a1d" relativeResultsDirectory="b8f5cae1-d7c4-4e84-9cce-47a78e814810" />
    <UnitTestResult executionId="4f4d11b0-924c-48f4-847e-5c589774bc33" testId="1821da1a-9592-8ae4-8a01-51aebaf5e6ce" testName="ValidatePromoCodeAsync_NonExistentCode_ReturnsInvalid" computerName="IVAN" duration="00:00:00.0222400" startTime="2026-01-31T13:04:57.6447883+02:00" endTime="2026-01-31T13:04:57.6671310+02:00" testType="13cdc9d9-ddb5-4fa4-a97d-d965ccfc6d4b" outcome="Passed" testListId="8c84fa94-04c1-424b-9868-57a2d4851a1d" relativeResultsDirectory="4f4d11b0-924c-48f4-847e-5c589774bc33" />
    <UnitTestResult executionId="c8b1f6cb-1681-4509-92bd-6e03bde734f0" testId="130f9aab-849f-89e1-9b04-707ce6246d74" testName="HashPassword_ValidPassword_ReturnsHashedPassword" computerName="IVAN" duration="00:00:00.5772108" startTime="2026-01-31T13:04:56.7944094+02:00" endTime="2026-01-31T13:04:57.3724017+02:00" testType="13cdc9d9-ddb5-4fa4-a97d-d965ccfc6d4b" outcome="Passed" testListId="8c84fa94-04c1-424b-9868-57a2d4851a1d" relativeResultsDirectory="c8b1f6cb-1681-4509-92bd-6e03bde734f0" />
    <UnitTestResult executionId="80a0b6e3-40d3-4cd1-9e71-ea39fe651d6a" testId="1b10397b-ce28-8c99-967e-837ed1ad4e20" testName="ResetPasswordAsync_ExpiredToken_ThrowsInvalidTokenException" computerName="IVAN" duration="00:00:00.4606995" startTime="2026-01-31T13:04:56.9325879+02:00" endTime="2026-01-31T13:04:57.3933690+02:00" testType="13cdc9d9-ddb5-4fa4-a97d-d965ccfc6d4b" outcome="Passed" testListId="8c84fa94-04c1-424b-9868-57a2d4851a1d" relativeResultsDirectory="80a0b6e3-40d3-4cd1-9e71-ea39fe651d6a" />
    <UnitTestResult executionId="26c32b0e-ab00-4461-bc2f-f91fa49863d6" testId="13dc106b-429e-8455-82ae-b011eb4c6f6d" testName="GetCategoryBySlugAsync_NonExistentSlug_ThrowsCategoryNotFoundException" computerName="IVAN" duration="00:00:00.0104782" startTime="2026-01-31T13:04:57.4570151+02:00" endTime="2026-01-31T13:04:57.4675942+02:00" testType="13cdc9d9-ddb5-4fa4-a97d-d965ccfc6d4b" outcome="Passed" testListId="8c84fa94-04c1-424b-9868-57a2d4851a1d" relativeResultsDirectory="26c32b0e-ab00-4461-bc2f-f91fa49863d6" />
    <UnitTestResult executionId="f372935a-86d0-4323-9bfd-36823ffab06b" testId="1f210725-f288-8533-bf3c-60aacd517579" testName="ClearCartAsync_WithItems_ClearsAllItems" computerName="IVAN" duration="00:00:00.0211621" startTime="2026-01-31T13:04:57.4313478+02:00" endTime="2026-01-31T13:04:57.4525646+02:00" testType="13cdc9d9-ddb5-4fa4-a97d-d965ccfc6d4b" outcome="Passed" testListId="8c84fa94-04c1-424b-9868-57a2d4851a1d" relativeResultsDirectory="f372935a-86d0-4323-9bfd-36823ffab06b" />
    <UnitTestResult executionId="39e581ae-3690-4a6f-aba8-4c22499de230" testId="1e7a5c36-f1af-86e8-a357-d2426657e99a" testName="GetByIdAsync_ExistingId_ReturnsPromoCode" computerName="IVAN" duration="00:00:00.0100009" startTime="2026-01-31T13:04:57.6273806+02:00" endTime="2026-01-31T13:04:57.6375048+02:00" testType="13cdc9d9-ddb5-4fa4-a97d-d965ccfc6d4b" outcome="Passed" testListId="8c84fa94-04c1-424b-9868-57a2d4851a1d" relativeResultsDirectory="39e581ae-3690-4a6f-aba8-4c22499de230" />
    <UnitTestResult executionId="ad12a55e-ba13-4896-8904-8dec805851d3" testId="1caf6e33-5538-884f-994c-86e86cd017d3" testName="DeleteReviewAsync_NotOwner_ThrowsUnauthorizedAccessException" computerName="IVAN" duration="00:00:00.3672601" startTime="2026-01-31T13:04:57.7315149+02:00" endTime="2026-01-31T13:04:58.0989258+02:00" testType="13cdc9d9-ddb5-4fa4-a97d-d965ccfc6d4b" outcome="Passed" testListId="8c84fa94-04c1-424b-9868-57a2d4851a1d" relativeResultsDirectory="ad12a55e-ba13-4896-8904-8dec805851d3" />
    <UnitTestResult executionId="ff400b03-4ba6-4b05-ae95-036c9cc73994" testId="1f228d66-e6cb-80f8-a106-6e46274612ea" testName="GeneratePasswordResetTokenAsync_InvalidEmail_ReturnsDummyToken" computerName="IVAN" duration="00:00:00.0037448" startTime="2026-01-31T13:04:56.9240446+02:00" endTime="2026-01-31T13:04:56.9278962+02:00" testType="13cdc9d9-ddb5-4fa4-a97d-d965ccfc6d4b" outcome="Passed" testListId="8c84fa94-04c1-424b-9868-57a2d4851a1d" relativeResultsDirectory="ff400b03-4ba6-4b05-ae95-036c9cc73994" />
    <UnitTestResult executionId="91144b4d-1832-4faf-9da8-1d4ca9c4d0d6" testId="13decd07-f868-8284-aa4b-9ce0fa680c90" testName="RegisterAsync_ValidData_CreatesUserAndReturnsAuthResponse" computerName="IVAN" duration="00:00:00.6598686" startTime="2026-01-31T13:04:56.7714110+02:00" endTime="2026-01-31T13:04:57.4468155+02:00" testType="13cdc9d9-ddb5-4fa4-a97d-d965ccfc6d4b" outcome="Passed" testListId="8c84fa94-04c1-424b-9868-57a2d4851a1d" relativeResultsDirectory="91144b4d-1832-4faf-9da8-1d4ca9c4d0d6" />
    <UnitTestResult executionId="f9c3b8f6-097f-4e77-893c-63c10ac56484" testId="1f281234-d09b-8feb-8e20-079ae6b6a065" testName="GetAllCategoriesAsync_ReturnsAllCategories" computerName="IVAN" duration="00:00:00.0220551" startTime="2026-01-31T13:04:57.4523132+02:00" endTime="2026-01-31T13:04:57.4745590+02:00" testType="13cdc9d9-ddb5-4fa4-a97d-d965ccfc6d4b" outcome="Passed" testListId="8c84fa94-04c1-424b-9868-57a2d4851a1d" relativeResultsDirectory="f9c3b8f6-097f-4e77-893c-63c10ac56484" />
    <UnitTestResult executionId="0df25cb4-f277-4527-8e7b-d615cf34e724" testId="14bbf482-0273-8d31-80c4-da62270c5e16" testName="UpdateCategoryAsync_NonExistentId_ThrowsCategoryNotFoundException" computerName="IVAN" duration="00:00:00.0073116" startTime="2026-01-31T13:04:57.4696103+02:00" endTime="2026-01-31T13:04:57.4770095+02:00" testType="13cdc9d9-ddb5-4fa4-a97d-d965ccfc6d4b" outcome="Passed" testListId="8c84fa94-04c1-424b-9868-57a2d4851a1d" relativeResultsDirectory="0df25cb4-f277-4527-8e7b-d615cf34e724" />
    <UnitTestResult executionId="6097692e-392b-4c91-b853-d09980da72a0" testId="112bdc94-e64f-82b2-98c4-0bce70910d41" testName="UpdateProductAsync_ValidData_UpdatesProduct" computerName="IVAN" duration="00:00:00.0147376" startTime="2026-01-31T13:04:57.5969025+02:00" endTime="2026-01-31T13:04:57.6117438+02:00" testType="13cdc9d9-ddb5-4fa4-a97d-d965ccfc6d4b" outcome="Passed" testListId="8c84fa94-04c1-424b-9868-57a2d4851a1d" relativeResultsDirectory="6097692e-392b-4c91-b853-d09980da72a0" />
    <UnitTestResult executionId="05d99109-b700-48f3-90cb-97215ff84249" testId="1db0d55f-7ad7-86ba-bdb3-cda10b552c68" testName="ResetPasswordAsync_ValidToken_ResetsPassword" computerName="IVAN" duration="00:00:00.7371649" startTime="2026-01-31T13:04:56.9324635+02:00" endTime="2026-01-31T13:04:57.6697275+02:00" testType="13cdc9d9-ddb5-4fa4-a97d-d965ccfc6d4b" outcome="Passed" testListId="8c84fa94-04c1-424b-9868-57a2d4851a1d" relativeResultsDirectory="05d99109-b700-48f3-90cb-97215ff84249" />
    <UnitTestResult executionId="eb6d65f2-fa8d-417a-b03e-ab1104c9ea42" testId="110de8d6-96b7-852d-abb0-68b870d2e0b0" testName="UpdateProductAsync_DuplicateSlug_ThrowsDuplicateProductSlugException" computerName="IVAN" duration="00:00:00.0045646" startTime="2026-01-31T13:04:57.6194121+02:00" endTime="2026-01-31T13:04:57.6240755+02:00" testType="13cdc9d9-ddb5-4fa4-a97d-d965ccfc6d4b" outcome="Passed" testListId="8c84fa94-04c1-424b-9868-57a2d4851a1d" relativeResultsDirectory="eb6d65f2-fa8d-417a-b03e-ab1104c9ea42" />
    <UnitTestResult executionId="baa580ec-0462-4370-bb06-040f36a99dfd" testId="194dbfe4-6368-8de6-b181-349775d73dae" testName="GetProductReviewsAsync_NonExistentProduct_ThrowsProductNotFoundException" computerName="IVAN" duration="00:00:00.0198472" startTime="2026-01-31T13:04:57.6697616+02:00" endTime="2026-01-31T13:04:57.6896892+02:00" testType="13cdc9d9-ddb5-4fa4-a97d-d965ccfc6d4b" outcome="Passed" testListId="8c84fa94-04c1-424b-9868-57a2d4851a1d" relativeResultsDirectory="baa580ec-0462-4370-bb06-040f36a99dfd" />
    <UnitTestResult executionId="9ed63027-52f3-473e-86c1-b64ac39e5e57" testId="1fccdaf8-e1b6-840f-b08e-03090334cdc3" testName="GetCartByIdAsync_ExistingCart_ReturnsCart" computerName="IVAN" duration="00:00:00.0042067" startTime="2026-01-31T13:04:57.4315574+02:00" endTime="2026-01-31T13:04:57.4358315+02:00" testType="13cdc9d9-ddb5-4fa4-a97d-d965ccfc6d4b" outcome="Passed" testListId="8c84fa94-04c1-424b-9868-57a2d4851a1d" relativeResultsDirectory="9ed63027-52f3-473e-86c1-b64ac39e5e57" />
    <UnitTestResult executionId="55fe4727-5931-4c57-a65d-e70ff2e4872d" testId="1f3fa92f-3d2a-81d7-bcbc-51434a09d5a8" testName="GetOrderByNumberAsync_ExistingOrder_ReturnsOrder" computerName="IVAN" duration="00:00:00.0064138" startTime="2026-01-31T13:04:57.5405535+02:00" endTime="2026-01-31T13:04:57.5470885+02:00" testType="13cdc9d9-ddb5-4fa4-a97d-d965ccfc6d4b" outcome="Passed" testListId="8c84fa94-04c1-424b-9868-57a2d4851a1d" relativeResultsDirectory="55fe4727-5931-4c57-a65d-e70ff2e4872d" />
    <UnitTestResult executionId="e812ee66-e04a-4d82-b516-65ce374419c5" testId="112aad86-a51e-8f59-99cd-27098813f036" testName="GetOrderByIdAsync_OrderNotFound_ReturnsNull" computerName="IVAN" duration="00:00:00.0051537" startTime="2026-01-31T13:04:57.5351684+02:00" endTime="2026-01-31T13:04:57.5404738+02:00" testType="13cdc9d9-ddb5-4fa4-a97d-d965ccfc6d4b" outcome="Passed" testListId="8c84fa94-04c1-424b-9868-57a2d4851a1d" relativeResultsDirectory="e812ee66-e04a-4d82-b516-65ce374419c5" />
    <UnitTestResult executionId="6c079332-b48e-4f8c-9d30-940ace1c767c" testId="1ca2d86c-5f4d-846a-9b05-9e20de66c7d4" testName="LoginAsync_UserNotFound_ThrowsInvalidCredentialsException" computerName="IVAN" duration="00:00:00.1280158" startTime="2026-01-31T13:04:56.7713993+02:00" endTime="2026-01-31T13:04:56.9180274+02:00" testType="13cdc9d9-ddb5-4fa4-a97d-d965ccfc6d4b" outcome="Passed" testListId="8c84fa94-04c1-424b-9868-57a2d4851a1d" relativeResultsDirectory="6c079332-b48e-4f8c-9d30-940ace1c767c" />
    <UnitTestResult executionId="f68abf17-96da-46ee-b00d-23b9b9d7979b" testId="1b7f39b2-dae0-8855-8976-248d520a5510" testName="UpdateCartItemAsync_ItemNotFound_ThrowsCartItemNotFoundException" computerName="IVAN" duration="00:00:00.0045895" startTime="2026-01-31T13:04:57.4295652+02:00" endTime="2026-01-31T13:04:57.4342454+02:00" testType="13cdc9d9-ddb5-4fa4-a97d-d965ccfc6d4b" outcome="Passed" testListId="8c84fa94-04c1-424b-9868-57a2d4851a1d" relativeResultsDirectory="f68abf17-96da-46ee-b00d-23b9b9d7979b" />
    <UnitTestResult executionId="5aaeb765-efa0-4aeb-9609-84b8f94b9435" testId="15dabeb9-0eba-8826-8f66-266944dd6b11" testName="IncrementUsedCountAsync_AtMaxUses_ThrowsException" computerName="IVAN" duration="00:00:00.0145674" startTime="2026-01-31T13:04:57.6689560+02:00" endTime="2026-01-31T13:04:57.6836362+02:00" testType="13cdc9d9-ddb5-4fa4-a97d-d965ccfc6d4b" outcome="Passed" testListId="8c84fa94-04c1-424b-9868-57a2d4851a1d" relativeResultsDirectory="5aaeb765-efa0-4aeb-9609-84b8f94b9435" />
    <UnitTestResult executionId="32e4cae7-bb73-43b0-a285-631ac87319f1" testId="1effc00f-cb29-8f88-8706-f355c30c8038" testName="RemoveFromCartAsync_ItemNotFound_ThrowsCartItemNotFoundException" computerName="IVAN" duration="00:00:00.0151079" startTime="2026-01-31T13:04:57.4300619+02:00" endTime="2026-01-31T13:04:57.4452649+02:00" testType="13cdc9d9-ddb5-4fa4-a97d-d965ccfc6d4b" outcome="Passed" testListId="8c84fa94-04c1-424b-9868-57a2d4851a1d" relativeResultsDirectory="32e4cae7-bb73-43b0-a285-631ac87319f1" />
    <UnitTestResult executionId="c0c236e2-daf2-404f-ad10-6375b5d4b67c" testId="1c5462dd-10fa-826e-a1dd-91ac88cfe913" testName="VerifyEmailAsync_UserNotFound_ThrowsUserNotFoundException" computerName="IVAN" duration="00:00:00.1280034" startTime="2026-01-31T13:04:56.7714600+02:00" endTime="2026-01-31T13:04:56.9180135+02:00" testType="13cdc9d9-ddb5-4fa4-a97d-d965ccfc6d4b" outcome="Passed" testListId="8c84fa94-04c1-424b-9868-57a2d4851a1d" relativeResultsDirectory="c0c236e2-daf2-404f-ad10-6375b5d4b67c" />
    <UnitTestResult executionId="99a860dd-0cba-4436-976f-dfa0dabc8cf9" testId="11eb7de8-15ea-815b-87f3-2d19ee54a017" testName="CreateAsync_ValidData_CreatesPromoCode" computerName="IVAN" duration="00:00:00.0075596" startTime="2026-01-31T13:04:57.6376093+02:00" endTime="2026-01-31T13:04:57.6452594+02:00" testType="13cdc9d9-ddb5-4fa4-a97d-d965ccfc6d4b" outcome="Passed" testListId="8c84fa94-04c1-424b-9868-57a2d4851a1d" relativeResultsDirectory="99a860dd-0cba-4436-976f-dfa0dabc8cf9" />
    <UnitTestResult executionId="5873dae2-9dad-4ffb-b23e-068a7567762a" testId="17fb4c5a-4676-843c-b4cd-25efeb3c38b0" testName="GetCategoryByIdAsync_ExistingId_ReturnsCategory" computerName="IVAN" duration="00:00:00.0175748" startTime="2026-01-31T13:04:57.4526079+02:00" endTime="2026-01-31T13:04:57.4702348+02:00" testType="13cdc9d9-ddb5-4fa4-a97d-d965ccfc6d4b" outcome="Passed" testListId="8c84fa94-04c1-424b-9868-57a2d4851a1d" relativeResultsDirectory="5873dae2-9dad-4ffb-b23e-068a7567762a" />
    <UnitTestResult executionId="91949bcb-7343-4d2c-8b56-7e4c41353808" testId="1571570f-2c3a-8ea3-916d-054b7ac8a9e7" testName="LoginAsync_InvalidPassword_ThrowsInvalidCredentialsException" computerName="IVAN" duration="00:00:01.0504977" startTime="2026-01-31T13:04:56.7715066+02:00" endTime="2026-01-31T13:04:57.8374555+02:00" testType="13cdc9d9-ddb5-4fa4-a97d-d965ccfc6d4b" outcome="Passed" testListId="8c84fa94-04c1-424b-9868-57a2d4851a1d" relativeResultsDirectory="91949bcb-7343-4d2c-8b56-7e4c41353808" />
    <UnitTestResult executionId="d62130fd-dc37-44b3-9496-e27ebc351c08" testId="178068be-d321-86e6-b22d-b2049d490758" testName="RemoveFromCartAsync_ExistingItem_RemovesItem" computerName="IVAN" duration="00:00:00.0224886" startTime="2026-01-31T13:04:57.4296001+02:00" endTime="2026-01-31T13:04:57.4521668+02:00" testType="13cdc9d9-ddb5-4fa4-a97d-d965ccfc6d4b" outcome="Passed" testListId="8c84fa94-04c1-424b-9868-57a2d4851a1d" relativeResultsDirectory="d62130fd-dc37-44b3-9496-e27ebc351c08" />
    <UnitTestResult executionId="220b88b3-aa3a-4a48-81ea-4df0785540f1" testId="1a849b75-8d82-8833-a558-e4a607521c87" testName="GetCartAsync_CartNotFound_ThrowsCartNotFoundException" computerName="IVAN" duration="00:00:00.0201239" startTime="2026-01-31T13:04:57.3949445+02:00" endTime="2026-01-31T13:04:57.4152196+02:00" testType="13cdc9d9-ddb5-4fa4-a97d-d965ccfc6d4b" outcome="Passed" testListId="8c84fa94-04c1-424b-9868-57a2d4851a1d" relativeResultsDirectory="220b88b3-aa3a-4a48-81ea-4df0785540f1" />
    <UnitTestResult executionId="92800e5b-bffa-4766-83fa-72779a82aad9" testId="12c4a96c-b404-8a45-9045-3b429a5109a7" testName="CreateProduct_ReturnsValidProduct" computerName="IVAN" duration="00:00:00.0022591" startTime="2026-01-31T13:04:57.9206917+02:00" endTime="2026-01-31T13:04:57.9230348+02:00" testType="13cdc9d9-ddb5-4fa4-a97d-d965ccfc6d4b" outcome="Passed" testListId="8c84fa94-04c1-424b-9868-57a2d4851a1d" relativeResultsDirectory="92800e5b-bffa-4766-83fa-72779a82aad9" />
    <UnitTestResult executionId="151c764d-8c90-41bf-b4d2-07ef3e0e6aeb" testId="1f4ffefb-79a0-8e72-8eba-126ee5d00bce" testName="ValidateCartAsync_ValidCart_CompletesSuccessfully" computerName="IVAN" duration="00:00:00.0187790" startTime="2026-01-31T13:04:57.4343216+02:00" endTime="2026-01-31T13:04:57.4531700+02:00" testType="13cdc9d9-ddb5-4fa4-a97d-d965ccfc6d4b" outcome="Passed" testListId="8c84fa94-04c1-424b-9868-57a2d4851a1d" relativeResultsDirectory="151c764d-8c90-41bf-b4d2-07ef3e0e6aeb" />
    <UnitTestResult executionId="e091368a-b783-4d08-a5b8-61546618ccdf" testId="13ecf362-e592-8d13-968c-ccf0cc4b4b8a" testName="CancelOrderAsync_AlreadyShipped_ThrowsInvalidOrderStatusException" computerName="IVAN" duration="00:00:00.0040334" startTime="2026-01-31T13:04:57.5663304+02:00" endTime="2026-01-31T13:04:57.5704560+02:00" testType="13cdc9d9-ddb5-4fa4-a97d-d965ccfc6d4b" outcome="Passed" testListId="8c84fa94-04c1-424b-9868-57a2d4851a1d" relativeResultsDirectory="e091368a-b783-4d08-a5b8-61546618ccdf" />
    <UnitTestResult executionId="fac38cf8-4b72-4ea2-8da5-6dca83a9079e" testId="1d4e8fff-502d-8ae3-ab03-9d18cbeed81f" testName="UpdateCartItemAsync_NegativeQuantity_ThrowsInvalidQuantityException" computerName="IVAN" duration="00:00:00.0029424" startTime="2026-01-31T13:04:57.4282598+02:00" endTime="2026-01-31T13:04:57.4312944+02:00" testType="13cdc9d9-ddb5-4fa4-a97d-d965ccfc6d4b" outcome="Passed" testListId="8c84fa94-04c1-424b-9868-57a2d4851a1d" relativeResultsDirectory="fac38cf8-4b72-4ea2-8da5-6dca83a9079e" />
    <UnitTestResult executionId="3077ad2d-8798-4f9c-80f3-1d3c770ff97e" testId="1402d172-c896-868f-bc84-5f42a6766672" testName="GetByIdAsync_NonExistentId_ReturnsNull" computerName="IVAN" duration="00:00:00.0121464" startTime="2026-01-31T13:04:57.6273796+02:00" endTime="2026-01-31T13:04:57.6396423+02:00" testType="13cdc9d9-ddb5-4fa4-a97d-d965ccfc6d4b" outcome="Passed" testListId="8c84fa94-04c1-424b-9868-57a2d4851a1d" relativeResultsDirectory="3077ad2d-8798-4f9c-80f3-1d3c770ff97e" />
    <UnitTestResult executionId="ec679226-7210-4f37-9c56-f4b3ec3962da" testId="10e540a9-b506-8af6-8e61-48d9669f765a" testName="GetCategoryByIdAsync_NonExistentId_ThrowsCategoryNotFoundException" computerName="IVAN" duration="00:00:00.0162219" startTime="2026-01-31T13:04:57.4532117+02:00" endTime="2026-01-31T13:04:57.4695164+02:00" testType="13cdc9d9-ddb5-4fa4-a97d-d965ccfc6d4b" outcome="Passed" testListId="8c84fa94-04c1-424b-9868-57a2d4851a1d" relativeResultsDirectory="ec679226-7210-4f37-9c56-f4b3ec3962da" />
    <UnitTestResult executionId="3d675cd8-e421-41f3-a0b0-754867fa2db3" testId="1baa5d61-7bb3-8751-8c13-2cf589b4126c" testName="GetOrCreateCartAsync_NewUserCart_CreatesCart" computerName="IVAN" duration="00:00:00.0420758" startTime="2026-01-31T13:04:57.3805235+02:00" endTime="2026-01-31T13:04:57.4227836+02:00" testType="13cdc9d9-ddb5-4fa4-a97d-d965ccfc6d4b" outcome="Passed" testListId="8c84fa94-04c1-424b-9868-57a2d4851a1d" relativeResultsDirectory="3d675cd8-e421-41f3-a0b0-754867fa2db3" />
    <UnitTestResult executionId="6261ecb6-913c-452e-87cd-68ccff16a768" testId="12ae1d5e-fcc0-85f0-a305-aab2a589529e" testName="UpdateReviewAsync_ExpiredTime_ThrowsReviewUpdateTimeExpiredException" computerName="IVAN" duration="00:00:00.1926005" startTime="2026-01-31T13:04:57.7053655+02:00" endTime="2026-01-31T13:04:57.8983054+02:00" testType="13cdc9d9-ddb5-4fa4-a97d-d965ccfc6d4b" outcome="Passed" testListId="8c84fa94-04c1-424b-9868-57a2d4851a1d" relativeResultsDirectory="6261ecb6-913c-452e-87cd-68ccff16a768" />
    <UnitTestResult executionId="9c4bf886-8b8e-4b91-a8fd-9bea1cc20c99" testId="10cd1121-c2e7-879e-b289-f7feaa707681" testName="UpdateOrderStatusAsync_ValidStatus_UpdatesOrder" computerName="IVAN" duration="00:00:00.0123626" startTime="2026-01-31T13:04:57.5498214+02:00" endTime="2026-01-31T13:04:57.5622783+02:00" testType="13cdc9d9-ddb5-4fa4-a97d-d965ccfc6d4b" outcome="Passed" testListId="8c84fa94-04c1-424b-9868-57a2d4851a1d" relativeResultsDirectory="9c4bf886-8b8e-4b91-a8fd-9bea1cc20c99" />
    <UnitTestResult executionId="1b14db20-5a48-4e86-8fa3-ebc7b0343f6f" testId="11123a1c-6cde-87f3-ae08-f1daf2cb1edc" testName="DeleteReviewAsync_Existing_RemovesReview" computerName="IVAN" duration="00:00:00.1926543" startTime="2026-01-31T13:04:57.7277449+02:00" endTime="2026-01-31T13:04:57.9206071+02:00" testType="13cdc9d9-ddb5-4fa4-a97d-d965ccfc6d4b" outcome="Passed" testListId="8c84fa94-04c1-424b-9868-57a2d4851a1d" relativeResultsDirectory="1b14db20-5a48-4e86-8fa3-ebc7b0343f6f" />
    <UnitTestResult executionId="e3a956d2-d370-4ed2-b171-5266110c100a" testId="11da9ac3-9117-8f1a-ae36-79b54311e75c" testName="GetUserWishlistAsync_UserNotFound_ThrowsUserNotFoundException" computerName="IVAN" duration="00:00:00.0106139" startTime="2026-01-31T13:04:57.8077753+02:00" endTime="2026-01-31T13:04:57.8185211+02:00" testType="13cdc9d9-ddb5-4fa4-a97d-d965ccfc6d4b" outcome="Passed" testListId="8c84fa94-04c1-424b-9868-57a2d4851a1d" relativeResultsDirectory="e3a956d2-d370-4ed2-b171-5266110c100a" />
    <UnitTestResult executionId="fae361b3-a7b5-4529-9830-08bb4ceb504a" testId="106caa12-a41a-8a0e-801b-236a21b27264" testName="AddToCartAsync_InsufficientStock_ThrowsInsufficientStockException" computerName="IVAN" duration="00:00:00.0067279" startTime="2026-01-31T13:04:57.4194123+02:00" endTime="2026-01-31T13:04:57.4262649+02:00" testType="13cdc9d9-ddb5-4fa4-a97d-d965ccfc6d4b" outcome="Passed" testListId="8c84fa94-04c1-424b-9868-57a2d4851a1d" relativeResultsDirectory="fae361b3-a7b5-4529-9830-08bb4ceb504a" />
    <UnitTestResult executionId="15e24bf5-96d9-481f-9ba6-8dbeb8ee1034" testId="1fa9fde6-1426-8b0c-85b1-cdf2fd83cb4a" testName="UpdateOrderStatusAsync_InvalidStatus_ThrowsInvalidOrderStatusException" computerName="IVAN" duration="00:00:00.0053218" startTime="2026-01-31T13:04:57.5561960+02:00" endTime="2026-01-31T13:04:57.5616346+02:00" testType="13cdc9d9-ddb5-4fa4-a97d-d965ccfc6d4b" outcome="Passed" testListId="8c84fa94-04c1-424b-9868-57a2d4851a1d" relativeResultsDirectory="15e24bf5-96d9-481f-9ba6-8dbeb8ee1034" />
    <UnitTestResult executionId="7c9691cb-9053-4252-a3c2-f60d8690df0d" testId="1e751c67-04cc-8e22-abb0-ae2b80e0003e" testName="GetDashboardStatsAsync_HandlesEmptyTrends" computerName="IVAN" duration="00:00:00.0515129" startTime="2026-01-31T13:04:57.4746011+02:00" endTime="2026-01-31T13:04:57.5262919+02:00" testType="13cdc9d9-ddb5-4fa4-a97d-d965ccfc6d4b" outcome="Passed" testListId="8c84fa94-04c1-424b-9868-57a2d4851a1d" relativeResultsDirectory="7c9691cb-9053-4252-a3c2-f60d8690df0d" />
    <UnitTestResult executionId="51c2e3a2-599b-4751-83bb-a76e3067158b" testId="16b8eb5c-f0fd-84a2-9ace-dfd580b10749" testName="ChangePasswordAsync_InvalidOldPassword_ThrowsInvalidCredentialsException" computerName="IVAN" duration="00:00:00.9094249" startTime="2026-01-31T13:04:56.9714634+02:00" endTime="2026-01-31T13:04:57.8810698+02:00" testType="13cdc9d9-ddb5-4fa4-a97d-d965ccfc6d4b" outcome="Passed" testListId="8c84fa94-04c1-424b-9868-57a2d4851a1d" relativeResultsDirectory="51c2e3a2-599b-4751-83bb-a76e3067158b" />
    <UnitTestResult executionId="82ba9f2d-2709-41a2-9504-b0b103088385" testId="103818f2-eaef-8481-a04e-926a9b7e0199" testName="UpdateCartItemAsync_ValidQuantity_UpdatesItem" computerName="IVAN" duration="00:00:00.0070133" startTime="2026-01-31T13:04:57.4229589+02:00" endTime="2026-01-31T13:04:57.4300275+02:00" testType="13cdc9d9-ddb5-4fa4-a97d-d965ccfc6d4b" outcome="Passed" testListId="8c84fa94-04c1-424b-9868-57a2d4851a1d" relativeResultsDirectory="82ba9f2d-2709-41a2-9504-b0b103088385" />
    <UnitTestResult executionId="4d67401b-779e-40ae-8274-564d7edfd78f" testId="1bdf605c-f3da-8d5b-833c-8d299b39dec9" testName="UpdateOrderStatusAsync_OrderNotFound_ThrowsOrderNotFoundException" computerName="IVAN" duration="00:00:00.0057471" startTime="2026-01-31T13:04:57.5534871+02:00" endTime="2026-01-31T13:04:57.5593839+02:00" testType="13cdc9d9-ddb5-4fa4-a97d-d965ccfc6d4b" outcome="Passed" testListId="8c84fa94-04c1-424b-9868-57a2d4851a1d" relativeResultsDirectory="4d67401b-779e-40ae-8274-564d7edfd78f" />
    <UnitTestResult executionId="4dbca55e-0e3b-4430-8dd0-4c7fb068ae96" testId="131931e3-3abf-84f3-8f86-3cb4fa2786a9" testName="GetFeaturedProductsAsync_ReturnsRequestedCount" computerName="IVAN" duration="00:00:00.0095207" startTime="2026-01-31T13:04:57.6102942+02:00" endTime="2026-01-31T13:04:57.6199559+02:00" testType="13cdc9d9-ddb5-4fa4-a97d-d965ccfc6d4b" outcome="Passed" testListId="8c84fa94-04c1-424b-9868-57a2d4851a1d" relativeResultsDirectory="4dbca55e-0e3b-4430-8dd0-4c7fb068ae96" />
    <UnitTestResult executionId="20f9a23b-6fcf-42aa-911e-a137b76b80fa" testId="1c04249f-d60f-8253-ad3f-22e88750859f" testName="RegisterAsync_DuplicateEmail_ThrowsDuplicateEmailException" computerName="IVAN" duration="00:00:00.1292301" startTime="2026-01-31T13:04:56.7714915+02:00" endTime="2026-01-31T13:04:56.9180136+02:00" testType="13cdc9d9-ddb5-4fa4-a97d-d965ccfc6d4b" outcome="Passed" testListId="8c84fa94-04c1-424b-9868-57a2d4851a1d" relativeResultsDirectory="20f9a23b-6fcf-42aa-911e-a137b76b80fa" />
    <UnitTestResult executionId="d7e62eeb-ffc7-4243-a4ba-b03ecd9e38bd" testId="1cbc2c0e-2426-87e9-b75b-60e483b5530e" testName="CancelOrderAsync_ValidOrder_CancelsOrder" computerName="IVAN" duration="00:00:00.0092243" startTime="2026-01-31T13:04:57.5631029+02:00" endTime="2026-01-31T13:04:57.5724451+02:00" testType="13cdc9d9-ddb5-4fa4-a97d-d965ccfc6d4b" outcome="Passed" testListId="8c84fa94-04c1-424b-9868-57a2d4851a1d" relativeResultsDirectory="d7e62eeb-ffc7-4243-a4ba-b03ecd9e38bd" />
    <UnitTestResult executionId="628c1d5b-5463-40d8-a2bf-f0ef54c78182" testId="1962658d-1e40-87f7-afb1-105196499a6a" testName="GetReviewByIdAsync_NonExistent_ThrowsReviewNotFoundException" computerName="IVAN" duration="00:00:00.0095700" startTime="2026-01-31T13:04:57.6768593+02:00" endTime="2026-01-31T13:04:57.6865465+02:00" testType="13cdc9d9-ddb5-4fa4-a97d-d965ccfc6d4b" outcome="Passed" testListId="8c84fa94-04c1-424b-9868-57a2d4851a1d" relativeResultsDirectory="628c1d5b-5463-40d8-a2bf-f0ef54c78182" />
    <UnitTestResult executionId="ac7ae252-ea1e-43bb-9cdc-d9235f1b7bae" testId="140cf08d-cc78-887b-b0f0-af7fd5fcf023" testName="GetUserWishlistAsync_ReturnsWishlist" computerName="IVAN" duration="00:00:00.2342399" startTime="2026-01-31T13:04:57.7564586+02:00" endTime="2026-01-31T13:04:57.9909939+02:00" testType="13cdc9d9-ddb5-4fa4-a97d-d965ccfc6d4b" outcome="Passed" testListId="8c84fa94-04c1-424b-9868-57a2d4851a1d" relativeResultsDirectory="ac7ae252-ea1e-43bb-9cdc-d9235f1b7bae" />
    <UnitTestResult executionId="e030ac55-4dc3-4b4e-a6ee-9f6c70afd711" testId="120e3139-1426-88bd-b861-3f9afdb52145" testName="CancelOrderAsync_AlreadyDelivered_ThrowsInvalidOrderStatusException" computerName="IVAN" duration="00:00:00.0068244" startTime="2026-01-31T13:04:57.5683762+02:00" endTime="2026-01-31T13:04:57.5753156+02:00" testType="13cdc9d9-ddb5-4fa4-a97d-d965ccfc6d4b" outcome="Passed" testListId="8c84fa94-04c1-424b-9868-57a2d4851a1d" relativeResultsDirectory="e030ac55-4dc3-4b4e-a6ee-9f6c70afd711" />
    <UnitTestResult executionId="70da65be-cfa0-4f0b-adc5-7200fa7a3c32" testId="17f00912-d9bc-8b08-b0b8-d489c1ed7481" testName="ClearWishlistAsync_RemovesAll_ReturnsEmpty" computerName="IVAN" duration="00:00:00.1646284" startTime="2026-01-31T13:04:57.8920168+02:00" endTime="2026-01-31T13:04:58.0567767+02:00" testType="13cdc9d9-ddb5-4fa4-a97d-d965ccfc6d4b" outcome="Passed" testListId="8c84fa94-04c1-424b-9868-57a2d4851a1d" relativeResultsDirectory="70da65be-cfa0-4f0b-adc5-7200fa7a3c32" />
    <UnitTestResult executionId="04959fea-32f7-4f99-9650-687769d895e7" testId="1c5e2d97-982e-8774-8720-52ffeb3d6cfb" testName="VerifyEmailAsync_InvalidToken_ThrowsInvalidTokenException" computerName="IVAN" duration="00:00:00.6026476" startTime="2026-01-31T13:04:56.7714307+02:00" endTime="2026-01-31T13:04:57.3895671+02:00" testType="13cdc9d9-ddb5-4fa4-a97d-d965ccfc6d4b" outcome="Passed" testListId="8c84fa94-04c1-424b-9868-57a2d4851a1d" relativeResultsDirectory="04959fea-32f7-4f99-9650-687769d895e7" />
    <UnitTestResult executionId="57da536e-5c7e-4947-bd31-36bee5708297" testId="14d89a0a-7c8d-88f7-a747-aa058c5a42f6" testName="ValidatePromoCodeAsync_InactiveCode_ReturnsInvalid" computerName="IVAN" duration="00:00:00.0217528" startTime="2026-01-31T13:04:57.6453018+02:00" endTime="2026-01-31T13:04:57.6671310+02:00" testType="13cdc9d9-ddb5-4fa4-a97d-d965ccfc6d4b" outcome="Passed" testListId="8c84fa94-04c1-424b-9868-57a2d4851a1d" relativeResultsDirectory="57da536e-5c7e-4947-bd31-36bee5708297" />
    <UnitTestResult executionId="68f08e2a-5904-41aa-ae7d-6e9ab4e6a8a8" testId="12897d70-6b6f-883a-b8cd-3fb7fc9f70b1" testName="LoginAsync_ValidCredentials_ReturnsAuthResponse" computerName="IVAN" duration="00:00:01.0775097" startTime="2026-01-31T13:04:56.7944839+02:00" endTime="2026-01-31T13:04:57.8727049+02:00" testType="13cdc9d9-ddb5-4fa4-a97d-d965ccfc6d4b" outcome="Passed" testListId="8c84fa94-04c1-424b-9868-57a2d4851a1d" relativeResultsDirectory="68f08e2a-5904-41aa-ae7d-6e9ab4e6a8a8" />
    <UnitTestResult executionId="8f691ed0-8493-4e12-a85c-031f7a302d71" testId="10f928af-aa2c-849f-9218-ae1be1af1c06" testName="GetProductAverageRatingAsync_ReturnsAverage" computerName="IVAN" duration="00:00:00.0056141" startTime="2026-01-31T13:04:57.7483305+02:00" endTime="2026-01-31T13:04:57.7540551+02:00" testType="13cdc9d9-ddb5-4fa4-a97d-d965ccfc6d4b" outcome="Passed" testListId="8c84fa94-04c1-424b-9868-57a2d4851a1d" relativeResultsDirectory="8f691ed0-8493-4e12-a85c-031f7a302d71" />
    <UnitTestResult executionId="40308fe9-6b72-470b-ac49-9d0eb1afeedc" testId="14968dd5-a7bf-8ae8-a271-4fef7ef760c7" testName="UpdateProductAsync_NonExistentId_ThrowsProductNotFoundException" computerName="IVAN" duration="00:00:00.0105379" startTime="2026-01-31T13:04:57.5996973+02:00" endTime="2026-01-31T13:04:57.6103149+02:00" testType="13cdc9d9-ddb5-4fa4-a97d-d965ccfc6d4b" outcome="Passed" testListId="8c84fa94-04c1-424b-9868-57a2d4851a1d" relativeResultsDirectory="40308fe9-6b72-470b-ac49-9d0eb1afeedc" />
    <UnitTestResult executionId="5a005de0-b347-4c77-97a0-894d324bb9de" testId="1f5506f6-f175-80dd-9e79-dba07e5c785b" testName="DeleteProductAsync_ExistingId_DeletesProduct" computerName="IVAN" duration="00:00:00.0048103" startTime="2026-01-31T13:04:57.6046251+02:00" endTime="2026-01-31T13:04:57.6095343+02:00" testType="13cdc9d9-ddb5-4fa4-a97d-d965ccfc6d4b" outcome="Passed" testListId="8c84fa94-04c1-424b-9868-57a2d4851a1d" relativeResultsDirectory="5a005de0-b347-4c77-97a0-894d324bb9de" />
    <UnitTestResult executionId="1c23ce8b-298b-4dd2-af4a-90b35d47a59d" testId="1e25d6ad-849f-84a2-a413-50d5f4d74166" testName="CreateUser_ReturnsValidUser" computerName="IVAN" duration="00:00:00.1804019" startTime="2026-01-31T13:04:57.8984105+02:00" endTime="2026-01-31T13:04:58.0790283+02:00" testType="13cdc9d9-ddb5-4fa4-a97d-d965ccfc6d4b" outcome="Passed" testListId="8c84fa94-04c1-424b-9868-57a2d4851a1d" relativeResultsDirectory="1c23ce8b-298b-4dd2-af4a-90b35d47a59d" />
    <UnitTestResult executionId="ed19b5c3-1123-4a89-82ed-6fa746265dd3" testId="11067293-26c2-87cd-8ffd-e83630e481dd" testName="CreateOrderAsync_WithPromoCode_AppliesDiscount" computerName="IVAN" duration="00:00:00.2529473" startTime="2026-01-31T13:04:57.4783905+02:00" endTime="2026-01-31T13:04:57.7314238+02:00" testType="13cdc9d9-ddb5-4fa4-a97d-d965ccfc6d4b" outcome="Passed" testListId="8c84fa94-04c1-424b-9868-57a2d4851a1d" relativeResultsDirectory="ed19b5c3-1123-4a89-82ed-6fa746265dd3" />
    <UnitTestResult executionId="88fe55dc-7bc0-4207-af20-8dce8f6eb713" testId="17ea1d85-d7a0-8f5e-a0ad-a0e27b97fb16" testName="GetOrderByNumberAsync_OrderNotFound_ReturnsNull" computerName="IVAN" duration="00:00:00.0024326" startTime="2026-01-31T13:04:57.5471846+02:00" endTime="2026-01-31T13:04:57.5497345+02:00" testType="13cdc9d9-ddb5-4fa4-a97d-d965ccfc6d4b" outcome="Passed" testListId="8c84fa94-04c1-424b-9868-57a2d4851a1d" relativeResultsDirectory="88fe55dc-7bc0-4207-af20-8dce8f6eb713" />
    <UnitTestResult executionId="478a3040-ca73-4ebf-ab14-71bfa260c59a" testId="12eec827-5d36-802a-a4b4-5602d172134f" testName="ValidatePromoCodeAsync_PercentageDiscount_CalculatesCorrectly" computerName="IVAN" duration="00:00:00.0039047" startTime="2026-01-31T13:04:57.6672099+02:00" endTime="2026-01-31T13:04:57.6712214+02:00" testType="13cdc9d9-ddb5-4fa4-a97d-d965ccfc6d4b" outcome="Passed" testListId="8c84fa94-04c1-424b-9868-57a2d4851a1d" relativeResultsDirectory="478a3040-ca73-4ebf-ab14-71bfa260c59a" />
    <UnitTestResult executionId="d9d1f75c-0a2b-4903-890c-852320049c4a" testId="1b39b368-d7f8-85c8-b8ce-9fb88366682d" testName="VerifyEmailAsync_ValidToken_VerifiesEmail" computerName="IVAN" duration="00:00:00.5999617" startTime="2026-01-31T13:04:56.7714841+02:00" endTime="2026-01-31T13:04:57.3868950+02:00" testType="13cdc9d9-ddb5-4fa4-a97d-d965ccfc6d4b" outcome="Passed" testListId="8c84fa94-04c1-424b-9868-57a2d4851a1d" relativeResultsDirectory="d9d1f75c-0a2b-4903-890c-852320049c4a" />
    <UnitTestResult executionId="bc0ce40a-c0a6-4b58-8856-3e9ca9a4a4e6" testId="12ff928a-8c81-8a38-9862-57f26089429b" testName="ValidateTokenAsync_ValidToken_ReturnsTrue" computerName="IVAN" duration="00:00:00.1762262" startTime="2026-01-31T13:04:56.7943922+02:00" endTime="2026-01-31T13:04:56.9713977+02:00" testType="13cdc9d9-ddb5-4fa4-a97d-d965ccfc6d4b" outcome="Passed" testListId="8c84fa94-04c1-424b-9868-57a2d4851a1d" relativeResultsDirectory="bc0ce40a-c0a6-4b58-8856-3e9ca9a4a4e6" />
    <UnitTestResult executionId="367d4492-07b1-437e-89e7-c4ecbe564ba5" testId="1991cba7-18db-8ede-8cff-edc5fcf15dac" testName="GetOrCreateCartAsync_ExistingCart_ReturnsCart" computerName="IVAN" duration="00:00:00.0295454" startTime="2026-01-31T13:04:57.3896525+02:00" endTime="2026-01-31T13:04:57.4193068+02:00" testType="13cdc9d9-ddb5-4fa4-a97d-d965ccfc6d4b" outcome="Passed" testListId="8c84fa94-04c1-424b-9868-57a2d4851a1d" relativeResultsDirectory="367d4492-07b1-437e-89e7-c4ecbe564ba5" />
    <UnitTestResult executionId="ef0b15db-a3a6-4204-9d50-de0747469e0b" testId="1f26a837-f7d9-814c-a7b4-4b55091b819b" testName="CreateOrderAsync_ValidOrder_CreatesOrder" computerName="IVAN" duration="00:00:00.2618713" startTime="2026-01-31T13:04:57.4783467+02:00" endTime="2026-01-31T13:04:57.7403270+02:00" testType="13cdc9d9-ddb5-4fa4-a97d-d965ccfc6d4b" outcome="Passed" testListId="8c84fa94-04c1-424b-9868-57a2d4851a1d" relativeResultsDirectory="ef0b15db-a3a6-4204-9d50-de0747469e0b" />
    <UnitTestResult executionId="b798b943-cb1b-4962-ac79-968b217dbeaf" testId="13fd866a-c485-892c-b4e8-4fa6508a6ab9" testName="VerifyPassword_CorrectPassword_ReturnsTrue" computerName="IVAN" duration="00:00:00.8926278" startTime="2026-01-31T13:04:56.7944274+02:00" endTime="2026-01-31T13:04:57.6877931+02:00" testType="13cdc9d9-ddb5-4fa4-a97d-d965ccfc6d4b" outcome="Passed" testListId="8c84fa94-04c1-424b-9868-57a2d4851a1d" relativeResultsDirectory="b798b943-cb1b-4962-ac79-968b217dbeaf" />
    <UnitTestResult executionId="91bea822-6593-4c0f-b49b-91eeacf7a390" testId="1b8e6f8a-a240-8f1e-862a-c466006bb2f1" testName="ValidatePromoCodeAsync_ExpiredCode_ReturnsInvalid" computerName="IVAN" duration="00:00:00.0047023" startTime="2026-01-31T13:04:57.6644791+02:00" endTime="2026-01-31T13:04:57.6693053+02:00" testType="13cdc9d9-ddb5-4fa4-a97d-d965ccfc6d4b" outcome="Passed" testListId="8c84fa94-04c1-424b-9868-57a2d4851a1d" relativeResultsDirectory="91bea822-6593-4c0f-b49b-91eeacf7a390" />
    <UnitTestResult executionId="a864fde7-6018-42fc-b1b0-f317a18af90a" testId="170de74f-9f1b-8237-9857-45687f9aeab0" testName="GeneratePasswordResetTokenAsync_ValidEmail_ReturnsToken" computerName="IVAN" duration="00:00:00.4701136" startTime="2026-01-31T13:04:56.9324836+02:00" endTime="2026-01-31T13:04:57.4027029+02:00" testType="13cdc9d9-ddb5-4fa4-a97d-d965ccfc6d4b" outcome="Passed" testListId="8c84fa94-04c1-424b-9868-57a2d4851a1d" relativeResultsDirectory="a864fde7-6018-42fc-b1b0-f317a18af90a" />
    <UnitTestResult executionId="ee309128-af60-443e-8a75-afbb0bca151a" testId="13be2cf4-effd-8be3-a6f9-24ff7d1e55b4" testName="DeleteCategoryAsync_CategoryWithProducts_ThrowsCategoryHasProductsException" computerName="IVAN" duration="00:00:00.0054160" startTime="2026-01-31T13:04:57.4717599+02:00" endTime="2026-01-31T13:04:57.4772332+02:00" testType="13cdc9d9-ddb5-4fa4-a97d-d965ccfc6d4b" outcome="Passed" testListId="8c84fa94-04c1-424b-9868-57a2d4851a1d" relativeResultsDirectory="ee309128-af60-443e-8a75-afbb0bca151a" />
    <UnitTestResult executionId="504bc93e-b88a-4718-98fc-975d14ab4614" testId="1fd54f48-e509-81d0-98bf-ad03bc5e8afe" testName="ChangePasswordAsync_ValidOldPassword_ChangesPassword" computerName="IVAN" duration="00:00:01.1810634" startTime="2026-01-31T13:04:56.9478080+02:00" endTime="2026-01-31T13:04:58.1297597+02:00" testType="13cdc9d9-ddb5-4fa4-a97d-d965ccfc6d4b" outcome="Passed" testListId="8c84fa94-04c1-424b-9868-57a2d4851a1d" relativeResultsDirectory="504bc93e-b88a-4718-98fc-975d14ab4614" />
    <UnitTestResult executionId="bfb7eddc-467a-4834-bf8a-5fa91a6eed6a" testId="151325c6-6376-87a7-9516-4756cb82e334" testName="CreateReviewAsync_ValidData_CreatesReview" computerName="IVAN" duration="00:00:00.2071500" startTime="2026-01-31T13:04:57.6836848+02:00" endTime="2026-01-31T13:04:57.8909190+02:00" testType="13cdc9d9-ddb5-4fa4-a97d-d965ccfc6d4b" outcome="Passed" testListId="8c84fa94-04c1-424b-9868-57a2d4851a1d" relativeResultsDirectory="bfb7eddc-467a-4834-bf8a-5fa91a6eed6a" />
    <UnitTestResult executionId="05826046-48d5-4448-8a97-0fd661e1755f" testId="14a54f0b-c92e-8fff-86dd-d62bef25d8f1" testName="ValidatePromoCodeAsync_ValidCode_ReturnsSuccess" computerName="IVAN" duration="00:00:00.0251656" startTime="2026-01-31T13:04:57.6419150+02:00" endTime="2026-01-31T13:04:57.6671758+02:00" testType="13cdc9d9-ddb5-4fa4-a97d-d965ccfc6d4b" outcome="Passed" testListId="8c84fa94-04c1-424b-9868-57a2d4851a1d" relativeResultsDirectory="05826046-48d5-4448-8a97-0fd661e1755f" />
    <UnitTestResult executionId="2c0b7338-a908-428f-a233-7ca54f87a3c3" testId="1c4f2ad2-af96-8bd3-ad58-49083bc79744" testName="GetCartAsync_ExistingCart_ReturnsCart" computerName="IVAN" duration="00:00:00.0308886" startTime="2026-01-31T13:04:57.3896588+02:00" endTime="2026-01-31T13:04:57.4207043+02:00" testType="13cdc9d9-ddb5-4fa4-a97d-d965ccfc6d4b" outcome="Passed" testListId="8c84fa94-04c1-424b-9868-57a2d4851a1d" relativeResultsDirectory="2c0b7338-a908-428f-a233-7ca54f87a3c3" />
    <UnitTestResult executionId="fce44727-0596-40b7-93e7-86208a4bb91a" testId="16bdc655-08a0-8d2e-9fa6-9be00b4922db" testName="GetUserOrdersAsync_WithOrders_ReturnsPaginatedResult" computerName="IVAN" duration="00:00:00.0113018" startTime="2026-01-31T13:04:57.5705439+02:00" endTime="2026-01-31T13:04:57.5819594+02:00" testType="13cdc9d9-ddb5-4fa4-a97d-d965ccfc6d4b" outcome="Passed" testListId="8c84fa94-04c1-424b-9868-57a2d4851a1d" relativeResultsDirectory="fce44727-0596-40b7-93e7-86208a4bb91a" />
    <UnitTestResult executionId="d0741fa2-7520-4ec0-ad6a-ef904c6cca9d" testId="19869e73-9135-8e0d-a64b-583cb37ff646" testName="DeleteCategoryAsync_NonExistentId_ThrowsCategoryNotFoundException" computerName="IVAN" duration="00:00:00.0050315" startTime="2026-01-31T13:04:57.4717071+02:00" endTime="2026-01-31T13:04:57.4768944+02:00" testType="13cdc9d9-ddb5-4fa4-a97d-d965ccfc6d4b" outcome="Passed" testListId="8c84fa94-04c1-424b-9868-57a2d4851a1d" relativeResultsDirectory="d0741fa2-7520-4ec0-ad6a-ef904c6cca9d" />
    <UnitTestResult executionId="1fb46f57-27cb-4720-b9dc-dabdcf237633" testId="1595e320-1e02-8e45-8147-0f717105d5da" testName="GetAllAsync_ReturnsAllPromoCodes" computerName="IVAN" duration="00:00:00.0199757" startTime="2026-01-31T13:04:57.6198737+02:00" endTime="2026-01-31T13:04:57.6400489+02:00" testType="13cdc9d9-ddb5-4fa4-a97d-d965ccfc6d4b" outcome="Passed" testListId="8c84fa94-04c1-424b-9868-57a2d4851a1d" relativeResultsDirectory="1fb46f57-27cb-4720-b9dc-dabdcf237633" />
    <UnitTestResult executionId="88ad26d6-bbfb-4f9a-9472-afdaaae02700" testId="1156e44e-ca4d-898e-be4e-2e124683f357" testName="GetProductByIdAsync_NonExistent_ThrowsProductNotFoundException" computerName="IVAN" duration="00:00:00.0040346" startTime="2026-01-31T13:04:57.6095698+02:00" endTime="2026-01-31T13:04:57.6136876+02:00" testType="13cdc9d9-ddb5-4fa4-a97d-d965ccfc6d4b" outcome="Passed" testListId="8c84fa94-04c1-424b-9868-57a2d4851a1d" relativeResultsDirectory="88ad26d6-bbfb-4f9a-9472-afdaaae02700" />
  </Results>
  <TestDefinitions>
    <UnitTest name="CreateOrderAsync_InsufficientStock_ThrowsInsufficientStockException" storage="c:\users\ivans\desktop\dev\e-commerce\src\backend\ecommerce.tests\bin\debug\net10.0\ecommerce.tests.dll" id="188af0b5-0feb-849c-abf1-36e57678b9f1">
      <Execution id="40864b12-f1a8-45fc-b5f4-3456a92efb01" />
      <TestMethod codeBase="c:\Users\ivans\Desktop\Dev\E-commerce\src\backend\ECommerce.Tests\bin\Debug\net10.0\ECommerce.Tests.dll" adapterTypeName="executor://mstestadapter/v4" className="ECommerce.Tests.Unit.Services.OrderServiceTests" name="CreateOrderAsync_InsufficientStock_ThrowsInsufficientStockException" />
    </UnitTest>
    <UnitTest name="GetOrderByIdAsync_ExistingOrder_ReturnsOrder" storage="c:\users\ivans\desktop\dev\e-commerce\src\backend\ecommerce.tests\bin\debug\net10.0\ecommerce.tests.dll" id="1bfffd90-43cc-8497-a09d-3af4fe423c5e">
      <Execution id="8e638deb-6375-416d-a2ff-4539ee19a129" />
      <TestMethod codeBase="c:\Users\ivans\Desktop\Dev\E-commerce\src\backend\ECommerce.Tests\bin\Debug\net10.0\ECommerce.Tests.dll" adapterTypeName="executor://mstestadapter/v4" className="ECommerce.Tests.Unit.Services.OrderServiceTests" name="GetOrderByIdAsync_ExistingOrder_ReturnsOrder" />
    </UnitTest>
    <UnitTest name="VerifyPassword_CorrectPassword_ReturnsTrue" storage="c:\users\ivans\desktop\dev\e-commerce\src\backend\ecommerce.tests\bin\debug\net10.0\ecommerce.tests.dll" id="13fd866a-c485-892c-b4e8-4fa6508a6ab9">
      <Execution id="b798b943-cb1b-4962-ac79-968b217dbeaf" />
      <TestMethod codeBase="c:\Users\ivans\Desktop\Dev\E-commerce\src\backend\ECommerce.Tests\bin\Debug\net10.0\ECommerce.Tests.dll" adapterTypeName="executor://mstestadapter/v4" className="ECommerce.Tests.Unit.Services.AuthServiceTests" name="VerifyPassword_CorrectPassword_ReturnsTrue" />
    </UnitTest>
    <UnitTest name="ValidatePromoCodeAsync_ExpiredCode_ReturnsInvalid" storage="c:\users\ivans\desktop\dev\e-commerce\src\backend\ecommerce.tests\bin\debug\net10.0\ecommerce.tests.dll" id="1b8e6f8a-a240-8f1e-862a-c466006bb2f1">
      <Execution id="91bea822-6593-4c0f-b49b-91eeacf7a390" />
      <TestMethod codeBase="c:\Users\ivans\Desktop\Dev\E-commerce\src\backend\ECommerce.Tests\bin\Debug\net10.0\ECommerce.Tests.dll" adapterTypeName="executor://mstestadapter/v4" className="ECommerce.Tests.Unit.Services.PromoCodeServiceTests" name="ValidatePromoCodeAsync_ExpiredCode_ReturnsInvalid" />
    </UnitTest>
    <UnitTest name="UpdateProductAsync_DuplicateSlug_ThrowsDuplicateProductSlugException" storage="c:\users\ivans\desktop\dev\e-commerce\src\backend\ecommerce.tests\bin\debug\net10.0\ecommerce.tests.dll" id="110de8d6-96b7-852d-abb0-68b870d2e0b0">
      <Execution id="eb6d65f2-fa8d-417a-b03e-ab1104c9ea42" />
      <TestMethod codeBase="c:\Users\ivans\Desktop\Dev\E-commerce\src\backend\ECommerce.Tests\bin\Debug\net10.0\ECommerce.Tests.dll" adapterTypeName="executor://mstestadapter/v4" className="ECommerce.Tests.Unit.Services.ProductServiceTests" name="UpdateProductAsync_DuplicateSlug_ThrowsDuplicateProductSlugException" />
    </UnitTest>
    <UnitTest name="CreateOrderAsync_ValidOrder_CreatesOrder" storage="c:\users\ivans\desktop\dev\e-commerce\src\backend\ecommerce.tests\bin\debug\net10.0\ecommerce.tests.dll" id="1f26a837-f7d9-814c-a7b4-4b55091b819b">
      <Execution id="ef0b15db-a3a6-4204-9d50-de0747469e0b" />
      <TestMethod codeBase="c:\Users\ivans\Desktop\Dev\E-commerce\src\backend\ECommerce.Tests\bin\Debug\net10.0\ECommerce.Tests.dll" adapterTypeName="executor://mstestadapter/v4" className="ECommerce.Tests.Unit.Services.OrderServiceTests" name="CreateOrderAsync_ValidOrder_CreatesOrder" />
    </UnitTest>
    <UnitTest name="ValidatePromoCodeAsync_ValidCode_ReturnsSuccess" storage="c:\users\ivans\desktop\dev\e-commerce\src\backend\ecommerce.tests\bin\debug\net10.0\ecommerce.tests.dll" id="14a54f0b-c92e-8fff-86dd-d62bef25d8f1">
      <Execution id="05826046-48d5-4448-8a97-0fd661e1755f" />
      <TestMethod codeBase="c:\Users\ivans\Desktop\Dev\E-commerce\src\backend\ECommerce.Tests\bin\Debug\net10.0\ECommerce.Tests.dll" adapterTypeName="executor://mstestadapter/v4" className="ECommerce.Tests.Unit.Services.PromoCodeServiceTests" name="ValidatePromoCodeAsync_ValidCode_ReturnsSuccess" />
    </UnitTest>
    <UnitTest name="UpdateOrderStatusAsync_ValidStatus_UpdatesOrder" storage="c:\users\ivans\desktop\dev\e-commerce\src\backend\ecommerce.tests\bin\debug\net10.0\ecommerce.tests.dll" id="10cd1121-c2e7-879e-b289-f7feaa707681">
      <Execution id="9c4bf886-8b8e-4b91-a8fd-9bea1cc20c99" />
      <TestMethod codeBase="c:\Users\ivans\Desktop\Dev\E-commerce\src\backend\ECommerce.Tests\bin\Debug\net10.0\ECommerce.Tests.dll" adapterTypeName="executor://mstestadapter/v4" className="ECommerce.Tests.Unit.Services.OrderServiceTests" name="UpdateOrderStatusAsync_ValidStatus_UpdatesOrder" />
    </UnitTest>
    <UnitTest name="CreateCategoryAsync_ValidData_ReturnsCreatedCategory" storage="c:\users\ivans\desktop\dev\e-commerce\src\backend\ecommerce.tests\bin\debug\net10.0\ecommerce.tests.dll" id="1e73354c-958f-8e47-9932-4e2a80e32126">
      <Execution id="f78a5f04-cc6d-45a8-9e8d-a391720cd6b0" />
      <TestMethod codeBase="c:\Users\ivans\Desktop\Dev\E-commerce\src\backend\ECommerce.Tests\bin\Debug\net10.0\ECommerce.Tests.dll" adapterTypeName="executor://mstestadapter/v4" className="ECommerce.Tests.Unit.Services.CategoryServiceTests" name="CreateCategoryAsync_ValidData_ReturnsCreatedCategory" />
    </UnitTest>
    <UnitTest name="GetAllAsync_WithSearchFilter_ReturnsMatching" storage="c:\users\ivans\desktop\dev\e-commerce\src\backend\ecommerce.tests\bin\debug\net10.0\ecommerce.tests.dll" id="11caa347-17ae-8967-8f5d-3135bb136f60">
      <Execution id="41983e8f-fdcc-4f8f-bdeb-27f4e1fdf472" />
      <TestMethod codeBase="c:\Users\ivans\Desktop\Dev\E-commerce\src\backend\ECommerce.Tests\bin\Debug\net10.0\ECommerce.Tests.dll" adapterTypeName="executor://mstestadapter/v4" className="ECommerce.Tests.Unit.Services.PromoCodeServiceTests" name="GetAllAsync_WithSearchFilter_ReturnsMatching" />
    </UnitTest>
    <UnitTest name="UpdateCartItemAsync_NegativeQuantity_ThrowsInvalidQuantityException" storage="c:\users\ivans\desktop\dev\e-commerce\src\backend\ecommerce.tests\bin\debug\net10.0\ecommerce.tests.dll" id="1d4e8fff-502d-8ae3-ab03-9d18cbeed81f">
      <Execution id="fac38cf8-4b72-4ea2-8da5-6dca83a9079e" />
      <TestMethod codeBase="c:\Users\ivans\Desktop\Dev\E-commerce\src\backend\ECommerce.Tests\bin\Debug\net10.0\ECommerce.Tests.dll" adapterTypeName="executor://mstestadapter/v4" className="ECommerce.Tests.Unit.Services.CartServiceTests" name="UpdateCartItemAsync_NegativeQuantity_ThrowsInvalidQuantityException" />
    </UnitTest>
    <UnitTest name="MappingProfile_CanInstantiate" storage="c:\users\ivans\desktop\dev\e-commerce\src\backend\ecommerce.tests\bin\debug\net10.0\ecommerce.tests.dll" id="1972dddd-00bf-8e5c-882b-16d145f87d70">
      <Execution id="8b3055c6-8209-4855-8e3a-d74684cbfa13" />
      <TestMethod codeBase="c:\Users\ivans\Desktop\Dev\E-commerce\src\backend\ECommerce.Tests\bin\Debug\net10.0\ECommerce.Tests.dll" adapterTypeName="executor://mstestadapter/v4" className="ECommerce.Tests.Unit.Mappings.AutoMapperConfigurationTests" name="MappingProfile_CanInstantiate" />
    </UnitTest>
    <UnitTest name="CreateReviewAsync_InvalidRating_ThrowsInvalidRatingException" storage="c:\users\ivans\desktop\dev\e-commerce\src\backend\ecommerce.tests\bin\debug\net10.0\ecommerce.tests.dll" id="17ed8a70-0fac-8e8e-9ab8-38a81dcbb07d">
      <Execution id="aa7fa845-076e-40a4-af26-48fa165dac55" />
[...]
    <TestEntry testId="14d88910-e78f-827f-88b4-ec461f527d67" executionId="4b9467b1-43f7-480a-8673-8ef1879b6d42" testListId="8c84fa94-04c1-424b-9868-57a2d4851a1d" />
    <TestEntry testId="1800ea40-4d9b-8c82-a61a-7b380433cdde" executionId="97241033-38d6-40e6-84f0-52b6a3597b6d" testListId="8c84fa94-04c1-424b-9868-57a2d4851a1d" />
    <TestEntry testId="17cd880b-ac0f-8b77-89c8-9794709c6500" executionId="bbd23149-84c8-48d9-91a3-106ee3fb0357" testListId="8c84fa94-04c1-424b-9868-57a2d4851a1d" />
    <TestEntry testId="1f6f0a83-1d2a-8782-b43f-13ff2d28e1a4" executionId="79211ace-f32c-406c-9743-949efdaae91a" testListId="8c84fa94-04c1-424b-9868-57a2d4851a1d" />
    <TestEntry testId="1b6f1db7-f184-8707-92aa-8ca8009534a1" executionId="ae604b9f-0ab9-4a2a-9818-a32ab6fdc151" testListId="8c84fa94-04c1-424b-9868-57a2d4851a1d" />
    <TestEntry testId="1a5a0750-1716-868d-9412-9c47fae3323c" executionId="671feb7d-b34c-45d7-881b-2688ed82e8ba" testListId="8c84fa94-04c1-424b-9868-57a2d4851a1d" />
    <TestEntry testId="1052470e-7bac-8f34-81fc-9f2ea63679ea" executionId="1ed5cd9c-f554-4f1f-8c40-b188a985416c" testListId="8c84fa94-04c1-424b-9868-57a2d4851a1d" />
    <TestEntry testId="14c3ab6a-8015-8789-ab5b-ad68a8996acb" executionId="9c5cb2f1-e02d-47da-aa4f-4a9a26539891" testListId="8c84fa94-04c1-424b-9868-57a2d4851a1d" />
    <TestEntry testId="1669049b-ab8c-8311-aed4-5e2500b95593" executionId="88438e50-8c32-48d9-826e-87bbcb612f99" testListId="8c84fa94-04c1-424b-9868-57a2d4851a1d" />
    <TestEntry testId="1fb042cc-d2d1-8155-a80f-efaf0410a9e1" executionId="4b4b5ad5-ead8-4955-897f-6ead567367da" testListId="8c84fa94-04c1-424b-9868-57a2d4851a1d" />
    <TestEntry testId="1825e357-5417-8bed-b2a5-b189cdd2c462" executionId="1452b232-9839-4729-90d5-fffae846485f" testListId="8c84fa94-04c1-424b-9868-57a2d4851a1d" />
    <TestEntry testId="1e6ea0ad-c442-8a45-a947-d5c340789e08" executionId="3125c546-db07-49fb-88af-4a9fb462ba91" testListId="8c84fa94-04c1-424b-9868-57a2d4851a1d" />
    <TestEntry testId="1972dddd-00bf-8e5c-882b-16d145f87d70" executionId="8b3055c6-8209-4855-8e3a-d74684cbfa13" testListId="8c84fa94-04c1-424b-9868-57a2d4851a1d" />
    <TestEntry testId="16c21dd5-0e8c-8463-8ecc-374c99059380" executionId="8d0269e1-4b23-4eca-b729-5de172b6e1f0" testListId="8c84fa94-04c1-424b-9868-57a2d4851a1d" />
    <TestEntry testId="15d9a171-09cc-80db-88ff-b4ca08e0e989" executionId="cd5adf5b-a13d-4eaa-8176-0a45f1efb701" testListId="8c84fa94-04c1-424b-9868-57a2d4851a1d" />
    <TestEntry testId="180591c3-e40a-844a-8e08-ca660de480a7" executionId="1b024dd5-1e5f-4b1d-8311-ecf037ba2126" testListId="8c84fa94-04c1-424b-9868-57a2d4851a1d" />
    <TestEntry testId="17723e76-494f-8240-87d1-f41892ee12ba" executionId="39818906-0544-45a4-86c4-0c79b3d99b63" testListId="8c84fa94-04c1-424b-9868-57a2d4851a1d" />
    <TestEntry testId="157de262-81ab-8fc6-a72b-29aa36251b67" executionId="86735ab5-baab-4dba-a74e-26e3f43f7e72" testListId="8c84fa94-04c1-424b-9868-57a2d4851a1d" />
    <TestEntry testId="1b4bb5c1-40e4-8173-b3fb-c6046cc0ceb4" executionId="54134ea5-374d-4746-b275-36ae8cf54f8c" testListId="8c84fa94-04c1-424b-9868-57a2d4851a1d" />
    <TestEntry testId="1e73354c-958f-8e47-9932-4e2a80e32126" executionId="f78a5f04-cc6d-45a8-9e8d-a391720cd6b0" testListId="8c84fa94-04c1-424b-9868-57a2d4851a1d" />
    <TestEntry testId="10c16c71-2304-8c52-9012-111476c8a352" executionId="302cb288-6b27-42a5-9e81-0b2fb8154611" testListId="8c84fa94-04c1-424b-9868-57a2d4851a1d" />
    <TestEntry testId="188d1b4e-60e8-8743-80fb-efdd473519c6" executionId="f0e49c39-994c-44fd-94a9-9514ab4ce253" testListId="8c84fa94-04c1-424b-9868-57a2d4851a1d" />
    <TestEntry testId="18a61589-c5a6-809d-a9af-d59e266d818d" executionId="628b81d0-bfe1-4d45-92d9-1a919ac7e39e" testListId="8c84fa94-04c1-424b-9868-57a2d4851a1d" />
    <TestEntry testId="17ed8a70-0fac-8e8e-9ab8-38a81dcbb07d" executionId="aa7fa845-076e-40a4-af26-48fa165dac55" testListId="8c84fa94-04c1-424b-9868-57a2d4851a1d" />
    <TestEntry testId="129f5510-651e-8597-af80-98bc5ef3f3e0" executionId="7393b6e2-cd88-46fb-8f63-1f162c3735ee" testListId="8c84fa94-04c1-424b-9868-57a2d4851a1d" />
    <TestEntry testId="1dc80c9c-cc08-81ab-961c-a88f778b86fb" executionId="96a4bd4a-d86b-433a-90ee-0acf5de6d5a0" testListId="8c84fa94-04c1-424b-9868-57a2d4851a1d" />
    <TestEntry testId="1ecf20dd-e681-8cd3-b6eb-47a03d2dc986" executionId="9e7a606c-888e-4aaa-93de-a1811dda8458" testListId="8c84fa94-04c1-424b-9868-57a2d4851a1d" />
    <TestEntry testId="16862212-2314-84d6-a3e7-28b47b1169a8" executionId="39d6f35f-4dbb-4ec5-aa9b-76586d96ba12" testListId="8c84fa94-04c1-424b-9868-57a2d4851a1d" />
    <TestEntry testId="17e1a237-94e5-82a6-94c2-dd3c935518ef" executionId="4cc1c218-7720-43fc-95e9-6631301efd2c" testListId="8c84fa94-04c1-424b-9868-57a2d4851a1d" />
    <TestEntry testId="17c43e03-eb29-803e-94b0-c409ba058d8b" executionId="c8a5122c-9cda-429a-be50-316f592d9727" testListId="8c84fa94-04c1-424b-9868-57a2d4851a1d" />
    <TestEntry testId="1747785b-52fe-80f9-bdbd-ef0dfdf2bd6b" executionId="83c635ea-b1ab-4d5b-bf43-885b19324aae" testListId="8c84fa94-04c1-424b-9868-57a2d4851a1d" />
    <TestEntry testId="1990df15-3025-8212-afa5-3b826c02f29f" executionId="15628ac9-9c96-4269-b89a-ebcb3e583ade" testListId="8c84fa94-04c1-424b-9868-57a2d4851a1d" />
    <TestEntry testId="188af0b5-0feb-849c-abf1-36e57678b9f1" executionId="40864b12-f1a8-45fc-b5f4-3456a92efb01" testListId="8c84fa94-04c1-424b-9868-57a2d4851a1d" />
    <TestEntry testId="1b2d0d1c-0020-8a9c-8aa8-b565c5954425" executionId="a708ec55-11f6-4ed2-b69c-44d609a6186a" testListId="8c84fa94-04c1-424b-9868-57a2d4851a1d" />
    <TestEntry testId="12d35a40-e230-8164-bc45-cbf8cf2f84b6" executionId="91e34f26-d7ea-457e-93cd-013c183da303" testListId="8c84fa94-04c1-424b-9868-57a2d4851a1d" />
    <TestEntry testId="14eb2754-ca91-89de-9265-b223af33fb06" executionId="fcab10ee-c1e7-46f1-a85f-4aa1174759d1" testListId="8c84fa94-04c1-424b-9868-57a2d4851a1d" />
    <TestEntry testId="18cb0f66-baa2-8c1f-9aee-0d4ffda07386" executionId="523c5e05-da0b-42b9-93c6-ab49f35909d0" testListId="8c84fa94-04c1-424b-9868-57a2d4851a1d" />
    <TestEntry testId="168af024-c2fe-81ad-bfd6-86d9babeadd6" executionId="b8f5cae1-d7c4-4e84-9cce-47a78e814810" testListId="8c84fa94-04c1-424b-9868-57a2d4851a1d" />
    <TestEntry testId="1821da1a-9592-8ae4-8a01-51aebaf5e6ce" executionId="4f4d11b0-924c-48f4-847e-5c589774bc33" testListId="8c84fa94-04c1-424b-9868-57a2d4851a1d" />
    <TestEntry testId="130f9aab-849f-89e1-9b04-707ce6246d74" executionId="c8b1f6cb-1681-4509-92bd-6e03bde734f0" testListId="8c84fa94-04c1-424b-9868-57a2d4851a1d" />
    <TestEntry testId="1b10397b-ce28-8c99-967e-837ed1ad4e20" executionId="80a0b6e3-40d3-4cd1-9e71-ea39fe651d6a" testListId="8c84fa94-04c1-424b-9868-57a2d4851a1d" />
    <TestEntry testId="13dc106b-429e-8455-82ae-b011eb4c6f6d" executionId="26c32b0e-ab00-4461-bc2f-f91fa49863d6" testListId="8c84fa94-04c1-424b-9868-57a2d4851a1d" />
    <TestEntry testId="1f210725-f288-8533-bf3c-60aacd517579" executionId="f372935a-86d0-4323-9bfd-36823ffab06b" testListId="8c84fa94-04c1-424b-9868-57a2d4851a1d" />
    <TestEntry testId="1e7a5c36-f1af-86e8-a357-d2426657e99a" executionId="39e581ae-3690-4a6f-aba8-4c22499de230" testListId="8c84fa94-04c1-424b-9868-57a2d4851a1d" />
    <TestEntry testId="1caf6e33-5538-884f-994c-86e86cd017d3" executionId="ad12a55e-ba13-4896-8904-8dec805851d3" testListId="8c84fa94-04c1-424b-9868-57a2d4851a1d" />
    <TestEntry testId="1f228d66-e6cb-80f8-a106-6e46274612ea" executionId="ff400b03-4ba6-4b05-ae95-036c9cc73994" testListId="8c84fa94-04c1-424b-9868-57a2d4851a1d" />
    <TestEntry testId="13decd07-f868-8284-aa4b-9ce0fa680c90" executionId="91144b4d-1832-4faf-9da8-1d4ca9c4d0d6" testListId="8c84fa94-04c1-424b-9868-57a2d4851a1d" />
    <TestEntry testId="1f281234-d09b-8feb-8e20-079ae6b6a065" executionId="f9c3b8f6-097f-4e77-893c-63c10ac56484" testListId="8c84fa94-04c1-424b-9868-57a2d4851a1d" />
    <TestEntry testId="14bbf482-0273-8d31-80c4-da62270c5e16" executionId="0df25cb4-f277-4527-8e7b-d615cf34e724" testListId="8c84fa94-04c1-424b-9868-57a2d4851a1d" />
    <TestEntry testId="112bdc94-e64f-82b2-98c4-0bce70910d41" executionId="6097692e-392b-4c91-b853-d09980da72a0" testListId="8c84fa94-04c1-424b-9868-57a2d4851a1d" />
    <TestEntry testId="1db0d55f-7ad7-86ba-bdb3-cda10b552c68" executionId="05d99109-b700-48f3-90cb-97215ff84249" testListId="8c84fa94-04c1-424b-9868-57a2d4851a1d" />
    <TestEntry testId="110de8d6-96b7-852d-abb0-68b870d2e0b0" executionId="eb6d65f2-fa8d-417a-b03e-ab1104c9ea42" testListId="8c84fa94-04c1-424b-9868-57a2d4851a1d" />
    <TestEntry testId="194dbfe4-6368-8de6-b181-349775d73dae" executionId="baa580ec-0462-4370-bb06-040f36a99dfd" testListId="8c84fa94-04c1-424b-9868-57a2d4851a1d" />
    <TestEntry testId="1fccdaf8-e1b6-840f-b08e-03090334cdc3" executionId="9ed63027-52f3-473e-86c1-b64ac39e5e57" testListId="8c84fa94-04c1-424b-9868-57a2d4851a1d" />
    <TestEntry testId="1f3fa92f-3d2a-81d7-bcbc-51434a09d5a8" executionId="55fe4727-5931-4c57-a65d-e70ff2e4872d" testListId="8c84fa94-04c1-424b-9868-57a2d4851a1d" />
    <TestEntry testId="112aad86-a51e-8f59-99cd-27098813f036" executionId="e812ee66-e04a-4d82-b516-65ce374419c5" testListId="8c84fa94-04c1-424b-9868-57a2d4851a1d" />
    <TestEntry testId="1ca2d86c-5f4d-846a-9b05-9e20de66c7d4" executionId="6c079332-b48e-4f8c-9d30-940ace1c767c" testListId="8c84fa94-04c1-424b-9868-57a2d4851a1d" />
    <TestEntry testId="1b7f39b2-dae0-8855-8976-248d520a5510" executionId="f68abf17-96da-46ee-b00d-23b9b9d7979b" testListId="8c84fa94-04c1-424b-9868-57a2d4851a1d" />
    <TestEntry testId="15dabeb9-0eba-8826-8f66-266944dd6b11" executionId="5aaeb765-efa0-4aeb-9609-84b8f94b9435" testListId="8c84fa94-04c1-424b-9868-57a2d4851a1d" />
    <TestEntry testId="1effc00f-cb29-8f88-8706-f355c30c8038" executionId="32e4cae7-bb73-43b0-a285-631ac87319f1" testListId="8c84fa94-04c1-424b-9868-57a2d4851a1d" />
    <TestEntry testId="1c5462dd-10fa-826e-a1dd-91ac88cfe913" executionId="c0c236e2-daf2-404f-ad10-6375b5d4b67c" testListId="8c84fa94-04c1-424b-9868-57a2d4851a1d" />
    <TestEntry testId="11eb7de8-15ea-815b-87f3-2d19ee54a017" executionId="99a860dd-0cba-4436-976f-dfa0dabc8cf9" testListId="8c84fa94-04c1-424b-9868-57a2d4851a1d" />
    <TestEntry testId="17fb4c5a-4676-843c-b4cd-25efeb3c38b0" executionId="5873dae2-9dad-4ffb-b23e-068a7567762a" testListId="8c84fa94-04c1-424b-9868-57a2d4851a1d" />
    <TestEntry testId="1571570f-2c3a-8ea3-916d-054b7ac8a9e7" executionId="91949bcb-7343-4d2c-8b56-7e4c41353808" testListId="8c84fa94-04c1-424b-9868-57a2d4851a1d" />
    <TestEntry testId="178068be-d321-86e6-b22d-b2049d490758" executionId="d62130fd-dc37-44b3-9496-e27ebc351c08" testListId="8c84fa94-04c1-424b-9868-57a2d4851a1d" />
    <TestEntry testId="1a849b75-8d82-8833-a558-e4a607521c87" executionId="220b88b3-aa3a-4a48-81ea-4df0785540f1" testListId="8c84fa94-04c1-424b-9868-57a2d4851a1d" />
    <TestEntry testId="12c4a96c-b404-8a45-9045-3b429a5109a7" executionId="92800e5b-bffa-4766-83fa-72779a82aad9" testListId="8c84fa94-04c1-424b-9868-57a2d4851a1d" />
    <TestEntry testId="1f4ffefb-79a0-8e72-8eba-126ee5d00bce" executionId="151c764d-8c90-41bf-b4d2-07ef3e0e6aeb" testListId="8c84fa94-04c1-424b-9868-57a2d4851a1d" />
    <TestEntry testId="13ecf362-e592-8d13-968c-ccf0cc4b4b8a" executionId="e091368a-b783-4d08-a5b8-61546618ccdf" testListId="8c84fa94-04c1-424b-9868-57a2d4851a1d" />
    <TestEntry testId="1d4e8fff-502d-8ae3-ab03-9d18cbeed81f" executionId="fac38cf8-4b72-4ea2-8da5-6dca83a9079e" testListId="8c84fa94-04c1-424b-9868-57a2d4851a1d" />
    <TestEntry testId="1402d172-c896-868f-bc84-5f42a6766672" executionId="3077ad2d-8798-4f9c-80f3-1d3c770ff97e" testListId="8c84fa94-04c1-424b-9868-57a2d4851a1d" />
    <TestEntry testId="10e540a9-b506-8af6-8e61-48d9669f765a" executionId="ec679226-7210-4f37-9c56-f4b3ec3962da" testListId="8c84fa94-04c1-424b-9868-57a2d4851a1d" />
    <TestEntry testId="1baa5d61-7bb3-8751-8c13-2cf589b4126c" executionId="3d675cd8-e421-41f3-a0b0-754867fa2db3" testListId="8c84fa94-04c1-424b-9868-57a2d4851a1d" />
    <TestEntry testId="12ae1d5e-fcc0-85f0-a305-aab2a589529e" executionId="6261ecb6-913c-452e-87cd-68ccff16a768" testListId="8c84fa94-04c1-424b-9868-57a2d4851a1d" />
    <TestEntry testId="10cd1121-c2e7-879e-b289-f7feaa707681" executionId="9c4bf886-8b8e-4b91-a8fd-9bea1cc20c99" testListId="8c84fa94-04c1-424b-9868-57a2d4851a1d" />
    <TestEntry testId="11123a1c-6cde-87f3-ae08-f1daf2cb1edc" executionId="1b14db20-5a48-4e86-8fa3-ebc7b0343f6f" testListId="8c84fa94-04c1-424b-9868-57a2d4851a1d" />
    <TestEntry testId="11da9ac3-9117-8f1a-ae36-79b54311e75c" executionId="e3a956d2-d370-4ed2-b171-5266110c100a" testListId="8c84fa94-04c1-424b-9868-57a2d4851a1d" />
    <TestEntry testId="106caa12-a41a-8a0e-801b-236a21b27264" executionId="fae361b3-a7b5-4529-9830-08bb4ceb504a" testListId="8c84fa94-04c1-424b-9868-57a2d4851a1d" />
    <TestEntry testId="1fa9fde6-1426-8b0c-85b1-cdf2fd83cb4a" executionId="15e24bf5-96d9-481f-9ba6-8dbeb8ee1034" testListId="8c84fa94-04c1-424b-9868-57a2d4851a1d" />
    <TestEntry testId="1e751c67-04cc-8e22-abb0-ae2b80e0003e" executionId="7c9691cb-9053-4252-a3c2-f60d8690df0d" testListId="8c84fa94-04c1-424b-9868-57a2d4851a1d" />
    <TestEntry testId="16b8eb5c-f0fd-84a2-9ace-dfd580b10749" executionId="51c2e3a2-599b-4751-83bb-a76e3067158b" testListId="8c84fa94-04c1-424b-9868-57a2d4851a1d" />
    <TestEntry testId="103818f2-eaef-8481-a04e-926a9b7e0199" executionId="82ba9f2d-2709-41a2-9504-b0b103088385" testListId="8c84fa94-04c1-424b-9868-57a2d4851a1d" />
    <TestEntry testId="1bdf605c-f3da-8d5b-833c-8d299b39dec9" executionId="4d67401b-779e-40ae-8274-564d7edfd78f" testListId="8c84fa94-04c1-424b-9868-57a2d4851a1d" />
    <TestEntry testId="131931e3-3abf-84f3-8f86-3cb4fa2786a9" executionId="4dbca55e-0e3b-4430-8dd0-4c7fb068ae96" testListId="8c84fa94-04c1-424b-9868-57a2d4851a1d" />
    <TestEntry testId="1c04249f-d60f-8253-ad3f-22e88750859f" executionId="20f9a23b-6fcf-42aa-911e-a137b76b80fa" testListId="8c84fa94-04c1-424b-9868-57a2d4851a1d" />
    <TestEntry testId="1cbc2c0e-2426-87e9-b75b-60e483b5530e" executionId="d7e62eeb-ffc7-4243-a4ba-b03ecd9e38bd" testListId="8c84fa94-04c1-424b-9868-57a2d4851a1d" />
    <TestEntry testId="1962658d-1e40-87f7-afb1-105196499a6a" executionId="628c1d5b-5463-40d8-a2bf-f0ef54c78182" testListId="8c84fa94-04c1-424b-9868-57a2d4851a1d" />
    <TestEntry testId="140cf08d-cc78-887b-b0f0-af7fd5fcf023" executionId="ac7ae252-ea1e-43bb-9cdc-d9235f1b7bae" testListId="8c84fa94-04c1-424b-9868-57a2d4851a1d" />
    <TestEntry testId="120e3139-1426-88bd-b861-3f9afdb52145" executionId="e030ac55-4dc3-4b4e-a6ee-9f6c70afd711" testListId="8c84fa94-04c1-424b-9868-57a2d4851a1d" />
    <TestEntry testId="17f00912-d9bc-8b08-b0b8-d489c1ed7481" executionId="70da65be-cfa0-4f0b-adc5-7200fa7a3c32" testListId="8c84fa94-04c1-424b-9868-57a2d4851a1d" />
    <TestEntry testId="1c5e2d97-982e-8774-8720-52ffeb3d6cfb" executionId="04959fea-32f7-4f99-9650-687769d895e7" testListId="8c84fa94-04c1-424b-9868-57a2d4851a1d" />
    <TestEntry testId="14d89a0a-7c8d-88f7-a747-aa058c5a42f6" executionId="57da536e-5c7e-4947-bd31-36bee5708297" testListId="8c84fa94-04c1-424b-9868-57a2d4851a1d" />
    <TestEntry testId="12897d70-6b6f-883a-b8cd-3fb7fc9f70b1" executionId="68f08e2a-5904-41aa-ae7d-6e9ab4e6a8a8" testListId="8c84fa94-04c1-424b-9868-57a2d4851a1d" />
    <TestEntry testId="10f928af-aa2c-849f-9218-ae1be1af1c06" executionId="8f691ed0-8493-4e12-a85c-031f7a302d71" testListId="8c84fa94-04c1-424b-9868-57a2d4851a1d" />
    <TestEntry testId="14968dd5-a7bf-8ae8-a271-4fef7ef760c7" executionId="40308fe9-6b72-470b-ac49-9d0eb1afeedc" testListId="8c84fa94-04c1-424b-9868-57a2d4851a1d" />
    <TestEntry testId="1f5506f6-f175-80dd-9e79-dba07e5c785b" executionId="5a005de0-b347-4c77-97a0-894d324bb9de" testListId="8c84fa94-04c1-424b-9868-57a2d4851a1d" />
    <TestEntry testId="1e25d6ad-849f-84a2-a413-50d5f4d74166" executionId="1c23ce8b-298b-4dd2-af4a-90b35d47a59d" testListId="8c84fa94-04c1-424b-9868-57a2d4851a1d" />
    <TestEntry testId="11067293-26c2-87cd-8ffd-e83630e481dd" executionId="ed19b5c3-1123-4a89-82ed-6fa746265dd3" testListId="8c84fa94-04c1-424b-9868-57a2d4851a1d" />
    <TestEntry testId="17ea1d85-d7a0-8f5e-a0ad-a0e27b97fb16" executionId="88fe55dc-7bc0-4207-af20-8dce8f6eb713" testListId="8c84fa94-04c1-424b-9868-57a2d4851a1d" />
    <TestEntry testId="12eec827-5d36-802a-a4b4-5602d172134f" executionId="478a3040-ca73-4ebf-ab14-71bfa260c59a" testListId="8c84fa94-04c1-424b-9868-57a2d4851a1d" />
    <TestEntry testId="1b39b368-d7f8-85c8-b8ce-9fb88366682d" executionId="d9d1f75c-0a2b-4903-890c-852320049c4a" testListId="8c84fa94-04c1-424b-9868-57a2d4851a1d" />
    <TestEntry testId="12ff928a-8c81-8a38-9862-57f26089429b" executionId="bc0ce40a-c0a6-4b58-8856-3e9ca9a4a4e6" testListId="8c84fa94-04c1-424b-9868-57a2d4851a1d" />
    <TestEntry testId="1991cba7-18db-8ede-8cff-edc5fcf15dac" executionId="367d4492-07b1-437e-89e7-c4ecbe564ba5" testListId="8c84fa94-04c1-424b-9868-57a2d4851a1d" />
    <TestEntry testId="1f26a837-f7d9-814c-a7b4-4b55091b819b" executionId="ef0b15db-a3a6-4204-9d50-de0747469e0b" testListId="8c84fa94-04c1-424b-9868-57a2d4851a1d" />
    <TestEntry testId="13fd866a-c485-892c-b4e8-4fa6508a6ab9" executionId="b798b943-cb1b-4962-ac79-968b217dbeaf" testListId="8c84fa94-04c1-424b-9868-57a2d4851a1d" />
    <TestEntry testId="1b8e6f8a-a240-8f1e-862a-c466006bb2f1" executionId="91bea822-6593-4c0f-b49b-91eeacf7a390" testListId="8c84fa94-04c1-424b-9868-57a2d4851a1d" />
    <TestEntry testId="170de74f-9f1b-8237-9857-45687f9aeab0" executionId="a864fde7-6018-42fc-b1b0-f317a18af90a" testListId="8c84fa94-04c1-424b-9868-57a2d4851a1d" />
    <TestEntry testId="13be2cf4-effd-8be3-a6f9-24ff7d1e55b4" executionId="ee309128-af60-443e-8a75-afbb0bca151a" testListId="8c84fa94-04c1-424b-9868-57a2d4851a1d" />
    <TestEntry testId="1fd54f48-e509-81d0-98bf-ad03bc5e8afe" executionId="504bc93e-b88a-4718-98fc-975d14ab4614" testListId="8c84fa94-04c1-424b-9868-57a2d4851a1d" />
    <TestEntry testId="151325c6-6376-87a7-9516-4756cb82e334" executionId="bfb7eddc-467a-4834-bf8a-5fa91a6eed6a" testListId="8c84fa94-04c1-424b-9868-57a2d4851a1d" />
    <TestEntry testId="14a54f0b-c92e-8fff-86dd-d62bef25d8f1" executionId="05826046-48d5-4448-8a97-0fd661e1755f" testListId="8c84fa94-04c1-424b-9868-57a2d4851a1d" />
    <TestEntry testId="1c4f2ad2-af96-8bd3-ad58-49083bc79744" executionId="2c0b7338-a908-428f-a233-7ca54f87a3c3" testListId="8c84fa94-04c1-424b-9868-57a2d4851a1d" />
    <TestEntry testId="16bdc655-08a0-8d2e-9fa6-9be00b4922db" executionId="fce44727-0596-40b7-93e7-86208a4bb91a" testListId="8c84fa94-04c1-424b-9868-57a2d4851a1d" />
    <TestEntry testId="19869e73-9135-8e0d-a64b-583cb37ff646" executionId="d0741fa2-7520-4ec0-ad6a-ef904c6cca9d" testListId="8c84fa94-04c1-424b-9868-57a2d4851a1d" />
    <TestEntry testId="1595e320-1e02-8e45-8147-0f717105d5da" executionId="1fb46f57-27cb-4720-b9dc-dabdcf237633" testListId="8c84fa94-04c1-424b-9868-57a2d4851a1d" />
    <TestEntry testId="1156e44e-ca4d-898e-be4e-2e124683f357" executionId="88ad26d6-bbfb-4f9a-9472-afdaaae02700" testListId="8c84fa94-04c1-424b-9868-57a2d4851a1d" />
  </TestEntries>
  <TestLists>
    <TestList name="Results Not in a List" id="8c84fa94-04c1-424b-9868-57a2d4851a1d" />
    <TestList name="All Loaded Results" id="19431567-8539-422a-85d7-44ee4e166bda" />
  </TestLists>
  <ResultSummary outcome="Completed">
    <Counters total="143" executed="143" passed="143" failed="0" error="0" timeout="0" aborted="0" inconclusive="0" passedButRunAborted="0" notRunnable="0" notExecuted="0" disconnected="0" warning="0" completed="0" inProgress="0" pending="0" />
    <Output>
      <StdOut>Test Parallelization enabled for c:\Users\ivans\Desktop\Dev\E-commerce\src\backend\ECommerce.Tests\bin\Debug\net10.0\ECommerce.Tests.dll (Workers: 16, Scope: MethodLevel)&#xD;
</StdOut>
    </Output>
  </ResultSummary>
</TestRun>